#
# There is insufficient memory for the Java Runtime Environment to continue.
# Native memory allocation (malloc) failed to allocate 1109616 bytes for Chunk::new
# Possible reasons:
#   The system is out of physical RAM or swap space
#   The process is running with CompressedOops enabled, and the Java Heap may be blocking the growth of the native heap
# Possible solutions:
#   Reduce memory load on the system
#   Increase physical memory or swap space
#   Check if swap backing store is full
#   Decrease Java heap size (-Xmx/-Xms)
#   Decrease number of Java threads
#   Decrease Java thread stack sizes (-Xss)
#   Set larger code cache with -XX:ReservedCodeCacheSize=
#   JVM is running with Unscaled Compressed Oops mode in which the Java heap is
#     placed in the first 4GB address space. The Java Heap base address is the
#     maximum limit for the native heap growth. Please use -XX:HeapBaseMinAddress
#     to set the Java Heap base and to place the Java Heap above 4GB virtual address.
# This output file may be truncated or incomplete.
#
#  Out of Memory Error (./src/hotspot/share/memory/arena.cpp:197), pid=5512, tid=9680
#
# JRE version: OpenJDK Runtime Environment (11.0.10) (build 11.0.10+0-b96-7249189)
# Java VM: OpenJDK 64-Bit Server VM (11.0.10+0-b96-7249189, mixed mode, tiered, compressed oops, g1 gc, windows-amd64)
# No core dump will be written. Minidumps are not enabled by default on client versions of Windows
#

---------------  S U M M A R Y ------------

Command Line: --add-opens=java.base/java.util=ALL-UNNAMED --add-opens=java.base/java.lang=ALL-UNNAMED --add-opens=java.base/java.lang.invoke=ALL-UNNAMED --add-opens=java.base/java.util=ALL-UNNAMED --add-opens=java.prefs/java.util.prefs=ALL-UNNAMED --add-opens=java.prefs/java.util.prefs=ALL-UNNAMED --add-opens=java.base/java.nio.charset=ALL-UNNAMED --add-opens=java.base/java.net=ALL-UNNAMED --add-opens=java.base/java.util.concurrent.atomic=ALL-UNNAMED -Xmx2048m -Dfile.encoding=UTF-8 -Duser.country=US -Duser.language=en -Duser.variant org.gradle.launcher.daemon.bootstrap.GradleDaemon 7.0.2

Host: 11th Gen Intel(R) Core(TM) i5-1135G7 @ 2.40GHz, 8 cores, 7G,  Windows 10 , 64 bit Build 19041 (10.0.19041.1348)
Time: Sat Dec  4 15:45:54 2021 SE Asia Standard Time elapsed time: 6.252477 seconds (0d 0h 0m 6s)

---------------  T H R E A D  ---------------

Current thread (0x000001eaa9a8b000):  JavaThread "C2 CompilerThread1" daemon [_thread_in_native, id=9680, stack(0x0000000f00400000,0x0000000f00500000)]


Current CompileTask:
C2:   6252 7078       4       org.gradle.internal.reflect.ClassInspector::inspectClass (179 bytes)

Stack: [0x0000000f00400000,0x0000000f00500000]
Native frames: (J=compiled Java code, j=interpreted, Vv=VM code, C=native code)
V  [jvm.dll+0x5ecfaa]
V  [jvm.dll+0x722bd5]
V  [jvm.dll+0x72412d]
V  [jvm.dll+0x7247e3]
V  [jvm.dll+0x242928]
V  [jvm.dll+0xbc4fc]
V  [jvm.dll+0xbca0c]
V  [jvm.dll+0x352d7d]
V  [jvm.dll+0x320ad3]
V  [jvm.dll+0x31ffca]
V  [jvm.dll+0x1fb602]
V  [jvm.dll+0x1fa7f4]
V  [jvm.dll+0x18354c]
V  [jvm.dll+0x208ee7]
V  [jvm.dll+0x207731]
V  [jvm.dll+0x6eb1cf]
V  [jvm.dll+0x6e3d45]
V  [jvm.dll+0x5ebe96]
C  [ucrtbase.dll+0x21bb2]
C  [KERNEL32.DLL+0x17034]
C  [ntdll.dll+0x52651]


---------------  P R O C E S S  ---------------

Threads class SMR info:
_java_thread_list=0x000001eaadeca3f0, length=52, elements={
0x000001ea8b4da800, 0x000001eaa6129000, 0x000001eaa612a800, 0x000001eaa6ab4800,
0x000001eaa6ab9000, 0x000001eaa6aba000, 0x000001eaa6abc000, 0x000001eaa6abd800,
0x000001eaa6abe800, 0x000001eaa6c05800, 0x000001eaa9bfc000, 0x000001eaa6d22000,
0x000001eaa9a4a800, 0x000001eaa8919000, 0x000001eaa83e4000, 0x000001eaa8504000,
0x000001eaa919d800, 0x000001eaa8903000, 0x000001eaa8cc3800, 0x000001eaa9d29000,
0x000001eaa9d27000, 0x000001eaa9d2a000, 0x000001eaa9d2b000, 0x000001eaa9a8b000,
0x000001eaa9d25000, 0x000001eaa9d27800, 0x000001eaa9d2b800, 0x000001eaa9d28800,
0x000001eaa9d26000, 0x000001eaabc0f800, 0x000001eaabe25000, 0x000001eaabe25800,
0x000001eaabe21800, 0x000001eaabe27800, 0x000001eaabe24000, 0x000001eaabe28000,
0x000001eaabe22800, 0x000001eaabe2e800, 0x000001eaabe2d000, 0x000001eaabe2b800,
0x000001eaabe2a000, 0x000001eaabe2a800, 0x000001eaabe29000, 0x000001eaabe2c000,
0x000001eaabe2e000, 0x000001eaabe2f800, 0x000001eaabe30800, 0x000001eaaa7e8000,
0x000001eaaa7e3800, 0x000001eaaa7e2000, 0x000001eaaa7e4800, 0x000001eaaa7e5800
}

Java Threads: ( => current thread )
  0x000001ea8b4da800 JavaThread "main" [_thread_blocked, id=4176, stack(0x0000000f7de00000,0x0000000f7df00000)]
  0x000001eaa6129000 JavaThread "Reference Handler" daemon [_thread_blocked, id=10456, stack(0x0000000f7e500000,0x0000000f7e600000)]
  0x000001eaa612a800 JavaThread "Finalizer" daemon [_thread_blocked, id=3024, stack(0x0000000f7e600000,0x0000000f7e700000)]
  0x000001eaa6ab4800 JavaThread "Signal Dispatcher" daemon [_thread_blocked, id=14108, stack(0x0000000f7e700000,0x0000000f7e800000)]
  0x000001eaa6ab9000 JavaThread "Attach Listener" daemon [_thread_blocked, id=16072, stack(0x0000000f7e800000,0x0000000f7e900000)]
  0x000001eaa6aba000 JavaThread "Service Thread" daemon [_thread_blocked, id=1356, stack(0x0000000f7e900000,0x0000000f7ea00000)]
  0x000001eaa6abc000 JavaThread "C2 CompilerThread0" daemon [_thread_in_native, id=8108, stack(0x0000000f7ea00000,0x0000000f7eb00000)]
  0x000001eaa6abd800 JavaThread "C1 CompilerThread0" daemon [_thread_in_native, id=7944, stack(0x0000000f7eb00000,0x0000000f7ec00000)]
  0x000001eaa6abe800 JavaThread "Sweeper thread" daemon [_thread_blocked, id=14196, stack(0x0000000f7ec00000,0x0000000f7ed00000)]
  0x000001eaa6c05800 JavaThread "Common-Cleaner" daemon [_thread_blocked, id=12304, stack(0x0000000f7ed00000,0x0000000f7ee00000)]
  0x000001eaa9bfc000 JavaThread "Daemon health stats" [_thread_blocked, id=2268, stack(0x0000000f7f200000,0x0000000f7f300000)]
  0x000001eaa6d22000 JavaThread "Incoming local TCP Connector on port 64128" [_thread_in_native, id=744, stack(0x0000000f7ef00000,0x0000000f7f000000)]
  0x000001eaa9a4a800 JavaThread "Daemon periodic checks" [_thread_blocked, id=8800, stack(0x0000000f7f000000,0x0000000f7f100000)]
  0x000001eaa8919000 JavaThread "Daemon" [_thread_blocked, id=2652, stack(0x0000000f7f300000,0x0000000f7f400000)]
  0x000001eaa83e4000 JavaThread "Handler for socket connection from /127.0.0.1:64128 to /127.0.0.1:64129" [_thread_in_native, id=4036, stack(0x0000000f7f400000,0x0000000f7f500000)]
  0x000001eaa8504000 JavaThread "Cancel handler" [_thread_blocked, id=5932, stack(0x0000000f7f500000,0x0000000f7f600000)]
  0x000001eaa919d800 JavaThread "Daemon worker" [_thread_in_vm, id=4340, stack(0x0000000f7f600000,0x0000000f7f700000)]
  0x000001eaa8903000 JavaThread "Asynchronous log dispatcher for DefaultDaemonConnection: socket connection from /127.0.0.1:64128 to /127.0.0.1:64129" [_thread_blocked, id=9504, stack(0x0000000f7f700000,0x0000000f7f800000)]
  0x000001eaa8cc3800 JavaThread "Stdin handler" [_thread_blocked, id=3804, stack(0x0000000f7f800000,0x0000000f7f900000)]
  0x000001eaa9d29000 JavaThread "Daemon client event forwarder" [_thread_blocked, id=15664, stack(0x0000000f7f900000,0x0000000f7fa00000)]
  0x000001eaa9d27000 JavaThread "Cache worker for file hash cache (C:\Users\Dell\.gradle\caches\7.0.2\fileHashes)" [_thread_blocked, id=16224, stack(0x0000000f00000000,0x0000000f00100000)]
  0x000001eaa9d2a000 JavaThread "File lock request listener" [_thread_in_native, id=15080, stack(0x0000000f00100000,0x0000000f00200000)]
  0x000001eaa9d2b000 JavaThread "Cache worker for journal cache (C:\Users\Dell\.gradle\caches\journal-1)" [_thread_blocked, id=12680, stack(0x0000000f00300000,0x0000000f00400000)]
=>0x000001eaa9a8b000 JavaThread "C2 CompilerThread1" daemon [_thread_in_native, id=9680, stack(0x0000000f00400000,0x0000000f00500000)]
  0x000001eaa9d25000 JavaThread "Cache worker for file hash cache (D:\LapTrinhDiDong\UpLoadGit\ChayThu\bookShop\ShopBanSach2\.gradle\7.0.2\fileHashes)" [_thread_blocked, id=14380, stack(0x0000000f00500000,0x0000000f00600000)]
  0x000001eaa9d27800 JavaThread "File watcher server" daemon [_thread_in_native, id=9156, stack(0x0000000f00600000,0x0000000f00700000)]
  0x000001eaa9d2b800 JavaThread "File watcher consumer" daemon [_thread_blocked, id=1972, stack(0x0000000f00700000,0x0000000f00800000)]
  0x000001eaa9d28800 JavaThread "Cache worker for checksums cache (D:\LapTrinhDiDong\UpLoadGit\ChayThu\bookShop\ShopBanSach2\.gradle\checksums)" [_thread_blocked, id=6200, stack(0x0000000f00800000,0x0000000f00900000)]
  0x000001eaa9d26000 JavaThread "Cache worker for cache directory md-supplier (C:\Users\Dell\.gradle\caches\7.0.2\md-supplier)" [_thread_blocked, id=14820, stack(0x0000000f00900000,0x0000000f00a00000)]
  0x000001eaabc0f800 JavaThread "C2 CompilerThread2" daemon [_thread_in_native, id=13304, stack(0x0000000f00a00000,0x0000000f00b00000)]
  0x000001eaabe25000 JavaThread "Cache worker for cache directory md-rule (C:\Users\Dell\.gradle\caches\7.0.2\md-rule)" [_thread_blocked, id=5148, stack(0x0000000f00b00000,0x0000000f00c00000)]
  0x000001eaabe25800 JavaThread "Cache worker for execution history cache (C:\Users\Dell\.gradle\caches\7.0.2\executionHistory)" [_thread_blocked, id=9780, stack(0x0000000f00c00000,0x0000000f00d00000)]
  0x000001eaabe21800 JavaThread "jar transforms" [_thread_blocked, id=9676, stack(0x0000000f00d00000,0x0000000f00e00000)]
  0x000001eaabe27800 JavaThread "jar transforms Thread 2" [_thread_blocked, id=12380, stack(0x0000000f00e00000,0x0000000f00f00000)]
  0x000001eaabe24000 JavaThread "Cache worker for file content cache (C:\Users\Dell\.gradle\caches\7.0.2\fileContent)" [_thread_blocked, id=14640, stack(0x0000000f00f00000,0x0000000f01000000)]
  0x000001eaabe28000 JavaThread "Cache worker for dependencies-accessors (D:\LapTrinhDiDong\UpLoadGit\ChayThu\bookShop\ShopBanSach2\.gradle\7.0.2\dependencies-accessors)" [_thread_blocked, id=5360, stack(0x0000000f01000000,0x0000000f01100000)]
  0x000001eaabe22800 JavaThread "jar transforms Thread 3" [_thread_blocked, id=1980, stack(0x0000000f01100000,0x0000000f01200000)]
  0x000001eaabe2e800 JavaThread "Cache worker for Build Output Cleanup Cache (D:\LapTrinhDiDong\UpLoadGit\ChayThu\bookShop\ShopBanSach2\.gradle\buildOutputCleanup)" [_thread_blocked, id=10568, stack(0x0000000f01200000,0x0000000f01300000)]
  0x000001eaabe2d000 JavaThread "Build operations" [_thread_blocked, id=9860, stack(0x0000000f01300000,0x0000000f01400000)]
  0x000001eaabe2b800 JavaThread "Build operations Thread 2" [_thread_blocked, id=14772, stack(0x0000000f01400000,0x0000000f01500000)]
  0x000001eaabe2a000 JavaThread "Build operations Thread 3" [_thread_blocked, id=10160, stack(0x0000000f01500000,0x0000000f01600000)]
  0x000001eaabe2a800 JavaThread "Build operations Thread 4" [_thread_blocked, id=9628, stack(0x0000000f01600000,0x0000000f01700000)]
  0x000001eaabe29000 JavaThread "Build operations Thread 5" [_thread_blocked, id=11620, stack(0x0000000f01700000,0x0000000f01800000)]
  0x000001eaabe2c000 JavaThread "Build operations Thread 6" [_thread_blocked, id=12136, stack(0x0000000f01800000,0x0000000f01900000)]
  0x000001eaabe2e000 JavaThread "Build operations Thread 7" [_thread_blocked, id=12248, stack(0x0000000f01900000,0x0000000f01a00000)]
  0x000001eaabe2f800 JavaThread "Build operations Thread 8" [_thread_blocked, id=8940, stack(0x0000000f01a00000,0x0000000f01b00000)]
  0x000001eaabe30800 JavaThread "jar transforms Thread 4" [_thread_blocked, id=9920, stack(0x0000000f01b00000,0x0000000f01c00000)]
  0x000001eaaa7e8000 JavaThread "jar transforms Thread 5" [_thread_blocked, id=5256, stack(0x0000000f01c00000,0x0000000f01d00000)]
  0x000001eaaa7e3800 JavaThread "jar transforms Thread 6" [_thread_blocked, id=13356, stack(0x0000000f01d00000,0x0000000f01e00000)]
  0x000001eaaa7e2000 JavaThread "jar transforms Thread 7" [_thread_blocked, id=6280, stack(0x0000000f01e00000,0x0000000f01f00000)]
  0x000001eaaa7e4800 JavaThread "jar transforms Thread 8" [_thread_blocked, id=8724, stack(0x0000000f01f00000,0x0000000f02000000)]
  0x000001eaaa7e5800 JavaThread "Memory manager" [_thread_blocked, id=9260, stack(0x0000000f02000000,0x0000000f02100000)]

Other Threads:
  0x000001eaa6124800 VMThread "VM Thread" [stack: 0x0000000f7e400000,0x0000000f7e500000] [id=9996]
  0x000001eaa6c5b000 WatcherThread [stack: 0x0000000f7ee00000,0x0000000f7ef00000] [id=16244]
  0x000001ea8b4f4000 GCTaskThread "GC Thread#0" [stack: 0x0000000f7df00000,0x0000000f7e000000] [id=13732]
  0x000001eaa77c5800 GCTaskThread "GC Thread#1" [stack: 0x0000000f7f100000,0x0000000f7f200000] [id=15740]
  0x000001eaa944f000 GCTaskThread "GC Thread#2" [stack: 0x0000000f7fa00000,0x0000000f7fb00000] [id=2044]
  0x000001eaa7e4e800 GCTaskThread "GC Thread#3" [stack: 0x0000000f7fb00000,0x0000000f7fc00000] [id=6120]
  0x000001eaa7908800 GCTaskThread "GC Thread#4" [stack: 0x0000000f7fc00000,0x0000000f7fd00000] [id=13412]
  0x000001eaa8ea0800 GCTaskThread "GC Thread#5" [stack: 0x0000000f7fd00000,0x0000000f7fe00000] [id=5288]
  0x000001eaa8cc2000 GCTaskThread "GC Thread#6" [stack: 0x0000000f7fe00000,0x0000000f7ff00000] [id=6956]
  0x000001eaa823e000 GCTaskThread "GC Thread#7" [stack: 0x0000000f7ff00000,0x0000000f80000000] [id=11416]
  0x000001ea8b528000 ConcurrentGCThread "G1 Main Marker" [stack: 0x0000000f7e000000,0x0000000f7e100000] [id=8096]
  0x000001ea8b529800 ConcurrentGCThread "G1 Conc#0" [stack: 0x0000000f7e100000,0x0000000f7e200000] [id=4268]
  0x000001eaa80f1000 ConcurrentGCThread "G1 Conc#1" [stack: 0x0000000f00200000,0x0000000f00300000] [id=13936]
  0x000001eaa5f72800 ConcurrentGCThread "G1 Refine#0" [stack: 0x0000000f7e200000,0x0000000f7e300000] [id=15744]
  0x000001eaa5f78800 ConcurrentGCThread "G1 Young RemSet Sampling" [stack: 0x0000000f7e300000,0x0000000f7e400000] [id=13208]

Threads with active compile tasks:
C2 CompilerThread0   6267 7054       4       org.gradle.internal.instantiation.generator.AbstractClassGenerator$ClassMetadata::property (42 bytes)
C1 CompilerThread0   6267 7197       3       org.apache.commons.io.FilenameUtils::getPrefixLength (300 bytes)
C2 CompilerThread1   6267 7078       4       org.gradle.internal.reflect.ClassInspector::inspectClass (179 bytes)
C2 CompilerThread2   6267 7125       4       com.google.common.collect.ImmutableMap$Builder::put (53 bytes)

VM state:not at safepoint (normal execution)

VM Mutex/Monitor currently owned by a thread: None

Heap address: 0x0000000080000000, size: 2048 MB, Compressed Oops mode: 32-bit
Narrow klass base: 0x0000000000000000, Narrow klass shift: 3
Compressed class space size: 1073741824 Address: 0x0000000100000000

Heap:
 garbage-first heap   total 183296K, used 111495K [0x0000000080000000, 0x0000000100000000)
  region size 1024K, 61 young (62464K), 6 survivors (6144K)
 Metaspace       used 75931K, capacity 77732K, committed 77952K, reserved 1116160K
  class space    used 9897K, capacity 10565K, committed 10624K, reserved 1048576K
Heap Regions: E=young(eden), S=young(survivor), O=old, HS=humongous(starts), HC=humongous(continues), CS=collection set, F=free, A=archive, TAMS=top-at-mark-start (previous, next)
|   0|0x0000000080000000, 0x0000000080100000, 0x0000000080100000|100%| O|  |TAMS 0x0000000080100000, 0x0000000080000000| Untracked 
|   1|0x0000000080100000, 0x0000000080200000, 0x0000000080200000|100%| O|  |TAMS 0x0000000080200000, 0x0000000080100000| Untracked 
|   2|0x0000000080200000, 0x0000000080300000, 0x0000000080300000|100%| O|  |TAMS 0x0000000080300000, 0x0000000080200000| Untracked 
|   3|0x0000000080300000, 0x0000000080400000, 0x0000000080400000|100%|HS|  |TAMS 0x0000000080400000, 0x0000000080300000| Complete 
|   4|0x0000000080400000, 0x0000000080500000, 0x0000000080500000|100%|HC|  |TAMS 0x0000000080500000, 0x0000000080400000| Complete 
|   5|0x0000000080500000, 0x0000000080600000, 0x0000000080600000|100%|HC|  |TAMS 0x0000000080600000, 0x0000000080500000| Complete 
|   6|0x0000000080600000, 0x0000000080700000, 0x0000000080700000|100%| O|  |TAMS 0x0000000080700000, 0x0000000080600000| Untracked 
|   7|0x0000000080700000, 0x0000000080800000, 0x0000000080800000|100%| O|  |TAMS 0x0000000080800000, 0x0000000080700000| Untracked 
|   8|0x0000000080800000, 0x0000000080900000, 0x0000000080900000|100%| O|  |TAMS 0x0000000080900000, 0x0000000080800000| Untracked 
|   9|0x0000000080900000, 0x0000000080a00000, 0x0000000080a00000|100%| O|  |TAMS 0x0000000080a00000, 0x0000000080900000| Untracked 
|  10|0x0000000080a00000, 0x0000000080b00000, 0x0000000080b00000|100%| O|  |TAMS 0x0000000080b00000, 0x0000000080a00000| Untracked 
|  11|0x0000000080b00000, 0x0000000080c00000, 0x0000000080c00000|100%| O|  |TAMS 0x0000000080c00000, 0x0000000080b00000| Untracked 
|  12|0x0000000080c00000, 0x0000000080d00000, 0x0000000080d00000|100%| O|  |TAMS 0x0000000080d00000, 0x0000000080c00000| Untracked 
|  13|0x0000000080d00000, 0x0000000080e00000, 0x0000000080e00000|100%| O|  |TAMS 0x0000000080e00000, 0x0000000080d00000| Untracked 
|  14|0x0000000080e00000, 0x0000000080f00000, 0x0000000080f00000|100%| O|  |TAMS 0x0000000080f00000, 0x0000000080e00000| Untracked 
|  15|0x0000000080f00000, 0x0000000081000000, 0x0000000081000000|100%| O|  |TAMS 0x0000000081000000, 0x0000000080f00000| Untracked 
|  16|0x0000000081000000, 0x0000000081100000, 0x0000000081100000|100%| O|  |TAMS 0x0000000081100000, 0x0000000081000000| Untracked 
|  17|0x0000000081100000, 0x0000000081200000, 0x0000000081200000|100%| O|  |TAMS 0x0000000081200000, 0x0000000081100000| Untracked 
|  18|0x0000000081200000, 0x0000000081300000, 0x0000000081300000|100%|HS|  |TAMS 0x0000000081300000, 0x0000000081200000| Complete 
|  19|0x0000000081300000, 0x0000000081400000, 0x0000000081400000|100%| O|  |TAMS 0x0000000081400000, 0x0000000081300000| Untracked 
|  20|0x0000000081400000, 0x0000000081500000, 0x0000000081500000|100%| O|  |TAMS 0x0000000081500000, 0x0000000081400000| Untracked 
|  21|0x0000000081500000, 0x0000000081600000, 0x0000000081600000|100%| O|  |TAMS 0x0000000081600000, 0x0000000081500000| Untracked 
|  22|0x0000000081600000, 0x0000000081700000, 0x0000000081700000|100%| O|  |TAMS 0x0000000081700000, 0x0000000081600000| Untracked 
|  23|0x0000000081700000, 0x0000000081800000, 0x0000000081800000|100%|HS|  |TAMS 0x0000000081800000, 0x0000000081700000| Complete 
|  24|0x0000000081800000, 0x0000000081900000, 0x0000000081900000|100%|HS|  |TAMS 0x0000000081900000, 0x0000000081800000| Complete 
|  25|0x0000000081900000, 0x0000000081a00000, 0x0000000081a00000|100%|HC|  |TAMS 0x0000000081a00000, 0x0000000081900000| Complete 
|  26|0x0000000081a00000, 0x0000000081b00000, 0x0000000081b00000|100%| O|  |TAMS 0x0000000081b00000, 0x0000000081a00000| Untracked 
|  27|0x0000000081b00000, 0x0000000081c00000, 0x0000000081c00000|100%| O|  |TAMS 0x0000000081c00000, 0x0000000081b00000| Untracked 
|  28|0x0000000081c00000, 0x0000000081d00000, 0x0000000081d00000|100%| O|  |TAMS 0x0000000081d00000, 0x0000000081c00000| Untracked 
|  29|0x0000000081d00000, 0x0000000081e00000, 0x0000000081e00000|100%| O|  |TAMS 0x0000000081e00000, 0x0000000081d00000| Untracked 
|  30|0x0000000081e00000, 0x0000000081f00000, 0x0000000081f00000|100%| O|  |TAMS 0x0000000081f00000, 0x0000000081e00000| Untracked 
|  31|0x0000000081f00000, 0x0000000082000000, 0x0000000082000000|100%| O|  |TAMS 0x0000000082000000, 0x0000000081f00000| Untracked 
|  32|0x0000000082000000, 0x0000000082100000, 0x0000000082100000|100%| O|  |TAMS 0x0000000082100000, 0x0000000082000000| Untracked 
|  33|0x0000000082100000, 0x0000000082200000, 0x0000000082200000|100%| O|  |TAMS 0x0000000082200000, 0x0000000082100000| Untracked 
|  34|0x0000000082200000, 0x0000000082300000, 0x0000000082300000|100%| O|  |TAMS 0x0000000082300000, 0x0000000082200000| Untracked 
|  35|0x0000000082300000, 0x0000000082400000, 0x0000000082400000|100%| O|  |TAMS 0x0000000082400000, 0x0000000082300000| Untracked 
|  36|0x0000000082400000, 0x0000000082500000, 0x0000000082500000|100%| O|  |TAMS 0x0000000082500000, 0x0000000082400000| Untracked 
|  37|0x0000000082500000, 0x0000000082600000, 0x0000000082600000|100%| O|  |TAMS 0x0000000082600000, 0x0000000082500000| Untracked 
|  38|0x0000000082600000, 0x0000000082700000, 0x0000000082700000|100%| O|  |TAMS 0x0000000082700000, 0x0000000082600000| Untracked 
|  39|0x0000000082700000, 0x0000000082800000, 0x0000000082800000|100%| O|  |TAMS 0x0000000082800000, 0x0000000082700000| Untracked 
|  40|0x0000000082800000, 0x0000000082900000, 0x0000000082900000|100%| O|  |TAMS 0x00000000828d2000, 0x0000000082800000| Untracked 
|  41|0x0000000082900000, 0x0000000082a00000, 0x0000000082a00000|100%| O|  |TAMS 0x0000000082900000, 0x0000000082900000| Untracked 
|  42|0x0000000082a00000, 0x0000000082b00000, 0x0000000082b00000|100%| O|  |TAMS 0x0000000082a00000, 0x0000000082a00000| Untracked 
|  43|0x0000000082b00000, 0x0000000082c00000, 0x0000000082c00000|100%| O|  |TAMS 0x0000000082b00000, 0x0000000082b00000| Untracked 
|  44|0x0000000082c00000, 0x0000000082d00000, 0x0000000082d00000|100%| O|  |TAMS 0x0000000082c00000, 0x0000000082c00000| Untracked 
|  45|0x0000000082d00000, 0x0000000082e00000, 0x0000000082e00000|100%| O|  |TAMS 0x0000000082d00000, 0x0000000082d00000| Untracked 
|  46|0x0000000082e00000, 0x0000000082f00000, 0x0000000082f00000|100%| O|  |TAMS 0x0000000082e00000, 0x0000000082e00000| Untracked 
|  47|0x0000000082f00000, 0x0000000083000000, 0x0000000083000000|100%| O|  |TAMS 0x0000000082f00000, 0x0000000082f00000| Untracked 
|  48|0x0000000083000000, 0x0000000083100000, 0x0000000083100000|100%| O|  |TAMS 0x0000000083000000, 0x0000000083000000| Untracked 
|  49|0x0000000083100000, 0x00000000831b1800, 0x0000000083200000| 69%| O|  |TAMS 0x0000000083100000, 0x0000000083100000| Untracked 
|  50|0x0000000083200000, 0x0000000083200000, 0x0000000083300000|  0%| F|  |TAMS 0x0000000083200000, 0x0000000083200000| Untracked 
|  51|0x0000000083300000, 0x0000000083300000, 0x0000000083400000|  0%| F|  |TAMS 0x0000000083300000, 0x0000000083300000| Untracked 
|  52|0x0000000083400000, 0x0000000083400000, 0x0000000083500000|  0%| F|  |TAMS 0x0000000083400000, 0x0000000083400000| Untracked 
|  53|0x0000000083500000, 0x0000000083500000, 0x0000000083600000|  0%| F|  |TAMS 0x0000000083500000, 0x0000000083500000| Untracked 
|  54|0x0000000083600000, 0x0000000083600000, 0x0000000083700000|  0%| F|  |TAMS 0x0000000083600000, 0x0000000083600000| Untracked 
|  55|0x0000000083700000, 0x0000000083700000, 0x0000000083800000|  0%| F|  |TAMS 0x0000000083700000, 0x0000000083700000| Untracked 
|  56|0x0000000083800000, 0x0000000083800000, 0x0000000083900000|  0%| F|  |TAMS 0x0000000083800000, 0x0000000083800000| Untracked 
|  57|0x0000000083900000, 0x0000000083900000, 0x0000000083a00000|  0%| F|  |TAMS 0x0000000083900000, 0x0000000083900000| Untracked 
|  58|0x0000000083a00000, 0x0000000083a00000, 0x0000000083b00000|  0%| F|  |TAMS 0x0000000083a00000, 0x0000000083a00000| Untracked 
|  59|0x0000000083b00000, 0x0000000083b00000, 0x0000000083c00000|  0%| F|  |TAMS 0x0000000083b00000, 0x0000000083b00000| Untracked 
|  60|0x0000000083c00000, 0x0000000083c00000, 0x0000000083d00000|  0%| F|  |TAMS 0x0000000083c00000, 0x0000000083c00000| Untracked 
|  61|0x0000000083d00000, 0x0000000083d00000, 0x0000000083e00000|  0%| F|  |TAMS 0x0000000083d00000, 0x0000000083d00000| Untracked 
|  62|0x0000000083e00000, 0x0000000083e00000, 0x0000000083f00000|  0%| F|  |TAMS 0x0000000083e00000, 0x0000000083e00000| Untracked 
|  63|0x0000000083f00000, 0x0000000083f00000, 0x0000000084000000|  0%| F|  |TAMS 0x0000000083f00000, 0x0000000083f00000| Untracked 
|  64|0x0000000084000000, 0x0000000084000000, 0x0000000084100000|  0%| F|  |TAMS 0x0000000084000000, 0x0000000084000000| Untracked 
|  65|0x0000000084100000, 0x0000000084100000, 0x0000000084200000|  0%| F|  |TAMS 0x0000000084100000, 0x0000000084100000| Untracked 
|  66|0x0000000084200000, 0x0000000084200000, 0x0000000084300000|  0%| F|  |TAMS 0x0000000084200000, 0x0000000084200000| Untracked 
|  67|0x0000000084300000, 0x0000000084300000, 0x0000000084400000|  0%| F|  |TAMS 0x0000000084300000, 0x0000000084300000| Untracked 
|  68|0x0000000084400000, 0x0000000084400000, 0x0000000084500000|  0%| F|  |TAMS 0x0000000084400000, 0x0000000084400000| Untracked 
|  69|0x0000000084500000, 0x0000000084500000, 0x0000000084600000|  0%| F|  |TAMS 0x0000000084500000, 0x0000000084500000| Untracked 
|  70|0x0000000084600000, 0x0000000084600000, 0x0000000084700000|  0%| F|  |TAMS 0x0000000084600000, 0x0000000084600000| Untracked 
|  71|0x0000000084700000, 0x0000000084700000, 0x0000000084800000|  0%| F|  |TAMS 0x0000000084700000, 0x0000000084700000| Untracked 
|  72|0x0000000084800000, 0x0000000084800000, 0x0000000084900000|  0%| F|  |TAMS 0x0000000084800000, 0x0000000084800000| Untracked 
|  73|0x0000000084900000, 0x0000000084900000, 0x0000000084a00000|  0%| F|  |TAMS 0x0000000084900000, 0x0000000084900000| Untracked 
|  74|0x0000000084a00000, 0x0000000084a00000, 0x0000000084b00000|  0%| F|  |TAMS 0x0000000084a00000, 0x0000000084a00000| Untracked 
|  75|0x0000000084b00000, 0x0000000084b00000, 0x0000000084c00000|  0%| F|  |TAMS 0x0000000084b00000, 0x0000000084b00000| Untracked 
|  76|0x0000000084c00000, 0x0000000084c00000, 0x0000000084d00000|  0%| F|  |TAMS 0x0000000084c00000, 0x0000000084c00000| Untracked 
|  77|0x0000000084d00000, 0x0000000084d00000, 0x0000000084e00000|  0%| F|  |TAMS 0x0000000084d00000, 0x0000000084d00000| Untracked 
|  78|0x0000000084e00000, 0x0000000084e00000, 0x0000000084f00000|  0%| F|  |TAMS 0x0000000084e00000, 0x0000000084e00000| Untracked 
|  79|0x0000000084f00000, 0x0000000084f00000, 0x0000000085000000|  0%| F|  |TAMS 0x0000000084f00000, 0x0000000084f00000| Untracked 
|  80|0x0000000085000000, 0x0000000085000000, 0x0000000085100000|  0%| F|  |TAMS 0x0000000085000000, 0x0000000085000000| Untracked 
|  81|0x0000000085100000, 0x0000000085100000, 0x0000000085200000|  0%| F|  |TAMS 0x0000000085100000, 0x0000000085100000| Untracked 
|  82|0x0000000085200000, 0x0000000085200000, 0x0000000085300000|  0%| F|  |TAMS 0x0000000085200000, 0x0000000085200000| Untracked 
|  83|0x0000000085300000, 0x0000000085300000, 0x0000000085400000|  0%| F|  |TAMS 0x0000000085300000, 0x0000000085300000| Untracked 
|  84|0x0000000085400000, 0x0000000085400000, 0x0000000085500000|  0%| F|  |TAMS 0x0000000085400000, 0x0000000085400000| Untracked 
|  85|0x0000000085500000, 0x0000000085500000, 0x0000000085600000|  0%| F|  |TAMS 0x0000000085500000, 0x0000000085500000| Untracked 
|  86|0x0000000085600000, 0x0000000085600000, 0x0000000085700000|  0%| F|  |TAMS 0x0000000085600000, 0x0000000085600000| Untracked 
|  87|0x0000000085700000, 0x0000000085700000, 0x0000000085800000|  0%| F|  |TAMS 0x0000000085700000, 0x0000000085700000| Untracked 
|  88|0x0000000085800000, 0x0000000085800000, 0x0000000085900000|  0%| F|  |TAMS 0x0000000085800000, 0x0000000085800000| Untracked 
|  89|0x0000000085900000, 0x0000000085900000, 0x0000000085a00000|  0%| F|  |TAMS 0x0000000085900000, 0x0000000085900000| Untracked 
|  90|0x0000000085a00000, 0x0000000085a00000, 0x0000000085b00000|  0%| F|  |TAMS 0x0000000085a00000, 0x0000000085a00000| Untracked 
|  91|0x0000000085b00000, 0x0000000085b00000, 0x0000000085c00000|  0%| F|  |TAMS 0x0000000085b00000, 0x0000000085b00000| Untracked 
|  92|0x0000000085c00000, 0x0000000085c00000, 0x0000000085d00000|  0%| F|  |TAMS 0x0000000085c00000, 0x0000000085c00000| Untracked 
|  93|0x0000000085d00000, 0x0000000085d00000, 0x0000000085e00000|  0%| F|  |TAMS 0x0000000085d00000, 0x0000000085d00000| Untracked 
|  94|0x0000000085e00000, 0x0000000085e00000, 0x0000000085f00000|  0%| F|  |TAMS 0x0000000085e00000, 0x0000000085e00000| Untracked 
|  95|0x0000000085f00000, 0x0000000085f30690, 0x0000000086000000| 18%| S|CS|TAMS 0x0000000085f00000, 0x0000000085f00000| Complete 
|  96|0x0000000086000000, 0x0000000086100000, 0x0000000086100000|100%| S|CS|TAMS 0x0000000086000000, 0x0000000086000000| Complete 
|  97|0x0000000086100000, 0x0000000086200000, 0x0000000086200000|100%| S|CS|TAMS 0x0000000086100000, 0x0000000086100000| Complete 
|  98|0x0000000086200000, 0x0000000086200000, 0x0000000086300000|  0%| F|  |TAMS 0x0000000086200000, 0x0000000086200000| Untracked 
|  99|0x0000000086300000, 0x0000000086300000, 0x0000000086400000|  0%| F|  |TAMS 0x0000000086300000, 0x0000000086300000| Untracked 
| 100|0x0000000086400000, 0x0000000086400000, 0x0000000086500000|  0%| F|  |TAMS 0x0000000086400000, 0x0000000086400000| Untracked 
| 101|0x0000000086500000, 0x0000000086500000, 0x0000000086600000|  0%| F|  |TAMS 0x0000000086500000, 0x0000000086500000| Untracked 
| 102|0x0000000086600000, 0x0000000086600000, 0x0000000086700000|  0%| F|  |TAMS 0x0000000086600000, 0x0000000086600000| Untracked 
| 103|0x0000000086700000, 0x0000000086700000, 0x0000000086800000|  0%| F|  |TAMS 0x0000000086700000, 0x0000000086700000| Untracked 
| 104|0x0000000086800000, 0x0000000086800000, 0x0000000086900000|  0%| F|  |TAMS 0x0000000086800000, 0x0000000086800000| Untracked 
| 105|0x0000000086900000, 0x0000000086900000, 0x0000000086a00000|  0%| F|  |TAMS 0x0000000086900000, 0x0000000086900000| Untracked 
| 106|0x0000000086a00000, 0x0000000086a00000, 0x0000000086b00000|  0%| F|  |TAMS 0x0000000086a00000, 0x0000000086a00000| Untracked 
| 107|0x0000000086b00000, 0x0000000086c00000, 0x0000000086c00000|100%| S|CS|TAMS 0x0000000086b00000, 0x0000000086b00000| Complete 
| 108|0x0000000086c00000, 0x0000000086d00000, 0x0000000086d00000|100%| S|CS|TAMS 0x0000000086c00000, 0x0000000086c00000| Complete 
| 109|0x0000000086d00000, 0x0000000086e00000, 0x0000000086e00000|100%| S|CS|TAMS 0x0000000086d00000, 0x0000000086d00000| Complete 
| 110|0x0000000086e00000, 0x0000000086e00000, 0x0000000086f00000|  0%| F|  |TAMS 0x0000000086e00000, 0x0000000086e00000| Untracked 
| 111|0x0000000086f00000, 0x0000000086f00000, 0x0000000087000000|  0%| F|  |TAMS 0x0000000086f00000, 0x0000000086f00000| Untracked 
| 112|0x0000000087000000, 0x0000000087000000, 0x0000000087100000|  0%| F|  |TAMS 0x0000000087000000, 0x0000000087000000| Untracked 
| 113|0x0000000087100000, 0x0000000087100000, 0x0000000087200000|  0%| F|  |TAMS 0x0000000087100000, 0x0000000087100000| Untracked 
| 114|0x0000000087200000, 0x0000000087200000, 0x0000000087300000|  0%| F|  |TAMS 0x0000000087200000, 0x0000000087200000| Untracked 
| 115|0x0000000087300000, 0x0000000087300000, 0x0000000087400000|  0%| F|  |TAMS 0x0000000087300000, 0x0000000087300000| Untracked 
| 116|0x0000000087400000, 0x0000000087400000, 0x0000000087500000|  0%| F|  |TAMS 0x0000000087400000, 0x0000000087400000| Untracked 
| 117|0x0000000087500000, 0x0000000087500000, 0x0000000087600000|  0%| F|  |TAMS 0x0000000087500000, 0x0000000087500000| Untracked 
| 118|0x0000000087600000, 0x0000000087600000, 0x0000000087700000|  0%| F|  |TAMS 0x0000000087600000, 0x0000000087600000| Untracked 
| 119|0x0000000087700000, 0x0000000087700000, 0x0000000087800000|  0%| F|  |TAMS 0x0000000087700000, 0x0000000087700000| Untracked 
| 120|0x0000000087800000, 0x0000000087800000, 0x0000000087900000|  0%| F|  |TAMS 0x0000000087800000, 0x0000000087800000| Untracked 
| 121|0x0000000087900000, 0x0000000087900000, 0x0000000087a00000|  0%| F|  |TAMS 0x0000000087900000, 0x0000000087900000| Untracked 
| 122|0x0000000087a00000, 0x0000000087a00000, 0x0000000087b00000|  0%| F|  |TAMS 0x0000000087a00000, 0x0000000087a00000| Untracked 
| 123|0x0000000087b00000, 0x0000000087b00000, 0x0000000087c00000|  0%| F|  |TAMS 0x0000000087b00000, 0x0000000087b00000| Untracked 
| 124|0x0000000087c00000, 0x0000000087d00000, 0x0000000087d00000|100%| E|  |TAMS 0x0000000087c00000, 0x0000000087c00000| Complete 
| 125|0x0000000087d00000, 0x0000000087e00000, 0x0000000087e00000|100%| E|CS|TAMS 0x0000000087d00000, 0x0000000087d00000| Complete 
| 126|0x0000000087e00000, 0x0000000087f00000, 0x0000000087f00000|100%| E|CS|TAMS 0x0000000087e00000, 0x0000000087e00000| Complete 
| 127|0x0000000087f00000, 0x0000000088000000, 0x0000000088000000|100%| E|CS|TAMS 0x0000000087f00000, 0x0000000087f00000| Complete 
| 128|0x0000000088000000, 0x0000000088100000, 0x0000000088100000|100%| E|CS|TAMS 0x0000000088000000, 0x0000000088000000| Complete 
| 129|0x0000000088100000, 0x0000000088200000, 0x0000000088200000|100%| E|CS|TAMS 0x0000000088100000, 0x0000000088100000| Complete 
| 130|0x0000000088200000, 0x0000000088300000, 0x0000000088300000|100%| E|CS|TAMS 0x0000000088200000, 0x0000000088200000| Complete 
| 131|0x0000000088300000, 0x0000000088400000, 0x0000000088400000|100%| E|CS|TAMS 0x0000000088300000, 0x0000000088300000| Complete 
| 132|0x0000000088400000, 0x0000000088500000, 0x0000000088500000|100%| E|CS|TAMS 0x0000000088400000, 0x0000000088400000| Complete 
| 133|0x0000000088500000, 0x0000000088600000, 0x0000000088600000|100%| E|CS|TAMS 0x0000000088500000, 0x0000000088500000| Complete 
| 134|0x0000000088600000, 0x0000000088700000, 0x0000000088700000|100%| E|CS|TAMS 0x0000000088600000, 0x0000000088600000| Complete 
| 135|0x0000000088700000, 0x0000000088800000, 0x0000000088800000|100%| E|CS|TAMS 0x0000000088700000, 0x0000000088700000| Complete 
| 136|0x0000000088800000, 0x0000000088900000, 0x0000000088900000|100%| E|CS|TAMS 0x0000000088800000, 0x0000000088800000| Complete 
| 137|0x0000000088900000, 0x0000000088a00000, 0x0000000088a00000|100%| E|CS|TAMS 0x0000000088900000, 0x0000000088900000| Complete 
| 138|0x0000000088a00000, 0x0000000088b00000, 0x0000000088b00000|100%| E|CS|TAMS 0x0000000088a00000, 0x0000000088a00000| Complete 
| 139|0x0000000088b00000, 0x0000000088c00000, 0x0000000088c00000|100%| E|CS|TAMS 0x0000000088b00000, 0x0000000088b00000| Complete 
| 140|0x0000000088c00000, 0x0000000088d00000, 0x0000000088d00000|100%| E|CS|TAMS 0x0000000088c00000, 0x0000000088c00000| Complete 
| 141|0x0000000088d00000, 0x0000000088e00000, 0x0000000088e00000|100%| E|CS|TAMS 0x0000000088d00000, 0x0000000088d00000| Complete 
| 142|0x0000000088e00000, 0x0000000088f00000, 0x0000000088f00000|100%| E|CS|TAMS 0x0000000088e00000, 0x0000000088e00000| Complete 
| 143|0x0000000088f00000, 0x0000000089000000, 0x0000000089000000|100%| E|CS|TAMS 0x0000000088f00000, 0x0000000088f00000| Complete 
| 144|0x0000000089000000, 0x0000000089100000, 0x0000000089100000|100%| E|CS|TAMS 0x0000000089000000, 0x0000000089000000| Complete 
| 145|0x0000000089100000, 0x0000000089200000, 0x0000000089200000|100%| E|CS|TAMS 0x0000000089100000, 0x0000000089100000| Complete 
| 146|0x0000000089200000, 0x0000000089300000, 0x0000000089300000|100%| E|CS|TAMS 0x0000000089200000, 0x0000000089200000| Complete 
| 147|0x0000000089300000, 0x0000000089400000, 0x0000000089400000|100%| E|CS|TAMS 0x0000000089300000, 0x0000000089300000| Complete 
| 148|0x0000000089400000, 0x0000000089500000, 0x0000000089500000|100%| E|CS|TAMS 0x0000000089400000, 0x0000000089400000| Complete 
| 149|0x0000000089500000, 0x0000000089600000, 0x0000000089600000|100%| E|CS|TAMS 0x0000000089500000, 0x0000000089500000| Complete 
| 150|0x0000000089600000, 0x0000000089700000, 0x0000000089700000|100%| E|CS|TAMS 0x0000000089600000, 0x0000000089600000| Complete 
| 151|0x0000000089700000, 0x0000000089800000, 0x0000000089800000|100%| E|CS|TAMS 0x0000000089700000, 0x0000000089700000| Complete 
| 152|0x0000000089800000, 0x0000000089900000, 0x0000000089900000|100%| E|CS|TAMS 0x0000000089800000, 0x0000000089800000| Complete 
| 153|0x0000000089900000, 0x0000000089a00000, 0x0000000089a00000|100%| E|CS|TAMS 0x0000000089900000, 0x0000000089900000| Complete 
| 154|0x0000000089a00000, 0x0000000089b00000, 0x0000000089b00000|100%| E|CS|TAMS 0x0000000089a00000, 0x0000000089a00000| Complete 
| 155|0x0000000089b00000, 0x0000000089c00000, 0x0000000089c00000|100%| E|CS|TAMS 0x0000000089b00000, 0x0000000089b00000| Complete 
| 156|0x0000000089c00000, 0x0000000089d00000, 0x0000000089d00000|100%| E|CS|TAMS 0x0000000089c00000, 0x0000000089c00000| Complete 
| 157|0x0000000089d00000, 0x0000000089e00000, 0x0000000089e00000|100%| E|CS|TAMS 0x0000000089d00000, 0x0000000089d00000| Complete 
| 158|0x0000000089e00000, 0x0000000089f00000, 0x0000000089f00000|100%| E|CS|TAMS 0x0000000089e00000, 0x0000000089e00000| Complete 
| 159|0x0000000089f00000, 0x000000008a000000, 0x000000008a000000|100%| E|CS|TAMS 0x0000000089f00000, 0x0000000089f00000| Complete 
| 160|0x000000008a000000, 0x000000008a100000, 0x000000008a100000|100%| E|CS|TAMS 0x000000008a000000, 0x000000008a000000| Complete 
| 161|0x000000008a100000, 0x000000008a200000, 0x000000008a200000|100%| E|CS|TAMS 0x000000008a100000, 0x000000008a100000| Complete 
| 162|0x000000008a200000, 0x000000008a300000, 0x000000008a300000|100%| E|CS|TAMS 0x000000008a200000, 0x000000008a200000| Complete 
| 163|0x000000008a300000, 0x000000008a400000, 0x000000008a400000|100%| E|CS|TAMS 0x000000008a300000, 0x000000008a300000| Complete 
| 164|0x000000008a400000, 0x000000008a500000, 0x000000008a500000|100%| E|CS|TAMS 0x000000008a400000, 0x000000008a400000| Complete 
| 165|0x000000008a500000, 0x000000008a600000, 0x000000008a600000|100%| E|CS|TAMS 0x000000008a500000, 0x000000008a500000| Complete 
| 166|0x000000008a600000, 0x000000008a700000, 0x000000008a700000|100%| E|CS|TAMS 0x000000008a600000, 0x000000008a600000| Complete 
| 167|0x000000008a700000, 0x000000008a800000, 0x000000008a800000|100%| E|CS|TAMS 0x000000008a700000, 0x000000008a700000| Complete 
| 168|0x000000008a800000, 0x000000008a900000, 0x000000008a900000|100%| E|CS|TAMS 0x000000008a800000, 0x000000008a800000| Complete 
| 169|0x000000008a900000, 0x000000008aa00000, 0x000000008aa00000|100%| E|CS|TAMS 0x000000008a900000, 0x000000008a900000| Complete 
| 170|0x000000008aa00000, 0x000000008ab00000, 0x000000008ab00000|100%| E|CS|TAMS 0x000000008aa00000, 0x000000008aa00000| Complete 
| 171|0x000000008ab00000, 0x000000008ac00000, 0x000000008ac00000|100%| E|CS|TAMS 0x000000008ab00000, 0x000000008ab00000| Complete 
| 172|0x000000008ac00000, 0x000000008ad00000, 0x000000008ad00000|100%| E|CS|TAMS 0x000000008ac00000, 0x000000008ac00000| Complete 
| 173|0x000000008ad00000, 0x000000008ae00000, 0x000000008ae00000|100%| E|CS|TAMS 0x000000008ad00000, 0x000000008ad00000| Complete 
| 174|0x000000008ae00000, 0x000000008af00000, 0x000000008af00000|100%| E|CS|TAMS 0x000000008ae00000, 0x000000008ae00000| Complete 
| 175|0x000000008af00000, 0x000000008b000000, 0x000000008b000000|100%| E|CS|TAMS 0x000000008af00000, 0x000000008af00000| Complete 
| 176|0x000000008b000000, 0x000000008b100000, 0x000000008b100000|100%| E|CS|TAMS 0x000000008b000000, 0x000000008b000000| Complete 
| 177|0x000000008b100000, 0x000000008b200000, 0x000000008b200000|100%| E|CS|TAMS 0x000000008b100000, 0x000000008b100000| Complete 
| 178|0x000000008b200000, 0x000000008b300000, 0x000000008b300000|100%| E|CS|TAMS 0x000000008b200000, 0x000000008b200000| Complete 

Card table byte_map: [0x000001ea9ee50000,0x000001ea9f250000] _byte_map_base: 0x000001ea9ea50000

Marking Bits (Prev, Next): (CMBitMap*) 0x000001ea8b51eb28, (CMBitMap*) 0x000001ea8b51eb60
 Prev Bits: [0x000001ea9f650000, 0x000001eaa1650000)
 Next Bits: [0x000001eaa1650000, 0x000001eaa3650000)

Polling page: 0x000001ea89e90000

Metaspace:

Usage:
  Non-class:     65.59 MB capacity,    64.51 MB ( 98%) used,   917.38 KB (  1%) free+waste,   187.31 KB ( <1%) overhead. 
      Class:     10.32 MB capacity,     9.67 MB ( 94%) used,   576.30 KB (  5%) free+waste,    87.06 KB ( <1%) overhead. 
       Both:     75.91 MB capacity,    74.18 MB ( 98%) used,     1.46 MB (  2%) free+waste,   274.38 KB ( <1%) overhead. 

Virtual space:
  Non-class space:       66.00 MB reserved,      65.75 MB (>99%) committed 
      Class space:        1.00 GB reserved,      10.38 MB (  1%) committed 
             Both:        1.06 GB reserved,      76.13 MB (  7%) committed 

Chunk freelists:
   Non-Class:  33.00 KB
       Class:  27.00 KB
        Both:  60.00 KB

MaxMetaspaceSize: 17179869184.00 GB
CompressedClassSpaceSize: 1.00 GB

CodeHeap 'non-profiled nmethods': size=120000Kb used=4707Kb max_used=4707Kb free=115292Kb
 bounds [0x000001ea96ab0000, 0x000001ea96f50000, 0x000001ea9dfe0000]
CodeHeap 'profiled nmethods': size=120000Kb used=15287Kb max_used=15287Kb free=104712Kb
 bounds [0x000001ea8f580000, 0x000001ea90470000, 0x000001ea96ab0000]
CodeHeap 'non-nmethods': size=5760Kb used=2281Kb max_used=2336Kb free=3478Kb
 bounds [0x000001ea8efe0000, 0x000001ea8f250000, 0x000001ea8f580000]
 total_blobs=8046 nmethods=7181 adapters=776
 compilation: enabled
              stopped_count=0, restarted_count=0
 full_count=0

Compilation events (20 events):
Event: 6.235 Thread 0x000001eaa6abd800 nmethod 7156 0x000001ea9043e190 code [0x000001ea9043e3a0, 0x000001ea9043e978]
Event: 6.235 Thread 0x000001eaa6abd800 7158       3       org.gradle.internal.graph.CachingDirectedGraphWalker$GraphWithEmptyEdges::getEdgeValues (1 bytes)
Event: 6.235 Thread 0x000001eaa6abd800 nmethod 7158 0x000001ea9043eb10 code [0x000001ea9043ecc0, 0x000001ea9043edb8]
Event: 6.235 Thread 0x000001eaa6abd800 7157       3       org.gradle.api.internal.provider.AbstractProperty::getProducer (24 bytes)
Event: 6.236 Thread 0x000001eaa6abd800 nmethod 7157 0x000001ea9043ee90 code [0x000001ea9043f080, 0x000001ea9043f538]
Event: 6.236 Thread 0x000001eaa6abd800 7162   !   3       com.sun.proxy.$Proxy66::annotationType (29 bytes)
Event: 6.236 Thread 0x000001eaa6abd800 nmethod 7162 0x000001ea9043f690 code [0x000001ea9043f880, 0x000001ea9043fc58]
Event: 6.236 Thread 0x000001eaa6abd800 7163       3       com.google.common.collect.SingletonImmutableSet::contains (9 bytes)
Event: 6.236 Thread 0x000001eaa6abd800 nmethod 7163 0x000001ea9043fe10 code [0x000001ea9043ffc0, 0x000001ea90440188]
Event: 6.236 Thread 0x000001eaa6abd800 7164       3       org.gradle.internal.reflect.annotations.impl.DefaultTypeAnnotationMetadataStore$$Lambda$561/0x00000001006df040::test (12 bytes)
Event: 6.236 Thread 0x000001eaa6abd800 nmethod 7164 0x000001ea90440290 code [0x000001ea90440460, 0x000001ea904406e8]
Event: 6.237 Thread 0x000001eaa6abd800 7166       3       org.gradle.util.CollectionUtils::addAll (8 bytes)
Event: 6.237 Thread 0x000001eaa6abd800 nmethod 7166 0x000001ea90440810 code [0x000001ea904409c0, 0x000001ea90440ae8]
Event: 6.237 Thread 0x000001eaa6abd800 7167       3       com.sun.proxy.$Proxy46::<init> (6 bytes)
Event: 6.238 Thread 0x000001eaa6abd800 nmethod 7167 0x000001ea90440b90 code [0x000001ea90440d60, 0x000001ea904410e8]
Event: 6.238 Thread 0x000001eaa6abd800 7168       3       java.lang.String::replaceAll (13 bytes)
Event: 6.238 Thread 0x000001eaa6abd800 nmethod 7168 0x000001ea90441290 code [0x000001ea90441480, 0x000001ea90441708]
Event: 6.240 Thread 0x000001eaa6abd800 7169       3       com.android.build.api.variant.impl.ApplicationVariantBuilderImpl_Decorated::getName (40 bytes)
Event: 6.241 Thread 0x000001eaa6abd800 nmethod 7169 0x000001ea90441890 code [0x000001ea90441ae0, 0x000001ea904423c8]
Event: 6.241 Thread 0x000001eaa6abd800 7171       3       java.lang.Integer::parseInt (259 bytes)

GC Heap History (20 events):
Event: 1.873 GC heap before
{Heap before GC invocations=4 (full 0):
 garbage-first heap   total 126976K, used 67704K [0x0000000080000000, 0x0000000100000000)
  region size 1024K, 51 young (52224K), 1 survivors (1024K)
 Metaspace       used 25792K, capacity 26421K, committed 26752K, reserved 1073152K
  class space    used 3377K, capacity 3599K, committed 3712K, reserved 1048576K
}
Event: 1.875 GC heap after
{Heap after GC invocations=5 (full 0):
 garbage-first heap   total 126976K, used 18084K [0x0000000080000000, 0x0000000100000000)
  region size 1024K, 3 young (3072K), 3 survivors (3072K)
 Metaspace       used 25792K, capacity 26421K, committed 26752K, reserved 1073152K
  class space    used 3377K, capacity 3599K, committed 3712K, reserved 1048576K
}
Event: 2.374 GC heap before
{Heap before GC invocations=5 (full 0):
 garbage-first heap   total 126976K, used 74404K [0x0000000080000000, 0x0000000100000000)
  region size 1024K, 58 young (59392K), 3 survivors (3072K)
 Metaspace       used 34403K, capacity 35222K, committed 35328K, reserved 1079296K
  class space    used 4477K, capacity 4768K, committed 4864K, reserved 1048576K
}
Event: 2.379 GC heap after
{Heap after GC invocations=6 (full 0):
 garbage-first heap   total 126976K, used 21579K [0x0000000080000000, 0x0000000100000000)
  region size 1024K, 6 young (6144K), 6 survivors (6144K)
 Metaspace       used 34403K, capacity 35222K, committed 35328K, reserved 1079296K
  class space    used 4477K, capacity 4768K, committed 4864K, reserved 1048576K
}
Event: 2.408 GC heap before
{Heap before GC invocations=6 (full 0):
 garbage-first heap   total 126976K, used 23627K [0x0000000080000000, 0x0000000100000000)
  region size 1024K, 9 young (9216K), 6 survivors (6144K)
 Metaspace       used 35002K, capacity 35798K, committed 35840K, reserved 1081344K
  class space    used 4536K, capacity 4832K, committed 4864K, reserved 1048576K
}
Event: 2.414 GC heap after
{Heap after GC invocations=7 (full 0):
 garbage-first heap   total 126976K, used 21819K [0x0000000080000000, 0x0000000100000000)
  region size 1024K, 4 young (4096K), 4 survivors (4096K)
 Metaspace       used 35002K, capacity 35798K, committed 35840K, reserved 1081344K
  class space    used 4536K, capacity 4832K, committed 4864K, reserved 1048576K
}
Event: 2.775 GC heap before
{Heap before GC invocations=8 (full 0):
 garbage-first heap   total 126976K, used 71995K [0x0000000080000000, 0x0000000100000000)
  region size 1024K, 51 young (52224K), 4 survivors (4096K)
 Metaspace       used 38595K, capacity 39503K, committed 39680K, reserved 1083392K
  class space    used 4921K, capacity 5251K, committed 5376K, reserved 1048576K
}
Event: 2.780 GC heap after
{Heap after GC invocations=9 (full 0):
 garbage-first heap   total 152576K, used 26152K [0x0000000080000000, 0x0000000100000000)
  region size 1024K, 7 young (7168K), 7 survivors (7168K)
 Metaspace       used 38595K, capacity 39503K, committed 39680K, reserved 1083392K
  class space    used 4921K, capacity 5251K, committed 5376K, reserved 1048576K
}
Event: 3.265 GC heap before
{Heap before GC invocations=9 (full 0):
 garbage-first heap   total 152576K, used 86568K [0x0000000080000000, 0x0000000100000000)
  region size 1024K, 66 young (67584K), 7 survivors (7168K)
 Metaspace       used 43784K, capacity 44870K, committed 44928K, reserved 1087488K
  class space    used 5620K, capacity 5970K, committed 6016K, reserved 1048576K
}
Event: 3.269 GC heap after
{Heap after GC invocations=10 (full 0):
 garbage-first heap   total 152576K, used 28809K [0x0000000080000000, 0x0000000100000000)
  region size 1024K, 7 young (7168K), 7 survivors (7168K)
 Metaspace       used 43784K, capacity 44870K, committed 44928K, reserved 1087488K
  class space    used 5620K, capacity 5970K, committed 6016K, reserved 1048576K
}
Event: 3.803 GC heap before
{Heap before GC invocations=10 (full 0):
 garbage-first heap   total 152576K, used 96393K [0x0000000080000000, 0x0000000100000000)
  region size 1024K, 69 young (70656K), 7 survivors (7168K)
 Metaspace       used 47272K, capacity 48579K, committed 48768K, reserved 1091584K
  class space    used 6063K, capacity 6517K, committed 6528K, reserved 1048576K
}
Event: 3.810 GC heap after
{Heap after GC invocations=11 (full 0):
 garbage-first heap   total 152576K, used 40629K [0x0000000080000000, 0x0000000100000000)
  region size 1024K, 9 young (9216K), 9 survivors (9216K)
 Metaspace       used 47272K, capacity 48579K, committed 48768K, reserved 1091584K
  class space    used 6063K, capacity 6517K, committed 6528K, reserved 1048576K
}
Event: 4.293 GC heap before
{Heap before GC invocations=11 (full 0):
 garbage-first heap   total 152576K, used 101045K [0x0000000080000000, 0x0000000100000000)
  region size 1024K, 68 young (69632K), 9 survivors (9216K)
 Metaspace       used 55565K, capacity 56990K, committed 57344K, reserved 1099776K
  class space    used 7057K, capacity 7578K, committed 7680K, reserved 1048576K
}
Event: 4.300 GC heap after
{Heap after GC invocations=12 (full 0):
 garbage-first heap   total 152576K, used 44480K [0x0000000080000000, 0x0000000100000000)
  region size 1024K, 3 young (3072K), 3 survivors (3072K)
 Metaspace       used 55565K, capacity 56990K, committed 57344K, reserved 1099776K
  class space    used 7057K, capacity 7578K, committed 7680K, reserved 1048576K
}
Event: 4.513 GC heap before
{Heap before GC invocations=12 (full 0):
 garbage-first heap   total 152576K, used 61888K [0x0000000080000000, 0x0000000100000000)
  region size 1024K, 21 young (21504K), 3 survivors (3072K)
 Metaspace       used 58588K, capacity 60121K, committed 60160K, reserved 1101824K
  class space    used 7453K, capacity 8027K, committed 8064K, reserved 1048576K
}
Event: 4.518 GC heap after
{Heap after GC invocations=13 (full 0):
 garbage-first heap   total 183296K, used 45795K [0x0000000080000000, 0x0000000100000000)
  region size 1024K, 5 young (5120K), 5 survivors (5120K)
 Metaspace       used 58588K, capacity 60121K, committed 60160K, reserved 1101824K
  class space    used 7453K, capacity 8027K, committed 8064K, reserved 1048576K
}
Event: 5.007 GC heap before
{Heap before GC invocations=14 (full 0):
 garbage-first heap   total 183296K, used 114403K [0x0000000080000000, 0x0000000100000000)
  region size 1024K, 72 young (73728K), 5 survivors (5120K)
 Metaspace       used 63098K, capacity 64662K, committed 64768K, reserved 1105920K
  class space    used 8036K, capacity 8631K, committed 8704K, reserved 1048576K
}
Event: 5.016 GC heap after
{Heap after GC invocations=15 (full 0):
 garbage-first heap   total 183296K, used 51016K [0x0000000080000000, 0x0000000100000000)
  region size 1024K, 9 young (9216K), 9 survivors (9216K)
 Metaspace       used 63098K, capacity 64662K, committed 64768K, reserved 1105920K
  class space    used 8036K, capacity 8631K, committed 8704K, reserved 1048576K
}
Event: 5.679 GC heap before
{Heap before GC invocations=16 (full 0):
 garbage-first heap   total 183296K, used 121672K [0x0000000080000000, 0x0000000100000000)
  region size 1024K, 78 young (79872K), 9 survivors (9216K)
 Metaspace       used 69890K, capacity 71617K, committed 71680K, reserved 1112064K
  class space    used 9087K, capacity 9720K, committed 9728K, reserved 1048576K
}
Event: 5.688 GC heap after
{Heap after GC invocations=17 (full 0):
 garbage-first heap   total 183296K, used 56199K [0x0000000080000000, 0x0000000100000000)
  region size 1024K, 6 young (6144K), 6 survivors (6144K)
 Metaspace       used 69890K, capacity 71617K, committed 71680K, reserved 1112064K
  class space    used 9087K, capacity 9720K, committed 9728K, reserved 1048576K
}

Deoptimization events (20 events):
Event: 6.135 Thread 0x000001eaa919d800 Uncommon trap: trap_request=0xffffff4d fr.pc=0x000001ea96c7afb8 relative=0x0000000000000078
Event: 6.135 Thread 0x000001eaa919d800 Uncommon trap: reason=unstable_if action=reinterpret pc=0x000001ea96c7afb8 method=java.util.regex.Matcher.find()Z @ 10 c2
Event: 6.135 Thread 0x000001eaa919d800 DEOPT PACKING pc=0x000001ea96c7afb8 sp=0x0000000f7f6f9fe0
Event: 6.135 Thread 0x000001eaa919d800 DEOPT UNPACKING pc=0x000001ea8efe83af sp=0x0000000f7f6f9f60 mode 2
Event: 6.140 Thread 0x000001eaa919d800 Uncommon trap: trap_request=0xffffff4d fr.pc=0x000001ea96dd34f8 relative=0x0000000000000298
Event: 6.140 Thread 0x000001eaa919d800 Uncommon trap: reason=unstable_if action=reinterpret pc=0x000001ea96dd34f8 method=java.lang.CharacterDataLatin1.digit(II)I @ 12 c2
Event: 6.140 Thread 0x000001eaa919d800 DEOPT PACKING pc=0x000001ea96dd34f8 sp=0x0000000f7f6fa3b0
Event: 6.140 Thread 0x000001eaa919d800 DEOPT UNPACKING pc=0x000001ea8efe83af sp=0x0000000f7f6fa1d0 mode 2
Event: 6.151 Thread 0x000001eaa919d800 Uncommon trap: trap_request=0xffffff4d fr.pc=0x000001ea96df75c8 relative=0x00000000000000a8
Event: 6.151 Thread 0x000001eaa919d800 Uncommon trap: reason=unstable_if action=reinterpret pc=0x000001ea96df75c8 method=java.lang.CharacterDataLatin1.digit(II)I @ 12 c2
Event: 6.151 Thread 0x000001eaa919d800 DEOPT PACKING pc=0x000001ea96df75c8 sp=0x0000000f7f6fa2c0
Event: 6.151 Thread 0x000001eaa919d800 DEOPT UNPACKING pc=0x000001ea8efe83af sp=0x0000000f7f6fa178 mode 2
Event: 6.155 Thread 0x000001eaa919d800 Uncommon trap: trap_request=0xffffff4d fr.pc=0x000001ea96e55490 relative=0x0000000000000230
Event: 6.155 Thread 0x000001eaa919d800 Uncommon trap: reason=unstable_if action=reinterpret pc=0x000001ea96e55490 method=com.google.gson.stream.JsonReader.doPeek()I @ 315 c2
Event: 6.155 Thread 0x000001eaa919d800 DEOPT PACKING pc=0x000001ea96e55490 sp=0x0000000f7f6faaa0
Event: 6.156 Thread 0x000001eaa919d800 DEOPT UNPACKING pc=0x000001ea8efe83af sp=0x0000000f7f6faa18 mode 2
Event: 6.156 Thread 0x000001eaa919d800 Uncommon trap: trap_request=0xffffff4d fr.pc=0x000001ea96e55a58 relative=0x0000000000000098
Event: 6.156 Thread 0x000001eaa919d800 Uncommon trap: reason=unstable_if action=reinterpret pc=0x000001ea96e55a58 method=com.google.gson.stream.JsonReader.peek()Lcom/google/gson/stream/JsonToken; @ 15 c2
Event: 6.156 Thread 0x000001eaa919d800 DEOPT PACKING pc=0x000001ea96e55a58 sp=0x0000000f7f6fa790
Event: 6.156 Thread 0x000001eaa919d800 DEOPT UNPACKING pc=0x000001ea8efe83af sp=0x0000000f7f6fa718 mode 2

Classes redefined (0 events):
No events

Internal exceptions (20 events):
Event: 5.067 Thread 0x000001eaa919d800 Exception <a 'java/lang/ClassNotFoundException'{0x000000008aa1c3a0}: org/gradle/api/internal/file/CompositeFileTreeCustomizer> (0x000000008aa1c3a0) thrown at [./src/hotspot/share/classfile/systemDictionary.cpp, line 231]
Event: 5.067 Thread 0x000001eaa919d800 Exception <a 'java/lang/ClassNotFoundException'{0x000000008aa5da20}: org/gradle/api/internal/file/collections/DefaultConfigurableFileTreeCustomizer> (0x000000008aa5da20) thrown at [./src/hotspot/share/classfile/systemDictionary.cpp, line 231]
Event: 5.471 Thread 0x000001eaa919d800 Exception <a 'java/lang/ClassNotFoundException'{0x0000000088283b98}: com/android/build/gradle/internal/api/ApkVariantOutputImpl_DecoratedBeanInfo> (0x0000000088283b98) thrown at [./src/hotspot/share/classfile/systemDictionary.cpp, line 231]
Event: 5.471 Thread 0x000001eaa919d800 Exception <a 'java/lang/ClassNotFoundException'{0x000000008829d5b8}: com/android/build/gradle/internal/api/ApkVariantOutputImplBeanInfo> (0x000000008829d5b8) thrown at [./src/hotspot/share/classfile/systemDictionary.cpp, line 231]
Event: 5.472 Thread 0x000001eaa919d800 Exception <a 'java/lang/ClassNotFoundException'{0x00000000882b7788}: com/android/build/gradle/internal/api/BaseVariantOutputImplBeanInfo> (0x00000000882b7788) thrown at [./src/hotspot/share/classfile/systemDictionary.cpp, line 231]
Event: 5.472 Thread 0x000001eaa919d800 Exception <a 'java/lang/ClassNotFoundException'{0x00000000882d19c0}: com/android/build/gradle/internal/api/BaseVariantOutputImplCustomizer> (0x00000000882d19c0) thrown at [./src/hotspot/share/classfile/systemDictionary.cpp, line 231]
Event: 5.473 Thread 0x000001eaa919d800 Exception <a 'java/lang/ClassNotFoundException'{0x00000000882fe290}: com/android/build/gradle/internal/api/ApkVariantOutputImplCustomizer> (0x00000000882fe290) thrown at [./src/hotspot/share/classfile/systemDictionary.cpp, line 231]
Event: 5.474 Thread 0x000001eaa919d800 Exception <a 'java/lang/ClassNotFoundException'{0x0000000088127420}: com/android/build/gradle/internal/api/ApkVariantOutputImpl_DecoratedCustomizer> (0x0000000088127420) thrown at [./src/hotspot/share/classfile/systemDictionary.cpp, line 231]
Event: 5.488 Thread 0x000001eaa919d800 Exception <a 'java/lang/NoClassDefFoundError'{0x00000000880da2d8}: org/jetbrains/kotlin/gradle/plugin/KotlinBasePluginWrapper> (0x00000000880da2d8) thrown at [./src/hotspot/share/classfile/systemDictionary.cpp, line 220]
Event: 5.760 Thread 0x000001eaa919d800 Exception <a 'java/lang/NoSuchMethodError'{0x000000008acab418}: 'java.lang.Object java.lang.invoke.Invokers$Holder.linkToTargetMethod(java.lang.Object, int, java.lang.Object)'> (0x000000008acab418) thrown at [./src/hotspot/share/interpreter/linkResolver.cpp, line 773]
Event: 5.876 Thread 0x000001eaa919d800 Exception <a 'sun/nio/fs/WindowsException'{0x000000008a004db0}> (0x000000008a004db0) thrown at [./src/hotspot/share/prims/jni.cpp, line 615]
Event: 5.876 Thread 0x000001eaa919d800 Exception <a 'sun/nio/fs/WindowsException'{0x000000008a005368}> (0x000000008a005368) thrown at [./src/hotspot/share/prims/jni.cpp, line 615]
Event: 5.953 Thread 0x000001eaa919d800 Exception <a 'java/lang/NullPointerException'{0x00000000898907d8}> (0x00000000898907d8) thrown at [./src/hotspot/share/interpreter/linkResolver.cpp, line 1440]
Event: 5.999 Thread 0x000001eaa919d800 Implicit null exception at 0x000001ea96eef66d to 0x000001ea96ef11b8
Event: 6.104 Thread 0x000001eaa919d800 Exception <a 'java/lang/NoSuchMethodError'{0x00000000889195a8}: 'int java.lang.invoke.DirectMethodHandle$Holder.invokeStatic(java.lang.Object, java.lang.Object, int, java.lang.Object)'> (0x00000000889195a8) thrown at [./src/hotspot/share/interpreter/linkResolver.cpp, line 773]
Event: 6.142 Thread 0x000001eaa919d800 Exception <a 'sun/nio/fs/WindowsException'{0x000000008883b448}> (0x000000008883b448) thrown at [./src/hotspot/share/prims/jni.cpp, line 615]
Event: 6.142 Thread 0x000001eaa919d800 Exception <a 'sun/nio/fs/WindowsException'{0x000000008883c4a0}> (0x000000008883c4a0) thrown at [./src/hotspot/share/prims/jni.cpp, line 615]
Event: 6.142 Thread 0x000001eaa919d800 Exception <a 'sun/nio/fs/WindowsException'{0x000000008883d530}> (0x000000008883d530) thrown at [./src/hotspot/share/prims/jni.cpp, line 615]
Event: 6.143 Thread 0x000001eaa919d800 Exception <a 'sun/nio/fs/WindowsException'{0x000000008883e5c0}> (0x000000008883e5c0) thrown at [./src/hotspot/share/prims/jni.cpp, line 615]
Event: 6.194 Thread 0x000001eaa919d800 Exception <a 'java/lang/NoSuchMethodError'{0x000000008835a098}: 'java.lang.Object java.lang.invoke.Invokers$Holder.linkToTargetMethod(java.lang.Object, int, int, java.lang.Object)'> (0x000000008835a098) thrown at [./src/hotspot/share/interpreter/linkResolver.cpp, line 773]

Events (20 events):
Event: 6.227 loading class kotlin/jvm/internal/PropertyReference0
Event: 6.227 loading class kotlin/jvm/internal/PropertyReference0 done
Event: 6.227 loading class com/android/build/gradle/tasks/ProcessApplicationManifest$sam$java_util_concurrent_Callable$0
Event: 6.227 loading class com/android/build/gradle/tasks/ProcessApplicationManifest$sam$java_util_concurrent_Callable$0 done
Event: 6.227 loading class com/android/build/gradle/tasks/ProcessApplicationManifest$CreationAction$configure$3
Event: 6.227 loading class com/android/build/gradle/tasks/ProcessApplicationManifest$CreationAction$configure$3 done
Event: 6.230 loading class com/android/build/gradle/tasks/CompatibleScreensManifest$CreationAction$configure$2
Event: 6.230 loading class com/android/build/gradle/tasks/CompatibleScreensManifest$CreationAction$configure$2 done
Event: 6.233 loading class com/android/build/gradle/internal/core/VariantSources$manifestOverlays$gatherManifest$1
Event: 6.233 loading class com/android/build/gradle/internal/core/VariantSources$manifestOverlays$gatherManifest$1 done
Event: 6.237 loading class com/android/build/gradle/internal/tasks/MergeNativeLibsTask$Companion
Event: 6.237 loading class com/android/build/gradle/internal/tasks/MergeNativeLibsTask$Companion done
Event: 6.239 loading class com/android/build/gradle/internal/tasks/MergeNativeLibsTask$Companion$predicate$1
Event: 6.239 loading class com/android/build/gradle/internal/tasks/MergeNativeLibsTask$Companion$predicate$1 done
Event: 6.240 loading class com/android/build/gradle/internal/tasks/MergeNativeLibsTaskKt
Event: 6.240 loading class com/android/build/gradle/internal/tasks/MergeNativeLibsTaskKt done
Event: 6.241 loading class com/android/build/gradle/internal/tasks/MergeNativeLibsTaskKt$getProjectNativeLibs$2
Event: 6.241 loading class com/android/build/gradle/internal/tasks/MergeNativeLibsTaskKt$getProjectNativeLibs$2 done
Event: 6.241 loading class com/android/build/gradle/internal/tasks/MergeNativeLibsTaskKt$getProjectNativeLibs$3
Event: 6.241 loading class com/android/build/gradle/internal/tasks/MergeNativeLibsTaskKt$getProjectNativeLibs$3 done


Dynamic libraries:
0x00007ff7b7b80000 - 0x00007ff7b7b8a000 	D:\Android Studio\jre\bin\java.exe
0x00007ff88cbd0000 - 0x00007ff88cdc5000 	C:\Windows\SYSTEM32\ntdll.dll
0x00007ff88b0e0000 - 0x00007ff88b19e000 	C:\Windows\System32\KERNEL32.DLL
0x00007ff88a500000 - 0x00007ff88a7c8000 	C:\Windows\System32\KERNELBASE.dll
0x00007ff88a7d0000 - 0x00007ff88a8d0000 	C:\Windows\System32\ucrtbase.dll
0x00007ff86f070000 - 0x00007ff86f089000 	D:\Android Studio\jre\bin\jli.dll
0x00007ff873840000 - 0x00007ff873857000 	D:\Android Studio\jre\bin\VCRUNTIME140.dll
0x00007ff88b1a0000 - 0x00007ff88b341000 	C:\Windows\System32\USER32.dll
0x00007ff873580000 - 0x00007ff87381a000 	C:\Windows\WinSxS\amd64_microsoft.windows.common-controls_6595b64144ccf1df_6.0.19041.1110_none_60b5254171f9507e\COMCTL32.dll
0x00007ff88a430000 - 0x00007ff88a452000 	C:\Windows\System32\win32u.dll
0x00007ff88b900000 - 0x00007ff88b99e000 	C:\Windows\System32\msvcrt.dll
0x00007ff88c9e0000 - 0x00007ff88ca0b000 	C:\Windows\System32\GDI32.dll
0x00007ff88a920000 - 0x00007ff88aa2b000 	C:\Windows\System32\gdi32full.dll
0x00007ff88a460000 - 0x00007ff88a4fd000 	C:\Windows\System32\msvcp_win.dll
0x00007ff88c8e0000 - 0x00007ff88c910000 	C:\Windows\System32\IMM32.DLL
0x00007ff83ef90000 - 0x00007ff83f02d000 	D:\Android Studio\jre\bin\msvcp140.dll
0x00007ff825d60000 - 0x00007ff82682f000 	D:\Android Studio\jre\bin\server\jvm.dll
0x00007ff88b3d0000 - 0x00007ff88b47c000 	C:\Windows\System32\ADVAPI32.dll
0x00007ff88ca10000 - 0x00007ff88caab000 	C:\Windows\System32\sechost.dll
0x00007ff88bea0000 - 0x00007ff88bfca000 	C:\Windows\System32\RPCRT4.dll
0x00007ff88c870000 - 0x00007ff88c878000 	C:\Windows\System32\PSAPI.DLL
0x00007ff885a30000 - 0x00007ff885a39000 	C:\Windows\SYSTEM32\WSOCK32.dll
0x00007ff87f750000 - 0x00007ff87f75a000 	C:\Windows\SYSTEM32\VERSION.dll
0x00007ff86f450000 - 0x00007ff86f477000 	C:\Windows\SYSTEM32\WINMM.dll
0x00007ff88b360000 - 0x00007ff88b3cb000 	C:\Windows\System32\WS2_32.dll
0x00007ff888b70000 - 0x00007ff888b82000 	C:\Windows\SYSTEM32\kernel.appcore.dll
0x00007ff87d160000 - 0x00007ff87d171000 	D:\Android Studio\jre\bin\verify.dll
0x00007ff888870000 - 0x00007ff888a54000 	C:\Windows\SYSTEM32\DBGHELP.DLL
0x00007ff871490000 - 0x00007ff8714bc000 	C:\Windows\SYSTEM32\dbgcore.DLL
0x00007ff88aa30000 - 0x00007ff88aab3000 	C:\Windows\System32\bcryptPrimitives.dll
0x00007ff8778f0000 - 0x00007ff877919000 	D:\Android Studio\jre\bin\java.dll
0x00007ff87ee20000 - 0x00007ff87ee2b000 	D:\Android Studio\jre\bin\jimage.dll
0x00007ff877860000 - 0x00007ff877878000 	D:\Android Studio\jre\bin\zip.dll
0x00007ff88c080000 - 0x00007ff88c7bf000 	C:\Windows\System32\SHELL32.dll
0x00007ff888010000 - 0x00007ff8887a0000 	C:\Windows\SYSTEM32\windows.storage.dll
0x00007ff88bb40000 - 0x00007ff88be95000 	C:\Windows\System32\combase.dll
0x00007ff889d40000 - 0x00007ff889d6e000 	C:\Windows\SYSTEM32\Wldp.dll
0x00007ff88bfd0000 - 0x00007ff88c07d000 	C:\Windows\System32\SHCORE.dll
0x00007ff88b9a0000 - 0x00007ff88b9f5000 	C:\Windows\System32\shlwapi.dll
0x00007ff88a230000 - 0x00007ff88a24f000 	C:\Windows\SYSTEM32\profapi.dll
0x00007ff871620000 - 0x00007ff87163a000 	D:\Android Studio\jre\bin\net.dll
0x00007ff884800000 - 0x00007ff88490c000 	C:\Windows\SYSTEM32\WINHTTP.dll
0x00007ff889aa0000 - 0x00007ff889b0a000 	C:\Windows\system32\mswsock.dll
0x00007ff86d6c0000 - 0x00007ff86d6d4000 	D:\Android Studio\jre\bin\nio.dll
0x00007ff85a620000 - 0x00007ff85a647000 	C:\Users\Dell\.gradle\native\8bec1ad78214c89d9ad589b4d07fe93259594b29d510b10fafb7a158f7737e5d\windows-amd64\native-platform.dll
0x00007ff83de60000 - 0x00007ff83df9d000 	C:\Users\Dell\.gradle\native\53dbd7edfb1c66fb8903c78663c9afc45aea4f116125fa6feffd364cf09443e8\windows-amd64\native-platform-file-events.dll
0x00007ff87bcc0000 - 0x00007ff87bcca000 	D:\Android Studio\jre\bin\management.dll
0x00007ff877850000 - 0x00007ff87785c000 	D:\Android Studio\jre\bin\management_ext.dll
0x00007ff889c90000 - 0x00007ff889ca8000 	C:\Windows\SYSTEM32\CRYPTSP.dll
0x00007ff8893b0000 - 0x00007ff8893e4000 	C:\Windows\system32\rsaenh.dll
0x00007ff88a400000 - 0x00007ff88a427000 	C:\Windows\System32\bcrypt.dll
0x00007ff88a1b0000 - 0x00007ff88a1de000 	C:\Windows\SYSTEM32\USERENV.dll
0x00007ff889cb0000 - 0x00007ff889cbc000 	C:\Windows\SYSTEM32\CRYPTBASE.dll
0x00007ff889740000 - 0x00007ff88977b000 	C:\Windows\SYSTEM32\IPHLPAPI.DLL
0x00007ff88bb30000 - 0x00007ff88bb38000 	C:\Windows\System32\NSI.dll
0x00007ff87f8d0000 - 0x00007ff87f8e7000 	C:\Windows\SYSTEM32\dhcpcsvc6.DLL
0x00007ff87f730000 - 0x00007ff87f74d000 	C:\Windows\SYSTEM32\dhcpcsvc.DLL
0x00007ff889780000 - 0x00007ff88984b000 	C:\Windows\SYSTEM32\DNSAPI.dll

dbghelp: loaded successfully - version: 4.0.5 - missing functions: none
symbol engine: initialized successfully - sym options: 0x614 - pdb path: .;D:\Android Studio\jre\bin;C:\Windows\SYSTEM32;C:\Windows\WinSxS\amd64_microsoft.windows.common-controls_6595b64144ccf1df_6.0.19041.1110_none_60b5254171f9507e;D:\Android Studio\jre\bin\server;C:\Users\Dell\.gradle\native\8bec1ad78214c89d9ad589b4d07fe93259594b29d510b10fafb7a158f7737e5d\windows-amd64;C:\Users\Dell\.gradle\native\53dbd7edfb1c66fb8903c78663c9afc45aea4f116125fa6feffd364cf09443e8\windows-amd64

VM Arguments:
jvm_args: --add-opens=java.base/java.util=ALL-UNNAMED --add-opens=java.base/java.lang=ALL-UNNAMED --add-opens=java.base/java.lang.invoke=ALL-UNNAMED --add-opens=java.base/java.util=ALL-UNNAMED --add-opens=java.prefs/java.util.prefs=ALL-UNNAMED --add-opens=java.prefs/java.util.prefs=ALL-UNNAMED --add-opens=java.base/java.nio.charset=ALL-UNNAMED --add-opens=java.base/java.net=ALL-UNNAMED --add-opens=java.base/java.util.concurrent.atomic=ALL-UNNAMED -Xmx2048m -Dfile.encoding=UTF-8 -Duser.country=US -Duser.language=en -Duser.variant 
java_command: org.gradle.launcher.daemon.bootstrap.GradleDaemon 7.0.2
java_class_path (initial): C:\Users\Dell\.gradle\wrapper\dists\gradle-7.0.2-bin\857tjihv64xamwrf0h14cai3r\gradle-7.0.2\lib\gradle-launcher-7.0.2.jar
Launcher Type: SUN_STANDARD

[Global flags]
     intx CICompilerCount                          = 4                                         {product} {ergonomic}
     uint ConcGCThreads                            = 2                                         {product} {ergonomic}
     uint G1ConcRefinementThreads                  = 8                                         {product} {ergonomic}
   size_t G1HeapRegionSize                         = 1048576                                   {product} {ergonomic}
    uintx GCDrainStackTargetSize                   = 64                                        {product} {ergonomic}
   size_t InitialHeapSize                          = 130023424                                 {product} {ergonomic}
   size_t MarkStackSize                            = 4194304                                   {product} {ergonomic}
   size_t MaxHeapSize                              = 2147483648                                {product} {command line}
   size_t MaxNewSize                               = 1287651328                                {product} {ergonomic}
   size_t MinHeapDeltaBytes                        = 1048576                                   {product} {ergonomic}
    uintx NonNMethodCodeHeapSize                   = 5836300                                {pd product} {ergonomic}
    uintx NonProfiledCodeHeapSize                  = 122910970                              {pd product} {ergonomic}
    uintx ProfiledCodeHeapSize                     = 122910970                              {pd product} {ergonomic}
    uintx ReservedCodeCacheSize                    = 251658240                              {pd product} {ergonomic}
     bool SegmentedCodeCache                       = true                                      {product} {ergonomic}
     bool UseCompressedClassPointers               = true                                 {lp64_product} {ergonomic}
     bool UseCompressedOops                        = true                                 {lp64_product} {ergonomic}
     bool UseG1GC                                  = true                                      {product} {ergonomic}
     bool UseLargePagesIndividualAllocation        = false                                  {pd product} {ergonomic}

Logging:
Log output configuration:
 #0: stdout all=warning uptime,level,tags
 #1: stderr all=off uptime,level,tags

Environment Variables:
PATH=D:\VMware\bin\;C:\Program Files\Common Files\Oracle\Java\javapath;C:\Windows\system32;C:\Windows;C:\Windows\System32\Wbem;C:\Windows\System32\WindowsPowerShell\v1.0\;C:\Windows\System32\OpenSSH\;C:\Program Files\NVIDIA Corporation\NVIDIA NvDLISR;C:\Program Files\Microsoft SQL Server\Client SDK\ODBC\170\Tools\Binn\;C:\Program Files (x86)\Microsoft SQL Server\150\Tools\Binn\;C:\Program Files\Microsoft SQL Server\150\Tools\Binn\;C:\Program Files\Microsoft SQL Server\150\DTS\Binn\;C:\Program Files (x86)\Microsoft SQL Server\150\DTS\Binn\;C:\Program Files\Azure Data Studio\bin;C:\Program Files\Microsoft SQL Server\130\Tools\Binn\;D:\Git\Git\cmd;C:\Program Files (x86)\NVIDIA Corporation\PhysX\Common;D:\Xampp\php;C:\ProgramData\ComposerSetup\bin;C:\Users\Dell\AppData\Local\Microsoft\WindowsApps;;C:\Program Files\Azure Data Studio\bin;D:\Visual Studio Code\Microsoft VS Code\bin;C:\Users\Dell\AppData\Roaming\Composer\vendor\bin
USERNAME=Dell
OS=Windows_NT
PROCESSOR_IDENTIFIER=Intel64 Family 6 Model 140 Stepping 1, GenuineIntel



---------------  S Y S T E M  ---------------

OS: Windows 10 , 64 bit Build 19041 (10.0.19041.1348)
OS uptime: 0 days 19:46 hours

CPU:total 8 (initial active 8) (4 cores per cpu, 2 threads per core) family 6 model 140 stepping 1 microcode 0x86, cmov, cx8, fxsr, mmx, sse, sse2, sse3, ssse3, sse4.1, sse4.2, popcnt, avx, avx2, aes, clmul, erms, 3dnowpref, lzcnt, ht, tsc, tscinvbit, bmi1, bmi2, adx, evex, sha, fma

Memory: 4k page, system-wide physical 7914M (660M free)
TotalPageFile size 12214M (AvailPageFile size 5M)
current process WorkingSet (physical memory assigned to process): 418M, peak: 418M
current process commit charge ("private bytes"): 456M, peak: 457M

vm_info: OpenJDK 64-Bit Server VM (11.0.10+0-b96-7249189) for windows-amd64 JRE (11.0.10+0-b96-7249189), built on Mar 31 2021 21:44:00 by "builder" with MS VC++ 14.0 (VS2015)

END.
