#
# There is insufficient memory for the Java Runtime Environment to continue.
# Native memory allocation (mmap) failed to map 31457280 bytes for Failed to commit area from 0x0000000089500000 to 0x000000008b300000 of length 31457280.
# Possible reasons:
#   The system is out of physical RAM or swap space
#   The process is running with CompressedOops enabled, and the Java Heap may be blocking the growth of the native heap
# Possible solutions:
#   Reduce memory load on the system
#   Increase physical memory or swap space
#   Check if swap backing store is full
#   Decrease Java heap size (-Xmx/-Xms)
#   Decrease number of Java threads
#   Decrease Java thread stack sizes (-Xss)
#   Set larger code cache with -XX:ReservedCodeCacheSize=
#   JVM is running with Unscaled Compressed Oops mode in which the Java heap is
#     placed in the first 4GB address space. The Java Heap base address is the
#     maximum limit for the native heap growth. Please use -XX:HeapBaseMinAddress
#     to set the Java Heap base and to place the Java Heap above 4GB virtual address.
# This output file may be truncated or incomplete.
#
#  Out of Memory Error (./src/hotspot/os/windows/os_windows.cpp:3301), pid=11696, tid=2648
#
# JRE version: OpenJDK Runtime Environment (11.0.10) (build 11.0.10+0-b96-7249189)
# Java VM: OpenJDK 64-Bit Server VM (11.0.10+0-b96-7249189, mixed mode, tiered, compressed oops, g1 gc, windows-amd64)
# No core dump will be written. Minidumps are not enabled by default on client versions of Windows
#

---------------  S U M M A R Y ------------

Command Line: --add-opens=java.base/java.util=ALL-UNNAMED --add-opens=java.base/java.lang=ALL-UNNAMED --add-opens=java.base/java.lang.invoke=ALL-UNNAMED --add-opens=java.base/java.util=ALL-UNNAMED --add-opens=java.prefs/java.util.prefs=ALL-UNNAMED --add-opens=java.prefs/java.util.prefs=ALL-UNNAMED --add-opens=java.base/java.nio.charset=ALL-UNNAMED --add-opens=java.base/java.net=ALL-UNNAMED --add-opens=java.base/java.util.concurrent.atomic=ALL-UNNAMED -Xmx2048m -Dfile.encoding=UTF-8 -Duser.country=US -Duser.language=en -Duser.variant org.gradle.launcher.daemon.bootstrap.GradleDaemon 7.0.2

Host: 11th Gen Intel(R) Core(TM) i5-1135G7 @ 2.40GHz, 8 cores, 7G,  Windows 10 , 64 bit Build 19041 (10.0.19041.1348)
Time: Sat Dec  4 15:46:12 2021 SE Asia Standard Time elapsed time: 5.591782 seconds (0d 0h 0m 5s)

---------------  T H R E A D  ---------------

Current thread (0x000001b91b35e800):  VMThread "VM Thread" [stack: 0x0000003fad300000,0x0000003fad400000] [id=2648]

Stack: [0x0000003fad300000,0x0000003fad400000]
[error occurred during error reporting (printing stack bounds), id 0xc0000005, EXCEPTION_ACCESS_VIOLATION (0xc0000005) at pc=0x000001b904e210e7]

Native frames: (J=compiled Java code, j=interpreted, Vv=VM code, C=native code)
V  [jvm.dll+0x5ecfaa]
V  [jvm.dll+0x722bd5]
V  [jvm.dll+0x72412d]
V  [jvm.dll+0x724745]
V  [jvm.dll+0x7246fb]
V  [jvm.dll+0x5ec348]
V  [jvm.dll+0x5ecad8]
C  [ntdll.dll+0xa20cf]
C  [ntdll.dll+0x51454]
C  [ntdll.dll+0xa0bfe]
C  0x000001b904e210e7

VM_Operation (0x0000003fae6f9380): G1CollectForAllocation, mode: safepoint, requested by thread 0x000001b91e111000


---------------  P R O C E S S  ---------------

Threads class SMR info:
_java_thread_list=0x000001b922e81200, length=52, elements={
0x000001b97ef0b800, 0x000001b91b361800, 0x000001b91b363000, 0x000001b91b38c800,
0x000001b91b390800, 0x000001b91b391800, 0x000001b91b393000, 0x000001b91bceb800,
0x000001b91bcf2000, 0x000001b91be46000, 0x000001b91e373000, 0x000001b91c090000,
0x000001b91c41a800, 0x000001b91d843800, 0x000001b91e183800, 0x000001b91e29a000,
0x000001b91cde7800, 0x000001b91e111000, 0x000001b91cf90800, 0x000001b91d2e2800,
0x000001b91e1a6000, 0x000001b91e1a4000, 0x000001b91e1a5000, 0x000001b91e1a6800,
0x000001b91e2b0000, 0x000001b91e2ab000, 0x000001b91e2ad800, 0x000001b91e2ae800,
0x000001b91e2ac000, 0x000001b91e2b2800, 0x000001b91f935000, 0x000001b91e2ac800,
0x000001b91e2b5000, 0x000001b91e2b1800, 0x000001b91e2b6800, 0x000001b91e2b9000,
0x000001b91e2b5800, 0x000001b91e2b7800, 0x000001b91e2b3800, 0x000001b91e2b8000,
0x000001b91e2ba000, 0x000001b91e2b4000, 0x000001b920f8a800, 0x000001b920f8d800,
0x000001b920f8b000, 0x000001b920f8d000, 0x000001b920f88000, 0x000001b920f8e800,
0x000001b920f88800, 0x000001b920f8c000, 0x000001b920f8f800, 0x000001b920f91000
}

Java Threads: ( => current thread )
  0x000001b97ef0b800 JavaThread "main" [_thread_blocked, id=15208, stack(0x0000003facd00000,0x0000003face00000)]
  0x000001b91b361800 JavaThread "Reference Handler" daemon [_thread_blocked, id=8752, stack(0x0000003fad400000,0x0000003fad500000)]
  0x000001b91b363000 JavaThread "Finalizer" daemon [_thread_blocked, id=15396, stack(0x0000003fad500000,0x0000003fad600000)]
  0x000001b91b38c800 JavaThread "Signal Dispatcher" daemon [_thread_blocked, id=14704, stack(0x0000003fad600000,0x0000003fad700000)]
  0x000001b91b390800 JavaThread "Attach Listener" daemon [_thread_blocked, id=8504, stack(0x0000003fad700000,0x0000003fad800000)]
  0x000001b91b391800 JavaThread "Service Thread" daemon [_thread_blocked, id=8572, stack(0x0000003fad800000,0x0000003fad900000)]
  0x000001b91b393000 JavaThread "C2 CompilerThread0" daemon [_thread_in_native, id=15168, stack(0x0000003fad900000,0x0000003fada00000)]
  0x000001b91bceb800 JavaThread "C1 CompilerThread0" daemon [_thread_blocked, id=4124, stack(0x0000003fada00000,0x0000003fadb00000)]
  0x000001b91bcf2000 JavaThread "Sweeper thread" daemon [_thread_blocked, id=10612, stack(0x0000003fadb00000,0x0000003fadc00000)]
  0x000001b91be46000 JavaThread "Common-Cleaner" daemon [_thread_blocked, id=11400, stack(0x0000003fadc00000,0x0000003fadd00000)]
  0x000001b91e373000 JavaThread "Daemon health stats" [_thread_blocked, id=15692, stack(0x0000003fae100000,0x0000003fae200000)]
  0x000001b91c090000 JavaThread "Incoming local TCP Connector on port 64134" [_thread_in_native, id=8024, stack(0x0000003fade00000,0x0000003fadf00000)]
  0x000001b91c41a800 JavaThread "Daemon periodic checks" [_thread_blocked, id=10868, stack(0x0000003fadf00000,0x0000003fae000000)]
  0x000001b91d843800 JavaThread "Daemon" [_thread_blocked, id=9008, stack(0x0000003fae200000,0x0000003fae300000)]
  0x000001b91e183800 JavaThread "Handler for socket connection from /127.0.0.1:64134 to /127.0.0.1:64135" [_thread_in_native, id=5788, stack(0x0000003fae300000,0x0000003fae400000)]
  0x000001b91e29a000 JavaThread "C2 CompilerThread1" daemon [_thread_blocked, id=15128, stack(0x0000003fae400000,0x0000003fae500000)]
  0x000001b91cde7800 JavaThread "Cancel handler" [_thread_blocked, id=2892, stack(0x0000003fae500000,0x0000003fae600000)]
  0x000001b91e111000 JavaThread "Daemon worker" [_thread_blocked, id=11924, stack(0x0000003fae600000,0x0000003fae700000)]
  0x000001b91cf90800 JavaThread "Asynchronous log dispatcher for DefaultDaemonConnection: socket connection from /127.0.0.1:64134 to /127.0.0.1:64135" [_thread_blocked, id=940, stack(0x0000003fae700000,0x0000003fae800000)]
  0x000001b91d2e2800 JavaThread "Stdin handler" [_thread_blocked, id=16204, stack(0x0000003fae800000,0x0000003fae900000)]
  0x000001b91e1a6000 JavaThread "Daemon client event forwarder" [_thread_blocked, id=15652, stack(0x0000003fae900000,0x0000003faea00000)]
  0x000001b91e1a4000 JavaThread "Cache worker for file hash cache (C:\Users\Dell\.gradle\caches\7.0.2\fileHashes)" [_thread_blocked, id=12912, stack(0x0000003faf000000,0x0000003faf100000)]
  0x000001b91e1a5000 JavaThread "File lock request listener" [_thread_in_native, id=932, stack(0x0000003faf100000,0x0000003faf200000)]
  0x000001b91e1a6800 JavaThread "Cache worker for journal cache (C:\Users\Dell\.gradle\caches\journal-1)" [_thread_blocked, id=2108, stack(0x0000003faf300000,0x0000003faf400000)]
  0x000001b91e2b0000 JavaThread "Cache worker for file hash cache (D:\LapTrinhDiDong\UpLoadGit\ChayThu\bookShop\ShopBanSach2\.gradle\7.0.2\fileHashes)" [_thread_blocked, id=15784, stack(0x0000003faf400000,0x0000003faf500000)]
  0x000001b91e2ab000 JavaThread "File watcher server" daemon [_thread_in_native, id=1916, stack(0x0000003faf500000,0x0000003faf600000)]
  0x000001b91e2ad800 JavaThread "File watcher consumer" daemon [_thread_blocked, id=1096, stack(0x0000003faf600000,0x0000003faf700000)]
  0x000001b91e2ae800 JavaThread "Cache worker for checksums cache (D:\LapTrinhDiDong\UpLoadGit\ChayThu\bookShop\ShopBanSach2\.gradle\checksums)" [_thread_blocked, id=16024, stack(0x0000003faf700000,0x0000003faf800000)]
  0x000001b91e2ac000 JavaThread "Cache worker for cache directory md-supplier (C:\Users\Dell\.gradle\caches\7.0.2\md-supplier)" [_thread_blocked, id=7060, stack(0x0000003faf800000,0x0000003faf900000)]
  0x000001b91e2b2800 JavaThread "Cache worker for cache directory md-rule (C:\Users\Dell\.gradle\caches\7.0.2\md-rule)" [_thread_blocked, id=10724, stack(0x0000003faf900000,0x0000003fafa00000)]
  0x000001b91f935000 JavaThread "C2 CompilerThread2" daemon [_thread_blocked, id=14344, stack(0x0000003fafa00000,0x0000003fafb00000)]
  0x000001b91e2ac800 JavaThread "Cache worker for execution history cache (C:\Users\Dell\.gradle\caches\7.0.2\executionHistory)" [_thread_blocked, id=15860, stack(0x0000003fafb00000,0x0000003fafc00000)]
  0x000001b91e2b5000 JavaThread "jar transforms" [_thread_blocked, id=10292, stack(0x0000003fafc00000,0x0000003fafd00000)]
  0x000001b91e2b1800 JavaThread "jar transforms Thread 2" [_thread_blocked, id=5800, stack(0x0000003fafd00000,0x0000003fafe00000)]
  0x000001b91e2b6800 JavaThread "Cache worker for file content cache (C:\Users\Dell\.gradle\caches\7.0.2\fileContent)" [_thread_blocked, id=13664, stack(0x0000003fafe00000,0x0000003faff00000)]
  0x000001b91e2b9000 JavaThread "Cache worker for dependencies-accessors (D:\LapTrinhDiDong\UpLoadGit\ChayThu\bookShop\ShopBanSach2\.gradle\7.0.2\dependencies-accessors)" [_thread_blocked, id=10044, stack(0x0000003faff00000,0x0000003fb0000000)]
  0x000001b91e2b5800 JavaThread "jar transforms Thread 3" [_thread_blocked, id=15328, stack(0x0000003fb0000000,0x0000003fb0100000)]
  0x000001b91e2b7800 JavaThread "Cache worker for Build Output Cleanup Cache (D:\LapTrinhDiDong\UpLoadGit\ChayThu\bookShop\ShopBanSach2\.gradle\buildOutputCleanup)" [_thread_blocked, id=12684, stack(0x0000003fb0100000,0x0000003fb0200000)]
  0x000001b91e2b3800 JavaThread "Build operations" [_thread_blocked, id=9524, stack(0x0000003fb0200000,0x0000003fb0300000)]
  0x000001b91e2b8000 JavaThread "Build operations Thread 2" [_thread_blocked, id=13400, stack(0x0000003fb0300000,0x0000003fb0400000)]
  0x000001b91e2ba000 JavaThread "Build operations Thread 3" [_thread_blocked, id=4488, stack(0x0000003fb0400000,0x0000003fb0500000)]
  0x000001b91e2b4000 JavaThread "Build operations Thread 4" [_thread_blocked, id=12524, stack(0x0000003fb0500000,0x0000003fb0600000)]
  0x000001b920f8a800 JavaThread "Build operations Thread 5" [_thread_blocked, id=9024, stack(0x0000003fb0600000,0x0000003fb0700000)]
  0x000001b920f8d800 JavaThread "Build operations Thread 6" [_thread_blocked, id=9716, stack(0x0000003fb0700000,0x0000003fb0800000)]
  0x000001b920f8b000 JavaThread "Build operations Thread 7" [_thread_blocked, id=4724, stack(0x0000003fb0800000,0x0000003fb0900000)]
  0x000001b920f8d000 JavaThread "Build operations Thread 8" [_thread_blocked, id=4216, stack(0x0000003fb0900000,0x0000003fb0a00000)]
  0x000001b920f88000 JavaThread "jar transforms Thread 4" [_thread_blocked, id=8984, stack(0x0000003fb0a00000,0x0000003fb0b00000)]
  0x000001b920f8e800 JavaThread "jar transforms Thread 5" [_thread_blocked, id=9140, stack(0x0000003fb0b00000,0x0000003fb0c00000)]
  0x000001b920f88800 JavaThread "jar transforms Thread 6" [_thread_blocked, id=5428, stack(0x0000003fb0c00000,0x0000003fb0d00000)]
  0x000001b920f8c000 JavaThread "jar transforms Thread 7" [_thread_blocked, id=4772, stack(0x0000003fb0d00000,0x0000003fb0e00000)]
  0x000001b920f8f800 JavaThread "jar transforms Thread 8" [_thread_blocked, id=3540, stack(0x0000003fb0e00000,0x0000003fb0f00000)]
  0x000001b920f91000 JavaThread "Memory manager" [_thread_blocked, id=11940, stack(0x0000003fb0f00000,0x0000003fb1000000)]

Other Threads:
=>0x000001b91b35e800 VMThread "VM Thread" [stack: 0x0000003fad300000,0x0000003fad400000] [id=2648]
  0x000001b91be75000 WatcherThread [stack: 0x0000003fadd00000,0x0000003fade00000] [id=3312]
  0x000001b97ef23000 GCTaskThread "GC Thread#0" [stack: 0x0000003face00000,0x0000003facf00000] [id=15816]
  0x000001b91cde8800 GCTaskThread "GC Thread#1" [stack: 0x0000003fae000000,0x0000003fae100000] [id=12020]
  0x000001b91c1b6000 GCTaskThread "GC Thread#2" [stack: 0x0000003faea00000,0x0000003faeb00000] [id=9280]
  0x000001b91e488000 GCTaskThread "GC Thread#3" [stack: 0x0000003faeb00000,0x0000003faec00000] [id=15084]
  0x000001b91cfd7000 GCTaskThread "GC Thread#4" [stack: 0x0000003faec00000,0x0000003faed00000] [id=15604]
  0x000001b91d1fc000 GCTaskThread "GC Thread#5" [stack: 0x0000003faed00000,0x0000003faee00000] [id=3632]
  0x000001b91d1fd000 GCTaskThread "GC Thread#6" [stack: 0x0000003faee00000,0x0000003faef00000] [id=13544]
  0x000001b91e0dc800 GCTaskThread "GC Thread#7" [stack: 0x0000003faef00000,0x0000003faf000000] [id=6356]
  0x000001b97ef59000 ConcurrentGCThread "G1 Main Marker" [stack: 0x0000003facf00000,0x0000003fad000000] [id=15140]
  0x000001b97ef5a800 ConcurrentGCThread "G1 Conc#0" [stack: 0x0000003fad000000,0x0000003fad100000] [id=12200]
  0x000001b91de76000 ConcurrentGCThread "G1 Conc#1" [stack: 0x0000003faf200000,0x0000003faf300000] [id=14052]
  0x000001b91b1b0800 ConcurrentGCThread "G1 Refine#0" [stack: 0x0000003fad100000,0x0000003fad200000] [id=13336]
  0x000001b91b1b1800 ConcurrentGCThread "G1 Young RemSet Sampling" [stack: 0x0000003fad200000,0x0000003fad300000] [id=6632]

Threads with active compile tasks:
C2 CompilerThread0   5601 6144 %     4       org.gradle.internal.instantiation.generator.AbstractClassGenerator::inspectType @ 341 (560 bytes)
C1 CompilerThread0   5601 6335       3       com.android.build.api.artifact.impl.PropertyAdapter$DefaultImpls::from (25 bytes)
C2 CompilerThread1   5601 6329       4       java.util.Collections$SetFromMap::remove (19 bytes)

VM state:at safepoint (normal execution)

VM Mutex/Monitor currently owned by a thread:  ([mutex/lock_event])
[0x000001b97ef08d10] Threads_lock - owner thread: 0x000001b91b35e800
[0x000001b97ef09070] Heap_lock - owner thread: 0x000001b91e111000

Heap address: 0x0000000080000000, size: 2048 MB, Compressed Oops mode: 32-bit
Narrow klass base: 0x0000000000000000, Narrow klass shift: 3
Compressed class space size: 1073741824 Address: 0x0000000100000000

Heap:
 garbage-first heap   total 183296K, used 51919K [0x0000000080000000, 0x0000000100000000)
  region size 1024K, 8 young (8192K), 8 survivors (8192K)
 Metaspace       used 66772K, capacity 68381K, committed 68608K, reserved 1107968K
  class space    used 8662K, capacity 9251K, committed 9292K, reserved 1048576K
Heap Regions: E=young(eden), S=young(survivor), O=old, HS=humongous(starts), HC=humongous(continues), CS=collection set, F=free, A=archive, TAMS=top-at-mark-start (previous, next)
|   0|0x0000000080000000, 0x0000000080100000, 0x0000000080100000|100%| O|  |TAMS 0x0000000080100000, 0x0000000080000000| Untracked 
|   1|0x0000000080100000, 0x0000000080200000, 0x0000000080200000|100%| O|  |TAMS 0x0000000080200000, 0x0000000080100000| Untracked 
|   2|0x0000000080200000, 0x0000000080300000, 0x0000000080300000|100%| O|  |TAMS 0x0000000080300000, 0x0000000080200000| Untracked 
|   3|0x0000000080300000, 0x0000000080400000, 0x0000000080400000|100%|HS|  |TAMS 0x0000000080400000, 0x0000000080300000| Complete 
|   4|0x0000000080400000, 0x0000000080500000, 0x0000000080500000|100%|HC|  |TAMS 0x0000000080500000, 0x0000000080400000| Complete 
|   5|0x0000000080500000, 0x0000000080600000, 0x0000000080600000|100%|HC|  |TAMS 0x0000000080600000, 0x0000000080500000| Complete 
|   6|0x0000000080600000, 0x0000000080700000, 0x0000000080700000|100%| O|  |TAMS 0x0000000080700000, 0x0000000080600000| Untracked 
|   7|0x0000000080700000, 0x0000000080800000, 0x0000000080800000|100%| O|  |TAMS 0x0000000080800000, 0x0000000080700000| Untracked 
|   8|0x0000000080800000, 0x0000000080900000, 0x0000000080900000|100%| O|  |TAMS 0x0000000080900000, 0x0000000080800000| Untracked 
|   9|0x0000000080900000, 0x0000000080a00000, 0x0000000080a00000|100%| O|  |TAMS 0x0000000080a00000, 0x0000000080900000| Untracked 
|  10|0x0000000080a00000, 0x0000000080b00000, 0x0000000080b00000|100%| O|  |TAMS 0x0000000080b00000, 0x0000000080a00000| Untracked 
|  11|0x0000000080b00000, 0x0000000080c00000, 0x0000000080c00000|100%| O|  |TAMS 0x0000000080c00000, 0x0000000080b00000| Untracked 
|  12|0x0000000080c00000, 0x0000000080d00000, 0x0000000080d00000|100%| O|  |TAMS 0x0000000080d00000, 0x0000000080c00000| Untracked 
|  13|0x0000000080d00000, 0x0000000080e00000, 0x0000000080e00000|100%| O|  |TAMS 0x0000000080e00000, 0x0000000080d00000| Untracked 
|  14|0x0000000080e00000, 0x0000000080f00000, 0x0000000080f00000|100%| O|  |TAMS 0x0000000080f00000, 0x0000000080e00000| Untracked 
|  15|0x0000000080f00000, 0x0000000081000000, 0x0000000081000000|100%| O|  |TAMS 0x0000000081000000, 0x0000000080f00000| Untracked 
|  16|0x0000000081000000, 0x0000000081100000, 0x0000000081100000|100%| O|  |TAMS 0x0000000081100000, 0x0000000081000000| Untracked 
|  17|0x0000000081100000, 0x0000000081200000, 0x0000000081200000|100%| O|  |TAMS 0x0000000081200000, 0x0000000081100000| Untracked 
|  18|0x0000000081200000, 0x0000000081300000, 0x0000000081300000|100%|HS|  |TAMS 0x0000000081300000, 0x0000000081200000| Complete 
|  19|0x0000000081300000, 0x0000000081400000, 0x0000000081400000|100%| O|  |TAMS 0x0000000081400000, 0x0000000081300000| Untracked 
|  20|0x0000000081400000, 0x0000000081500000, 0x0000000081500000|100%| O|  |TAMS 0x0000000081500000, 0x0000000081400000| Untracked 
|  21|0x0000000081500000, 0x0000000081600000, 0x0000000081600000|100%| O|  |TAMS 0x0000000081600000, 0x0000000081500000| Untracked 
|  22|0x0000000081600000, 0x0000000081700000, 0x0000000081700000|100%| O|  |TAMS 0x0000000081700000, 0x0000000081600000| Untracked 
|  23|0x0000000081700000, 0x0000000081800000, 0x0000000081800000|100%| O|  |TAMS 0x0000000081800000, 0x0000000081700000| Untracked 
|  24|0x0000000081800000, 0x0000000081900000, 0x0000000081900000|100%| O|  |TAMS 0x0000000081900000, 0x0000000081800000| Untracked 
|  25|0x0000000081900000, 0x0000000081a00000, 0x0000000081a00000|100%| O|  |TAMS 0x0000000081a00000, 0x0000000081900000| Untracked 
|  26|0x0000000081a00000, 0x0000000081b00000, 0x0000000081b00000|100%|HS|  |TAMS 0x0000000081b00000, 0x0000000081a00000| Complete 
|  27|0x0000000081b00000, 0x0000000081c00000, 0x0000000081c00000|100%|HS|  |TAMS 0x0000000081c00000, 0x0000000081b00000| Complete 
|  28|0x0000000081c00000, 0x0000000081d00000, 0x0000000081d00000|100%|HC|  |TAMS 0x0000000081d00000, 0x0000000081c00000| Complete 
|  29|0x0000000081d00000, 0x0000000081e00000, 0x0000000081e00000|100%| O|  |TAMS 0x0000000081e00000, 0x0000000081d00000| Untracked 
|  30|0x0000000081e00000, 0x0000000081f00000, 0x0000000081f00000|100%| O|  |TAMS 0x0000000081f00000, 0x0000000081e00000| Untracked 
|  31|0x0000000081f00000, 0x0000000082000000, 0x0000000082000000|100%| O|  |TAMS 0x0000000082000000, 0x0000000081f00000| Untracked 
|  32|0x0000000082000000, 0x0000000082100000, 0x0000000082100000|100%| O|  |TAMS 0x0000000082100000, 0x0000000082000000| Untracked 
|  33|0x0000000082100000, 0x0000000082200000, 0x0000000082200000|100%| O|  |TAMS 0x0000000082200000, 0x0000000082100000| Untracked 
|  34|0x0000000082200000, 0x0000000082300000, 0x0000000082300000|100%| O|  |TAMS 0x0000000082300000, 0x0000000082200000| Untracked 
|  35|0x0000000082300000, 0x0000000082400000, 0x0000000082400000|100%| O|  |TAMS 0x0000000082400000, 0x0000000082300000| Untracked 
|  36|0x0000000082400000, 0x0000000082500000, 0x0000000082500000|100%| O|  |TAMS 0x0000000082500000, 0x0000000082400000| Untracked 
|  37|0x0000000082500000, 0x0000000082600000, 0x0000000082600000|100%| O|  |TAMS 0x0000000082600000, 0x0000000082500000| Untracked 
|  38|0x0000000082600000, 0x0000000082700000, 0x0000000082700000|100%| O|  |TAMS 0x0000000082700000, 0x0000000082600000| Untracked 
|  39|0x0000000082700000, 0x0000000082800000, 0x0000000082800000|100%| O|  |TAMS 0x0000000082800000, 0x0000000082700000| Untracked 
|  40|0x0000000082800000, 0x0000000082900000, 0x0000000082900000|100%| O|  |TAMS 0x0000000082900000, 0x0000000082800000| Untracked 
|  41|0x0000000082900000, 0x0000000082a00000, 0x0000000082a00000|100%| O|  |TAMS 0x0000000082910600, 0x0000000082900000| Untracked 
|  42|0x0000000082a00000, 0x0000000082ab3e00, 0x0000000082b00000| 70%| O|  |TAMS 0x0000000082a00000, 0x0000000082a00000| Untracked 
|  43|0x0000000082b00000, 0x0000000082b00000, 0x0000000082c00000|  0%| F|  |TAMS 0x0000000082b00000, 0x0000000082b00000| Untracked 
|  44|0x0000000082c00000, 0x0000000082c00000, 0x0000000082d00000|  0%| F|  |TAMS 0x0000000082c00000, 0x0000000082c00000| Untracked 
|  45|0x0000000082d00000, 0x0000000082d00000, 0x0000000082e00000|  0%| F|  |TAMS 0x0000000082d00000, 0x0000000082d00000| Untracked 
|  46|0x0000000082e00000, 0x0000000082e00000, 0x0000000082f00000|  0%| F|  |TAMS 0x0000000082e00000, 0x0000000082e00000| Untracked 
|  47|0x0000000082f00000, 0x0000000082f00000, 0x0000000083000000|  0%| F|  |TAMS 0x0000000082f00000, 0x0000000082f00000| Untracked 
|  48|0x0000000083000000, 0x0000000083000000, 0x0000000083100000|  0%| F|  |TAMS 0x0000000083000000, 0x0000000083000000| Untracked 
|  49|0x0000000083100000, 0x0000000083100000, 0x0000000083200000|  0%| F|  |TAMS 0x0000000083100000, 0x0000000083100000| Untracked 
|  50|0x0000000083200000, 0x0000000083200000, 0x0000000083300000|  0%| F|  |TAMS 0x0000000083200000, 0x0000000083200000| Untracked 
|  51|0x0000000083300000, 0x0000000083300000, 0x0000000083400000|  0%| F|  |TAMS 0x0000000083300000, 0x0000000083300000| Untracked 
|  52|0x0000000083400000, 0x0000000083400000, 0x0000000083500000|  0%| F|  |TAMS 0x0000000083400000, 0x0000000083400000| Untracked 
|  53|0x0000000083500000, 0x0000000083500000, 0x0000000083600000|  0%| F|  |TAMS 0x0000000083500000, 0x0000000083500000| Untracked 
|  54|0x0000000083600000, 0x0000000083600000, 0x0000000083700000|  0%| F|  |TAMS 0x0000000083600000, 0x0000000083600000| Untracked 
|  55|0x0000000083700000, 0x0000000083700000, 0x0000000083800000|  0%| F|  |TAMS 0x0000000083700000, 0x0000000083700000| Untracked 
|  56|0x0000000083800000, 0x0000000083800000, 0x0000000083900000|  0%| F|  |TAMS 0x0000000083800000, 0x0000000083800000| Untracked 
|  57|0x0000000083900000, 0x0000000083900000, 0x0000000083a00000|  0%| F|  |TAMS 0x0000000083900000, 0x0000000083900000| Untracked 
|  58|0x0000000083a00000, 0x0000000083a00000, 0x0000000083b00000|  0%| F|  |TAMS 0x0000000083a00000, 0x0000000083a00000| Untracked 
|  59|0x0000000083b00000, 0x0000000083b00000, 0x0000000083c00000|  0%| F|  |TAMS 0x0000000083b00000, 0x0000000083b00000| Untracked 
|  60|0x0000000083c00000, 0x0000000083c00000, 0x0000000083d00000|  0%| F|  |TAMS 0x0000000083c00000, 0x0000000083c00000| Untracked 
|  61|0x0000000083d00000, 0x0000000083d00000, 0x0000000083e00000|  0%| F|  |TAMS 0x0000000083d00000, 0x0000000083d00000| Untracked 
|  62|0x0000000083e00000, 0x0000000083e00000, 0x0000000083f00000|  0%| F|  |TAMS 0x0000000083e00000, 0x0000000083e00000| Untracked 
|  63|0x0000000083f00000, 0x0000000083f00000, 0x0000000084000000|  0%| F|  |TAMS 0x0000000083f00000, 0x0000000083f00000| Untracked 
|  64|0x0000000084000000, 0x0000000084000000, 0x0000000084100000|  0%| F|  |TAMS 0x0000000084000000, 0x0000000084000000| Untracked 
|  65|0x0000000084100000, 0x0000000084100000, 0x0000000084200000|  0%| F|  |TAMS 0x0000000084100000, 0x0000000084100000| Untracked 
|  66|0x0000000084200000, 0x0000000084200000, 0x0000000084300000|  0%| F|  |TAMS 0x0000000084200000, 0x0000000084200000| Untracked 
|  67|0x0000000084300000, 0x0000000084300000, 0x0000000084400000|  0%| F|  |TAMS 0x0000000084300000, 0x0000000084300000| Untracked 
|  68|0x0000000084400000, 0x0000000084400000, 0x0000000084500000|  0%| F|  |TAMS 0x0000000084400000, 0x0000000084400000| Untracked 
|  69|0x0000000084500000, 0x0000000084500000, 0x0000000084600000|  0%| F|  |TAMS 0x0000000084500000, 0x0000000084500000| Untracked 
|  70|0x0000000084600000, 0x0000000084600000, 0x0000000084700000|  0%| F|  |TAMS 0x0000000084600000, 0x0000000084600000| Untracked 
|  71|0x0000000084700000, 0x0000000084700000, 0x0000000084800000|  0%| F|  |TAMS 0x0000000084700000, 0x0000000084700000| Untracked 
|  72|0x0000000084800000, 0x0000000084800000, 0x0000000084900000|  0%| F|  |TAMS 0x0000000084800000, 0x0000000084800000| Untracked 
|  73|0x0000000084900000, 0x0000000084900000, 0x0000000084a00000|  0%| F|  |TAMS 0x0000000084900000, 0x0000000084900000| Untracked 
|  74|0x0000000084a00000, 0x0000000084a00000, 0x0000000084b00000|  0%| F|  |TAMS 0x0000000084a00000, 0x0000000084a00000| Untracked 
|  75|0x0000000084b00000, 0x0000000084b00000, 0x0000000084c00000|  0%| F|  |TAMS 0x0000000084b00000, 0x0000000084b00000| Untracked 
|  76|0x0000000084c00000, 0x0000000084c00000, 0x0000000084d00000|  0%| F|  |TAMS 0x0000000084c00000, 0x0000000084c00000| Untracked 
|  77|0x0000000084d00000, 0x0000000084d00000, 0x0000000084e00000|  0%| F|  |TAMS 0x0000000084d00000, 0x0000000084d00000| Untracked 
|  78|0x0000000084e00000, 0x0000000084e00000, 0x0000000084f00000|  0%| F|  |TAMS 0x0000000084e00000, 0x0000000084e00000| Untracked 
|  79|0x0000000084f00000, 0x0000000084f00000, 0x0000000085000000|  0%| F|  |TAMS 0x0000000084f00000, 0x0000000084f00000| Untracked 
|  80|0x0000000085000000, 0x0000000085000000, 0x0000000085100000|  0%| F|  |TAMS 0x0000000085000000, 0x0000000085000000| Untracked 
|  81|0x0000000085100000, 0x0000000085100000, 0x0000000085200000|  0%| F|  |TAMS 0x0000000085100000, 0x0000000085100000| Untracked 
|  82|0x0000000085200000, 0x0000000085200000, 0x0000000085300000|  0%| F|  |TAMS 0x0000000085200000, 0x0000000085200000| Untracked 
|  83|0x0000000085300000, 0x0000000085400000, 0x0000000085400000|100%| S|CS|TAMS 0x0000000085300000, 0x0000000085300000| Complete 
|  84|0x0000000085400000, 0x0000000085500000, 0x0000000085500000|100%| S|CS|TAMS 0x0000000085400000, 0x0000000085400000| Complete 
|  85|0x0000000085500000, 0x0000000085600000, 0x0000000085600000|100%| S|CS|TAMS 0x0000000085500000, 0x0000000085500000| Complete 
|  86|0x0000000085600000, 0x0000000085700000, 0x0000000085700000|100%| S|CS|TAMS 0x0000000085600000, 0x0000000085600000| Complete 
|  87|0x0000000085700000, 0x0000000085800000, 0x0000000085800000|100%| S|CS|TAMS 0x0000000085700000, 0x0000000085700000| Complete 
|  88|0x0000000085800000, 0x0000000085900000, 0x0000000085900000|100%| S|CS|TAMS 0x0000000085800000, 0x0000000085800000| Complete 
|  89|0x0000000085900000, 0x0000000085a00000, 0x0000000085a00000|100%| S|CS|TAMS 0x0000000085900000, 0x0000000085900000| Complete 
|  90|0x0000000085a00000, 0x0000000085a00000, 0x0000000085b00000|  0%| F|  |TAMS 0x0000000085a00000, 0x0000000085a00000| Untracked 
|  91|0x0000000085b00000, 0x0000000085b00000, 0x0000000085c00000|  0%| F|  |TAMS 0x0000000085b00000, 0x0000000085b00000| Untracked 
|  92|0x0000000085c00000, 0x0000000085c00000, 0x0000000085d00000|  0%| F|  |TAMS 0x0000000085c00000, 0x0000000085c00000| Untracked 
|  93|0x0000000085d00000, 0x0000000085d00000, 0x0000000085e00000|  0%| F|  |TAMS 0x0000000085d00000, 0x0000000085d00000| Untracked 
|  94|0x0000000085e00000, 0x0000000085e00000, 0x0000000085f00000|  0%| F|  |TAMS 0x0000000085e00000, 0x0000000085e00000| Untracked 
|  95|0x0000000085f00000, 0x0000000085f00000, 0x0000000086000000|  0%| F|  |TAMS 0x0000000085f00000, 0x0000000085f00000| Untracked 
|  96|0x0000000086000000, 0x0000000086100000, 0x0000000086100000|100%| S|CS|TAMS 0x0000000086000000, 0x0000000086000000| Complete 
|  97|0x0000000086100000, 0x0000000086100000, 0x0000000086200000|  0%| F|  |TAMS 0x0000000086100000, 0x0000000086100000| Untracked 
|  98|0x0000000086200000, 0x0000000086200000, 0x0000000086300000|  0%| F|  |TAMS 0x0000000086200000, 0x0000000086200000| Untracked 
|  99|0x0000000086300000, 0x0000000086300000, 0x0000000086400000|  0%| F|  |TAMS 0x0000000086300000, 0x0000000086300000| Untracked 
| 100|0x0000000086400000, 0x0000000086400000, 0x0000000086500000|  0%| F|  |TAMS 0x0000000086400000, 0x0000000086400000| Untracked 
| 101|0x0000000086500000, 0x0000000086500000, 0x0000000086600000|  0%| F|  |TAMS 0x0000000086500000, 0x0000000086500000| Untracked 
| 102|0x0000000086600000, 0x0000000086600000, 0x0000000086700000|  0%| F|  |TAMS 0x0000000086600000, 0x0000000086600000| Untracked 
| 103|0x0000000086700000, 0x0000000086700000, 0x0000000086800000|  0%| F|  |TAMS 0x0000000086700000, 0x0000000086700000| Untracked 
| 104|0x0000000086800000, 0x0000000086800000, 0x0000000086900000|  0%| F|  |TAMS 0x0000000086800000, 0x0000000086800000| Untracked 
| 105|0x0000000086900000, 0x0000000086900000, 0x0000000086a00000|  0%| F|  |TAMS 0x0000000086900000, 0x0000000086900000| Untracked 
| 106|0x0000000086a00000, 0x0000000086a00000, 0x0000000086b00000|  0%| F|  |TAMS 0x0000000086a00000, 0x0000000086a00000| Untracked 
| 107|0x0000000086b00000, 0x0000000086b00000, 0x0000000086c00000|  0%| F|  |TAMS 0x0000000086b00000, 0x0000000086b00000| Untracked 
| 108|0x0000000086c00000, 0x0000000086c00000, 0x0000000086d00000|  0%| F|  |TAMS 0x0000000086c00000, 0x0000000086c00000| Untracked 
| 109|0x0000000086d00000, 0x0000000086d00000, 0x0000000086e00000|  0%| F|  |TAMS 0x0000000086d00000, 0x0000000086d00000| Untracked 
| 110|0x0000000086e00000, 0x0000000086e00000, 0x0000000086f00000|  0%| F|  |TAMS 0x0000000086e00000, 0x0000000086e00000| Untracked 
| 111|0x0000000086f00000, 0x0000000086f00000, 0x0000000087000000|  0%| F|  |TAMS 0x0000000086f00000, 0x0000000086f00000| Untracked 
| 112|0x0000000087000000, 0x0000000087000000, 0x0000000087100000|  0%| F|  |TAMS 0x0000000087000000, 0x0000000087000000| Untracked 
| 113|0x0000000087100000, 0x0000000087100000, 0x0000000087200000|  0%| F|  |TAMS 0x0000000087100000, 0x0000000087100000| Untracked 
| 114|0x0000000087200000, 0x0000000087200000, 0x0000000087300000|  0%| F|  |TAMS 0x0000000087200000, 0x0000000087200000| Untracked 
| 115|0x0000000087300000, 0x0000000087300000, 0x0000000087400000|  0%| F|  |TAMS 0x0000000087300000, 0x0000000087300000| Untracked 
| 116|0x0000000087400000, 0x0000000087400000, 0x0000000087500000|  0%| F|  |TAMS 0x0000000087400000, 0x0000000087400000| Untracked 
| 117|0x0000000087500000, 0x0000000087500000, 0x0000000087600000|  0%| F|  |TAMS 0x0000000087500000, 0x0000000087500000| Untracked 
| 118|0x0000000087600000, 0x0000000087600000, 0x0000000087700000|  0%| F|  |TAMS 0x0000000087600000, 0x0000000087600000| Untracked 
| 119|0x0000000087700000, 0x0000000087700000, 0x0000000087800000|  0%| F|  |TAMS 0x0000000087700000, 0x0000000087700000| Untracked 
| 120|0x0000000087800000, 0x0000000087800000, 0x0000000087900000|  0%| F|  |TAMS 0x0000000087800000, 0x0000000087800000| Untracked 
| 121|0x0000000087900000, 0x0000000087900000, 0x0000000087a00000|  0%| F|  |TAMS 0x0000000087900000, 0x0000000087900000| Untracked 
| 122|0x0000000087a00000, 0x0000000087a00000, 0x0000000087b00000|  0%| F|  |TAMS 0x0000000087a00000, 0x0000000087a00000| Untracked 
| 123|0x0000000087b00000, 0x0000000087b00000, 0x0000000087c00000|  0%| F|  |TAMS 0x0000000087b00000, 0x0000000087b00000| Untracked 
| 124|0x0000000087c00000, 0x0000000087c00000, 0x0000000087d00000|  0%| F|  |TAMS 0x0000000087c00000, 0x0000000087c00000| Untracked 
| 125|0x0000000087d00000, 0x0000000087d00000, 0x0000000087e00000|  0%| F|  |TAMS 0x0000000087d00000, 0x0000000087d00000| Untracked 
| 126|0x0000000087e00000, 0x0000000087e00000, 0x0000000087f00000|  0%| F|  |TAMS 0x0000000087e00000, 0x0000000087e00000| Untracked 
| 127|0x0000000087f00000, 0x0000000087f00000, 0x0000000088000000|  0%| F|  |TAMS 0x0000000087f00000, 0x0000000087f00000| Untracked 
| 128|0x0000000088000000, 0x0000000088000000, 0x0000000088100000|  0%| F|  |TAMS 0x0000000088000000, 0x0000000088000000| Untracked 
| 129|0x0000000088100000, 0x0000000088100000, 0x0000000088200000|  0%| F|  |TAMS 0x0000000088100000, 0x0000000088100000| Untracked 
| 130|0x0000000088200000, 0x0000000088200000, 0x0000000088300000|  0%| F|  |TAMS 0x0000000088200000, 0x0000000088200000| Untracked 
| 131|0x0000000088300000, 0x0000000088300000, 0x0000000088400000|  0%| F|  |TAMS 0x0000000088300000, 0x0000000088300000| Untracked 
| 132|0x0000000088400000, 0x0000000088400000, 0x0000000088500000|  0%| F|  |TAMS 0x0000000088400000, 0x0000000088400000| Untracked 
| 133|0x0000000088500000, 0x0000000088500000, 0x0000000088600000|  0%| F|  |TAMS 0x0000000088500000, 0x0000000088500000| Untracked 
| 134|0x0000000088600000, 0x0000000088600000, 0x0000000088700000|  0%| F|  |TAMS 0x0000000088600000, 0x0000000088600000| Untracked 
| 135|0x0000000088700000, 0x0000000088700000, 0x0000000088800000|  0%| F|  |TAMS 0x0000000088700000, 0x0000000088700000| Untracked 
| 136|0x0000000088800000, 0x0000000088800000, 0x0000000088900000|  0%| F|  |TAMS 0x0000000088800000, 0x0000000088800000| Untracked 
| 137|0x0000000088900000, 0x0000000088900000, 0x0000000088a00000|  0%| F|  |TAMS 0x0000000088900000, 0x0000000088900000| Untracked 
| 138|0x0000000088a00000, 0x0000000088a00000, 0x0000000088b00000|  0%| F|  |TAMS 0x0000000088a00000, 0x0000000088a00000| Untracked 
| 139|0x0000000088b00000, 0x0000000088b00000, 0x0000000088c00000|  0%| F|  |TAMS 0x0000000088b00000, 0x0000000088b00000| Untracked 
| 140|0x0000000088c00000, 0x0000000088c00000, 0x0000000088d00000|  0%| F|  |TAMS 0x0000000088c00000, 0x0000000088c00000| Untracked 
| 141|0x0000000088d00000, 0x0000000088d00000, 0x0000000088e00000|  0%| F|  |TAMS 0x0000000088d00000, 0x0000000088d00000| Untracked 
| 142|0x0000000088e00000, 0x0000000088e00000, 0x0000000088f00000|  0%| F|  |TAMS 0x0000000088e00000, 0x0000000088e00000| Untracked 
| 143|0x0000000088f00000, 0x0000000088f00000, 0x0000000089000000|  0%| F|  |TAMS 0x0000000088f00000, 0x0000000088f00000| Untracked 
| 144|0x0000000089000000, 0x0000000089000000, 0x0000000089100000|  0%| F|  |TAMS 0x0000000089000000, 0x0000000089000000| Untracked 
| 145|0x0000000089100000, 0x0000000089100000, 0x0000000089200000|  0%| F|  |TAMS 0x0000000089100000, 0x0000000089100000| Untracked 
| 146|0x0000000089200000, 0x0000000089200000, 0x0000000089300000|  0%| F|  |TAMS 0x0000000089200000, 0x0000000089200000| Untracked 
| 147|0x0000000089300000, 0x0000000089300000, 0x0000000089400000|  0%| F|  |TAMS 0x0000000089300000, 0x0000000089300000| Untracked 
| 148|0x0000000089400000, 0x0000000089400000, 0x0000000089500000|  0%| F|  |TAMS 0x0000000089400000, 0x0000000089400000| Untracked 

Card table byte_map: [0x000001b914220000,0x000001b914620000] _byte_map_base: 0x000001b913e20000

Marking Bits (Prev, Next): (CMBitMap*) 0x000001b97ef50628, (CMBitMap*) 0x000001b97ef50660
 Prev Bits: [0x000001b914a20000, 0x000001b916a20000)
 Next Bits: [0x000001b916a20000, 0x000001b918a20000)

Polling page: 0x000001b97eff0000

Metaspace:

Usage:
  Non-class:     57.74 MB capacity,    56.75 MB ( 98%) used,   857.34 KB (  1%) free+waste,   163.13 KB ( <1%) overhead. 
      Class:      9.03 MB capacity,     8.46 MB ( 94%) used,   511.41 KB (  6%) free+waste,    76.63 KB ( <1%) overhead. 
       Both:     66.78 MB capacity,    65.21 MB ( 98%) used,     1.34 MB (  2%) free+waste,   239.75 KB ( <1%) overhead. 

Virtual space:
  Non-class space:       58.00 MB reserved,      57.93 MB (>99%) committed 
      Class space:        1.00 GB reserved,       9.07 MB ( <1%) committed 
             Both:        1.06 GB reserved,      67.00 MB (  6%) committed 

Chunk freelists:
   Non-Class:  58.00 KB
       Class:  29.00 KB
        Both:  87.00 KB

MaxMetaspaceSize: 17179869184.00 GB
CompressedClassSpaceSize: 1.00 GB

CodeHeap 'non-profiled nmethods': size=120000Kb used=4022Kb max_used=4022Kb free=115977Kb
 bounds [0x000001b90c8f0000, 0x000001b90cce0000, 0x000001b913e20000]
CodeHeap 'profiled nmethods': size=120000Kb used=13186Kb max_used=13186Kb free=106813Kb
 bounds [0x000001b9053c0000, 0x000001b9060b0000, 0x000001b90c8f0000]
CodeHeap 'non-nmethods': size=5760Kb used=2274Kb max_used=2320Kb free=3485Kb
 bounds [0x000001b904e20000, 0x000001b905090000, 0x000001b9053c0000]
 total_blobs=7176 nmethods=6322 adapters=765
 compilation: enabled
              stopped_count=0, restarted_count=0
 full_count=0

Compilation events (20 events):
Event: 5.566 Thread 0x000001b91bceb800 6325       3       com.android.build.gradle.options.ProjectOptions$OptionValue::lambda$setValueForUseAtConfiguration$0 (32 bytes)
Event: 5.567 Thread 0x000001b91bceb800 nmethod 6325 0x000001b906099e10 code [0x000001b90609a020, 0x000001b90609a678]
Event: 5.568 Thread 0x000001b91bceb800 6326       1       com.android.builder.core.VariantTypeImpl::isForTesting (5 bytes)
Event: 5.569 Thread 0x000001b91bceb800 nmethod 6326 0x000001b90ccdd790 code [0x000001b90ccdd940, 0x000001b90ccdd9f8]
Event: 5.570 Thread 0x000001b91bceb800 6327       3       com.android.build.api.artifact.impl.StorageProviderImpl$directory$1::invoke (9 bytes)
Event: 5.570 Thread 0x000001b91bceb800 nmethod 6327 0x000001b90609a890 code [0x000001b90609ab00, 0x000001b90609b3f8]
Event: 5.570 Thread 0x000001b91bceb800 6328       3       com.android.build.api.artifact.impl.StorageProviderImpl$directory$1::invoke (24 bytes)
Event: 5.571 Thread 0x000001b91bceb800 nmethod 6328 0x000001b90609b710 code [0x000001b90609b960, 0x000001b90609c0f8]
Event: 5.571 Thread 0x000001b91e29a000 6329       4       java.util.Collections$SetFromMap::remove (19 bytes)
Event: 5.571 Thread 0x000001b91bceb800 6330       3       org.gradle.api.internal.file.DefaultFilePropertyFactory::newFileProperty (16 bytes)
Event: 5.572 Thread 0x000001b91bceb800 nmethod 6330 0x000001b90609c390 code [0x000001b90609c600, 0x000001b90609d158]
Event: 5.572 Thread 0x000001b91bceb800 6333       3       com.google.common.collect.ImmutableCollection$ArrayBasedBuilder::add (44 bytes)
Event: 5.572 Thread 0x000001b91bceb800 nmethod 6333 0x000001b90609d590 code [0x000001b90609d780, 0x000001b90609dc08]
Event: 5.572 Thread 0x000001b91bceb800 6332       3       org.gradle.api.internal.provider.Collectors$TypedCollector::<init> (23 bytes)
Event: 5.573 Thread 0x000001b91bceb800 nmethod 6332 0x000001b90609dd90 code [0x000001b90609df80, 0x000001b90609e498]
Event: 5.573 Thread 0x000001b91bceb800 6331       3       org.gradle.api.internal.file.DefaultFilePropertyFactory$DefaultRegularFileVar::<init> (13 bytes)
Event: 5.573 Thread 0x000001b91bceb800 nmethod 6331 0x000001b90609e610 code [0x000001b90609e860, 0x000001b90609f2f8]
Event: 5.573 Thread 0x000001b91bceb800 6334       3       com.android.build.api.artifact.impl.SinglePropertyAdapter::from (6 bytes)
Event: 5.574 Thread 0x000001b91bceb800 nmethod 6334 0x000001b90609f690 code [0x000001b90609f980, 0x000001b9060a0698]
Event: 5.574 Thread 0x000001b91bceb800 6335       3       com.android.build.api.artifact.impl.PropertyAdapter$DefaultImpls::from (25 bytes)

GC Heap History (20 events):
Event: 1.549 GC heap after
{Heap after GC invocations=3 (full 0):
 garbage-first heap   total 126976K, used 16757K [0x0000000080000000, 0x0000000100000000)
  region size 1024K, 1 young (1024K), 1 survivors (1024K)
 Metaspace       used 20600K, capacity 21140K, committed 21248K, reserved 1067008K
  class space    used 2530K, capacity 2728K, committed 2816K, reserved 1048576K
}
Event: 1.867 GC heap before
{Heap before GC invocations=4 (full 0):
 garbage-first heap   total 126976K, used 64885K [0x0000000080000000, 0x0000000100000000)
  region size 1024K, 48 young (49152K), 1 survivors (1024K)
 Metaspace       used 25571K, capacity 26194K, committed 26368K, reserved 1073152K
  class space    used 3347K, capacity 3566K, committed 3584K, reserved 1048576K
}
Event: 1.869 GC heap after
{Heap after GC invocations=5 (full 0):
 garbage-first heap   total 126976K, used 18277K [0x0000000080000000, 0x0000000100000000)
  region size 1024K, 3 young (3072K), 3 survivors (3072K)
 Metaspace       used 25571K, capacity 26194K, committed 26368K, reserved 1073152K
  class space    used 3347K, capacity 3566K, committed 3584K, reserved 1048576K
}
Event: 2.319 GC heap before
{Heap before GC invocations=5 (full 0):
 garbage-first heap   total 126976K, used 71525K [0x0000000080000000, 0x0000000100000000)
  region size 1024K, 55 young (56320K), 3 survivors (3072K)
 Metaspace       used 32214K, capacity 33013K, committed 33152K, reserved 1077248K
  class space    used 4220K, capacity 4476K, committed 4480K, reserved 1048576K
}
Event: 2.322 GC heap after
{Heap after GC invocations=6 (full 0):
 garbage-first heap   total 126976K, used 20922K [0x0000000080000000, 0x0000000100000000)
  region size 1024K, 5 young (5120K), 5 survivors (5120K)
 Metaspace       used 32214K, capacity 33013K, committed 33152K, reserved 1077248K
  class space    used 4220K, capacity 4476K, committed 4480K, reserved 1048576K
}
Event: 2.443 GC heap before
{Heap before GC invocations=6 (full 0):
 garbage-first heap   total 126976K, used 28090K [0x0000000080000000, 0x0000000100000000)
  region size 1024K, 13 young (13312K), 5 survivors (5120K)
 Metaspace       used 35034K, capacity 35830K, committed 35840K, reserved 1081344K
  class space    used 4547K, capacity 4864K, committed 4864K, reserved 1048576K
}
Event: 2.450 GC heap after
{Heap after GC invocations=7 (full 0):
 garbage-first heap   total 126976K, used 22181K [0x0000000080000000, 0x0000000100000000)
  region size 1024K, 4 young (4096K), 4 survivors (4096K)
 Metaspace       used 35034K, capacity 35830K, committed 35840K, reserved 1081344K
  class space    used 4547K, capacity 4864K, committed 4864K, reserved 1048576K
}
Event: 2.767 GC heap before
{Heap before GC invocations=8 (full 0):
 garbage-first heap   total 126976K, used 69285K [0x0000000080000000, 0x0000000100000000)
  region size 1024K, 48 young (49152K), 4 survivors (4096K)
 Metaspace       used 38461K, capacity 39360K, committed 39628K, reserved 1083392K
  class space    used 4920K, capacity 5246K, committed 5324K, reserved 1048576K
}
Event: 2.773 GC heap after
{Heap after GC invocations=9 (full 0):
 garbage-first heap   total 126976K, used 26426K [0x0000000080000000, 0x0000000100000000)
  region size 1024K, 6 young (6144K), 6 survivors (6144K)
 Metaspace       used 38461K, capacity 39360K, committed 39628K, reserved 1083392K
  class space    used 4920K, capacity 5246K, committed 5324K, reserved 1048576K
}
Event: 3.139 GC heap before
{Heap before GC invocations=9 (full 0):
 garbage-first heap   total 126976K, used 72506K [0x0000000080000000, 0x0000000100000000)
  region size 1024K, 51 young (52224K), 6 survivors (6144K)
 Metaspace       used 42569K, capacity 43612K, committed 43724K, reserved 1087488K
  class space    used 5428K, capacity 5784K, committed 5836K, reserved 1048576K
}
Event: 3.144 GC heap after
{Heap after GC invocations=10 (full 0):
 garbage-first heap   total 152576K, used 27637K [0x0000000080000000, 0x0000000100000000)
  region size 1024K, 3 young (3072K), 3 survivors (3072K)
 Metaspace       used 42569K, capacity 43612K, committed 43724K, reserved 1087488K
  class space    used 5428K, capacity 5784K, committed 5836K, reserved 1048576K
}
Event: 3.648 GC heap before
{Heap before GC invocations=10 (full 0):
 garbage-first heap   total 152576K, used 91125K [0x0000000080000000, 0x0000000100000000)
  region size 1024K, 65 young (66560K), 3 survivors (3072K)
 Metaspace       used 46732K, capacity 47958K, committed 48204K, reserved 1091584K
  class space    used 6001K, capacity 6443K, committed 6476K, reserved 1048576K
}
Event: 3.652 GC heap after
{Heap after GC invocations=11 (full 0):
 garbage-first heap   total 152576K, used 30325K [0x0000000080000000, 0x0000000100000000)
  region size 1024K, 5 young (5120K), 5 survivors (5120K)
 Metaspace       used 46732K, capacity 47958K, committed 48204K, reserved 1091584K
  class space    used 6001K, capacity 6443K, committed 6476K, reserved 1048576K
}
Event: 4.206 GC heap before
{Heap before GC invocations=11 (full 0):
 garbage-first heap   total 152576K, used 99957K [0x0000000080000000, 0x0000000100000000)
  region size 1024K, 70 young (71680K), 5 survivors (5120K)
 Metaspace       used 53548K, capacity 54987K, committed 55372K, reserved 1097728K
  class space    used 6840K, capacity 7364K, committed 7500K, reserved 1048576K
}
Event: 4.213 GC heap after
{Heap after GC invocations=12 (full 0):
 garbage-first heap   total 152576K, used 41903K [0x0000000080000000, 0x0000000100000000)
  region size 1024K, 9 young (9216K), 9 survivors (9216K)
 Metaspace       used 53548K, capacity 54987K, committed 55372K, reserved 1097728K
  class space    used 6840K, capacity 7364K, committed 7500K, reserved 1048576K
}
Event: 4.565 GC heap before
{Heap before GC invocations=12 (full 0):
 garbage-first heap   total 152576K, used 70575K [0x0000000080000000, 0x0000000100000000)
  region size 1024K, 38 young (38912K), 9 survivors (9216K)
 Metaspace       used 58549K, capacity 60117K, committed 60288K, reserved 1101824K
  class space    used 7453K, capacity 8027K, committed 8140K, reserved 1048576K
}
Event: 4.576 GC heap after
{Heap after GC invocations=13 (full 0):
 garbage-first heap   total 152576K, used 44382K [0x0000000080000000, 0x0000000100000000)
  region size 1024K, 3 young (3072K), 3 survivors (3072K)
 Metaspace       used 58549K, capacity 60117K, committed 60288K, reserved 1101824K
  class space    used 7453K, capacity 8027K, committed 8140K, reserved 1048576K
}
Event: 5.106 GC heap before
{Heap before GC invocations=14 (full 0):
 garbage-first heap   total 152576K, used 95582K [0x0000000080000000, 0x0000000100000000)
  region size 1024K, 53 young (54272K), 3 survivors (3072K)
 Metaspace       used 62994K, capacity 64640K, committed 64896K, reserved 1105920K
  class space    used 8031K, capacity 8626K, committed 8652K, reserved 1048576K
}
Event: 5.112 GC heap after
{Heap after GC invocations=15 (full 0):
 garbage-first heap   total 152576K, used 47626K [0x0000000080000000, 0x0000000100000000)
  region size 1024K, 6 young (6144K), 6 survivors (6144K)
 Metaspace       used 62994K, capacity 64640K, committed 64896K, reserved 1105920K
  class space    used 8031K, capacity 8626K, committed 8652K, reserved 1048576K
}
Event: 5.574 GC heap before
{Heap before GC invocations=16 (full 0):
 garbage-first heap   total 152576K, used 100874K [0x0000000080000000, 0x0000000100000000)
  region size 1024K, 58 young (59392K), 6 survivors (6144K)
 Metaspace       used 66772K, capacity 68381K, committed 68608K, reserved 1107968K
  class space    used 8662K, capacity 9251K, committed 9292K, reserved 1048576K
}

Deoptimization events (20 events):
Event: 5.067 Thread 0x000001b91e111000 Uncommon trap: trap_request=0xffffff4d fr.pc=0x000001b90c959ac0 relative=0x0000000000000380
Event: 5.067 Thread 0x000001b91e111000 Uncommon trap: reason=unstable_if action=reinterpret pc=0x000001b90c959ac0 method=java.lang.AbstractStringBuilder.isLatin1()Z @ 10 c2
Event: 5.067 Thread 0x000001b91e111000 DEOPT PACKING pc=0x000001b90c959ac0 sp=0x0000003fae6f7230
Event: 5.067 Thread 0x000001b91e111000 DEOPT UNPACKING pc=0x000001b904e283af sp=0x0000003fae6f71b0 mode 2
Event: 5.067 Thread 0x000001b91e111000 Uncommon trap: trap_request=0xffffff4d fr.pc=0x000001b90c93aa28 relative=0x0000000000000468
Event: 5.067 Thread 0x000001b91e111000 Uncommon trap: reason=unstable_if action=reinterpret pc=0x000001b90c93aa28 method=java.lang.AbstractStringBuilder.putStringAt(ILjava/lang/String;)V @ 8 c2
Event: 5.067 Thread 0x000001b91e111000 DEOPT PACKING pc=0x000001b90c93aa28 sp=0x0000003fae6f7180
Event: 5.067 Thread 0x000001b91e111000 DEOPT UNPACKING pc=0x000001b904e283af sp=0x0000003fae6f70e0 mode 2
Event: 5.067 Thread 0x000001b91e111000 Uncommon trap: trap_request=0xffffff4d fr.pc=0x000001b90c9216ec relative=0x00000000000000cc
Event: 5.068 Thread 0x000001b91e111000 Uncommon trap: reason=unstable_if action=reinterpret pc=0x000001b90c9216ec method=java.lang.String.getBytes([BIB)V @ 5 c2
Event: 5.068 Thread 0x000001b91e111000 DEOPT PACKING pc=0x000001b90c9216ec sp=0x0000003fae6f7090
Event: 5.068 Thread 0x000001b91e111000 DEOPT UNPACKING pc=0x000001b904e283af sp=0x0000003fae6f7058 mode 2
Event: 5.164 Thread 0x000001b91e111000 Uncommon trap: trap_request=0xffffff4d fr.pc=0x000001b90ca84200 relative=0x0000000000000340
Event: 5.164 Thread 0x000001b91e111000 Uncommon trap: reason=unstable_if action=reinterpret pc=0x000001b90ca84200 method=java.util.StringJoiner.add(Ljava/lang/CharSequence;)Ljava/util/StringJoiner; @ 33 c2
Event: 5.164 Thread 0x000001b91e111000 DEOPT PACKING pc=0x000001b90ca84200 sp=0x0000003fae6f63e0
Event: 5.164 Thread 0x000001b91e111000 DEOPT UNPACKING pc=0x000001b904e283af sp=0x0000003fae6f6390 mode 2
Event: 5.240 Thread 0x000001b91e111000 Uncommon trap: trap_request=0xffffff4d fr.pc=0x000001b90cbb8920 relative=0x0000000000001020
Event: 5.240 Thread 0x000001b91e111000 Uncommon trap: reason=unstable_if action=reinterpret pc=0x000001b90cbb8920 method=org.codehaus.groovy.runtime.metaclass.MetaMethodIndex.isOverridden(Lgroovy/lang/MetaMethod;Lgroovy/lang/MetaMethod;)Z @ 33 c2
Event: 5.240 Thread 0x000001b91e111000 DEOPT PACKING pc=0x000001b90cbb8920 sp=0x0000003fae6f52e0
Event: 5.240 Thread 0x000001b91e111000 DEOPT UNPACKING pc=0x000001b904e283af sp=0x0000003fae6f5238 mode 2

Classes redefined (0 events):
No events

Internal exceptions (20 events):
Event: 5.255 Thread 0x000001b91e111000 Exception <a 'java/lang/ClassNotFoundException'{0x00000000881e4e48}: org/gradle/api/JavaVersionBeanInfo> (0x00000000881e4e48) thrown at [./src/hotspot/share/classfile/systemDictionary.cpp, line 231]
Event: 5.255 Thread 0x000001b91e111000 Exception <a 'java/lang/ClassNotFoundException'{0x000000008800f5a0}: org/gradle/api/JavaVersionCustomizer> (0x000000008800f5a0) thrown at [./src/hotspot/share/classfile/systemDictionary.cpp, line 231]
Event: 5.257 Thread 0x000001b91e111000 Exception <a 'java/lang/ClassNotFoundException'{0x00000000880641f0}: com/android/build/gradle/internal/CompileOptions_DecoratedBeanInfo> (0x00000000880641f0) thrown at [./src/hotspot/share/classfile/systemDictionary.cpp, line 231]
Event: 5.257 Thread 0x000001b91e111000 Exception <a 'java/lang/ClassNotFoundException'{0x000000008807b648}: com/android/build/gradle/internal/CompileOptionsBeanInfo> (0x000000008807b648) thrown at [./src/hotspot/share/classfile/systemDictionary.cpp, line 231]
Event: 5.258 Thread 0x000001b91e111000 Exception <a 'java/lang/ClassNotFoundException'{0x00000000880934a8}: com/android/build/gradle/internal/CompileOptionsCustomizer> (0x00000000880934a8) thrown at [./src/hotspot/share/classfile/systemDictionary.cpp, line 231]
Event: 5.258 Thread 0x000001b91e111000 Exception <a 'java/lang/ClassNotFoundException'{0x00000000880b7a78}: com/android/build/gradle/internal/CompileOptions_DecoratedCustomizer> (0x00000000880b7a78) thrown at [./src/hotspot/share/classfile/systemDictionary.cpp, line 231]
Event: 5.261 Thread 0x000001b91e111000 Exception <a 'java/lang/ClassNotFoundException'{0x0000000087f54c00}: com/android/build/gradle/internal/dsl/ApplicationBuildFeaturesImpl_DecoratedBeanInfo> (0x0000000087f54c00) thrown at [./src/hotspot/share/classfile/systemDictionary.cpp, line 231]
Event: 5.262 Thread 0x000001b91e111000 Exception <a 'java/lang/ClassNotFoundException'{0x0000000087f6ec70}: com/android/build/gradle/internal/dsl/ApplicationBuildFeaturesImplBeanInfo> (0x0000000087f6ec70) thrown at [./src/hotspot/share/classfile/systemDictionary.cpp, line 231]
Event: 5.262 Thread 0x000001b91e111000 Exception <a 'java/lang/ClassNotFoundException'{0x0000000087f87558}: com/android/build/gradle/internal/dsl/BuildFeaturesImplBeanInfo> (0x0000000087f87558) thrown at [./src/hotspot/share/classfile/systemDictionary.cpp, line 231]
Event: 5.262 Thread 0x000001b91e111000 Exception <a 'java/lang/ClassNotFoundException'{0x0000000087f9fc08}: com/android/build/gradle/internal/dsl/BuildFeaturesImplCustomizer> (0x0000000087f9fc08) thrown at [./src/hotspot/share/classfile/systemDictionary.cpp, line 231]
Event: 5.262 Thread 0x000001b91e111000 Exception <a 'java/lang/ClassNotFoundException'{0x0000000087fc5448}: com/android/build/gradle/internal/dsl/ApplicationBuildFeaturesImplCustomizer> (0x0000000087fc5448) thrown at [./src/hotspot/share/classfile/systemDictionary.cpp, line 231]
Event: 5.263 Thread 0x000001b91e111000 Exception <a 'java/lang/ClassNotFoundException'{0x0000000087fe6ca0}: com/android/build/gradle/internal/dsl/ApplicationBuildFeaturesImpl_DecoratedCustomizer> (0x0000000087fe6ca0) thrown at [./src/hotspot/share/classfile/systemDictionary.cpp, line 231]
Event: 5.275 Thread 0x000001b91e111000 Exception <a 'java/lang/ClassNotFoundException'{0x0000000087dc4188}: org/gradle/api/internal/file/collections/DefaultConfigurableFileTreeBeanInfo> (0x0000000087dc4188) thrown at [./src/hotspot/share/classfile/systemDictionary.cpp, line 231]
Event: 5.275 Thread 0x000001b91e111000 Exception <a 'java/lang/ClassNotFoundException'{0x0000000087df2f00}: org/gradle/api/internal/file/CompositeFileTreeBeanInfo> (0x0000000087df2f00) thrown at [./src/hotspot/share/classfile/systemDictionary.cpp, line 231]
Event: 5.276 Thread 0x000001b91e111000 Exception <a 'java/lang/ClassNotFoundException'{0x0000000087c24f08}: org/gradle/api/internal/file/CompositeFileCollectionBeanInfo> (0x0000000087c24f08) thrown at [./src/hotspot/share/classfile/systemDictionary.cpp, line 231]
Event: 5.276 Thread 0x000001b91e111000 Exception <a 'java/lang/ClassNotFoundException'{0x0000000087c56cf8}: org/gradle/api/internal/file/AbstractFileCollectionBeanInfo> (0x0000000087c56cf8) thrown at [./src/hotspot/share/classfile/systemDictionary.cpp, line 231]
Event: 5.277 Thread 0x000001b91e111000 Exception <a 'java/lang/ClassNotFoundException'{0x0000000087c89138}: org/gradle/api/internal/file/AbstractFileCollectionCustomizer> (0x0000000087c89138) thrown at [./src/hotspot/share/classfile/systemDictionary.cpp, line 231]
Event: 5.278 Thread 0x000001b91e111000 Exception <a 'java/lang/ClassNotFoundException'{0x0000000087ccc640}: org/gradle/api/internal/file/CompositeFileCollectionCustomizer> (0x0000000087ccc640) thrown at [./src/hotspot/share/classfile/systemDictionary.cpp, line 231]
Event: 5.279 Thread 0x000001b91e111000 Exception <a 'java/lang/ClassNotFoundException'{0x0000000087b038f8}: org/gradle/api/internal/file/CompositeFileTreeCustomizer> (0x0000000087b038f8) thrown at [./src/hotspot/share/classfile/systemDictionary.cpp, line 231]
Event: 5.280 Thread 0x000001b91e111000 Exception <a 'java/lang/ClassNotFoundException'{0x0000000087b44f78}: org/gradle/api/internal/file/collections/DefaultConfigurableFileTreeCustomizer> (0x0000000087b44f78) thrown at [./src/hotspot/share/classfile/systemDictionary.cpp, line 231]

Events (20 events):
Event: 5.567 loading class com/android/build/gradle/internal/dependency/SubtractingArtifactCollection$SubtractingArtifactResult$artifactResults$1 done
Event: 5.567 loading class com/android/build/gradle/internal/dependency/SubtractingArtifactCollection$SubtractingArtifactResult$removedFiles$1
Event: 5.567 loading class com/android/build/gradle/internal/dependency/SubtractingArtifactCollection$SubtractingArtifactResult$removedFiles$1 done
Event: 5.567 loading class com/android/build/gradle/internal/dependency/SubtractingArtifactCollection$SubtractingArtifactResult$fileCollection$1
Event: 5.567 loading class com/android/build/gradle/internal/dependency/SubtractingArtifactCollection$SubtractingArtifactResult$fileCollection$1 done
Event: 5.567 loading class com/android/build/gradle/internal/dependency/SubtractingArtifactCollection$SubtractingArtifactResult$initFileCollection$1
Event: 5.567 loading class com/android/build/gradle/internal/dependency/SubtractingArtifactCollection$SubtractingArtifactResult$initFileCollection$1 done
Event: 5.568 loading class org/gradle/api/internal/tasks/DefaultTaskDependency$TaskDependencySet
Event: 5.568 loading class org/gradle/api/internal/tasks/DefaultTaskDependency$TaskDependencySet done
Event: 5.569 loading class com/android/build/gradle/tasks/ProcessTestManifest$CreationAction
Event: 5.569 loading class com/android/build/gradle/tasks/ProcessTestManifest$CreationAction done
Event: 5.569 loading class com/android/build/gradle/tasks/ProcessTestManifest
Event: 5.569 loading class com/android/build/gradle/tasks/ProcessTestManifest done
Event: 5.570 loading class com/android/build/gradle/tasks/ProcessTestManifest$CreationAction$handleProvider$1
Event: 5.570 loading class com/android/build/gradle/tasks/ProcessTestManifest$CreationAction$handleProvider$1 done
Event: 5.570 loading class com/android/build/gradle/tasks/ProcessTestManifest$CreationAction$handleProvider$2
Event: 5.570 loading class com/android/build/gradle/tasks/ProcessTestManifest$CreationAction$handleProvider$2 done
Event: 5.573 loading class com/android/build/gradle/internal/tasks/featuresplit/FeatureSplitUtils
Event: 5.573 loading class com/android/build/gradle/internal/tasks/featuresplit/FeatureSplitUtils done
Event: 5.574 Executing VM operation: G1CollectForAllocation


Dynamic libraries:
0x00007ff7b7b80000 - 0x00007ff7b7b8a000 	D:\Android Studio\jre\bin\java.exe
0x00007ff88cbd0000 - 0x00007ff88cdc5000 	C:\Windows\SYSTEM32\ntdll.dll
0x00007ff88b0e0000 - 0x00007ff88b19e000 	C:\Windows\System32\KERNEL32.DLL
0x00007ff88a500000 - 0x00007ff88a7c8000 	C:\Windows\System32\KERNELBASE.dll
0x00007ff88a7d0000 - 0x00007ff88a8d0000 	C:\Windows\System32\ucrtbase.dll
0x00007ff873840000 - 0x00007ff873859000 	D:\Android Studio\jre\bin\jli.dll
0x00007ff86f070000 - 0x00007ff86f087000 	D:\Android Studio\jre\bin\VCRUNTIME140.dll
0x00007ff88b1a0000 - 0x00007ff88b341000 	C:\Windows\System32\USER32.dll
0x00007ff88a430000 - 0x00007ff88a452000 	C:\Windows\System32\win32u.dll
0x00007ff873580000 - 0x00007ff87381a000 	C:\Windows\WinSxS\amd64_microsoft.windows.common-controls_6595b64144ccf1df_6.0.19041.1110_none_60b5254171f9507e\COMCTL32.dll
0x00007ff88c9e0000 - 0x00007ff88ca0b000 	C:\Windows\System32\GDI32.dll
0x00007ff88b900000 - 0x00007ff88b99e000 	C:\Windows\System32\msvcrt.dll
0x00007ff88a920000 - 0x00007ff88aa2b000 	C:\Windows\System32\gdi32full.dll
0x00007ff88a460000 - 0x00007ff88a4fd000 	C:\Windows\System32\msvcp_win.dll
0x00007ff88c8e0000 - 0x00007ff88c910000 	C:\Windows\System32\IMM32.DLL
0x00007ff83ef90000 - 0x00007ff83f02d000 	D:\Android Studio\jre\bin\msvcp140.dll
0x00007ff825d60000 - 0x00007ff82682f000 	D:\Android Studio\jre\bin\server\jvm.dll
0x00007ff88b3d0000 - 0x00007ff88b47c000 	C:\Windows\System32\ADVAPI32.dll
0x00007ff88ca10000 - 0x00007ff88caab000 	C:\Windows\System32\sechost.dll
0x00007ff88bea0000 - 0x00007ff88bfca000 	C:\Windows\System32\RPCRT4.dll
0x00007ff88c870000 - 0x00007ff88c878000 	C:\Windows\System32\PSAPI.DLL
0x00007ff87f750000 - 0x00007ff87f75a000 	C:\Windows\SYSTEM32\VERSION.dll
0x00007ff885a30000 - 0x00007ff885a39000 	C:\Windows\SYSTEM32\WSOCK32.dll
0x00007ff86f450000 - 0x00007ff86f477000 	C:\Windows\SYSTEM32\WINMM.dll
0x00007ff88b360000 - 0x00007ff88b3cb000 	C:\Windows\System32\WS2_32.dll
0x00007ff888b70000 - 0x00007ff888b82000 	C:\Windows\SYSTEM32\kernel.appcore.dll
0x00007ff87d160000 - 0x00007ff87d171000 	D:\Android Studio\jre\bin\verify.dll
0x00007ff888870000 - 0x00007ff888a54000 	C:\Windows\SYSTEM32\DBGHELP.DLL
0x00007ff871490000 - 0x00007ff8714bc000 	C:\Windows\SYSTEM32\dbgcore.DLL
0x00007ff88aa30000 - 0x00007ff88aab3000 	C:\Windows\System32\bcryptPrimitives.dll
0x00007ff8778f0000 - 0x00007ff877919000 	D:\Android Studio\jre\bin\java.dll
0x00007ff87ee20000 - 0x00007ff87ee2b000 	D:\Android Studio\jre\bin\jimage.dll
0x00007ff877860000 - 0x00007ff877878000 	D:\Android Studio\jre\bin\zip.dll
0x00007ff88c080000 - 0x00007ff88c7bf000 	C:\Windows\System32\SHELL32.dll
0x00007ff888010000 - 0x00007ff8887a0000 	C:\Windows\SYSTEM32\windows.storage.dll
0x00007ff88bb40000 - 0x00007ff88be95000 	C:\Windows\System32\combase.dll
0x00007ff889d40000 - 0x00007ff889d6e000 	C:\Windows\SYSTEM32\Wldp.dll
0x00007ff88bfd0000 - 0x00007ff88c07d000 	C:\Windows\System32\SHCORE.dll
0x00007ff88b9a0000 - 0x00007ff88b9f5000 	C:\Windows\System32\shlwapi.dll
0x00007ff88a230000 - 0x00007ff88a24f000 	C:\Windows\SYSTEM32\profapi.dll
0x00007ff871620000 - 0x00007ff87163a000 	D:\Android Studio\jre\bin\net.dll
0x00007ff884800000 - 0x00007ff88490c000 	C:\Windows\SYSTEM32\WINHTTP.dll
0x00007ff889aa0000 - 0x00007ff889b0a000 	C:\Windows\system32\mswsock.dll
0x00007ff86d6c0000 - 0x00007ff86d6d4000 	D:\Android Studio\jre\bin\nio.dll
0x00007ff85a620000 - 0x00007ff85a647000 	C:\Users\Dell\.gradle\native\8bec1ad78214c89d9ad589b4d07fe93259594b29d510b10fafb7a158f7737e5d\windows-amd64\native-platform.dll
0x00007ff83de60000 - 0x00007ff83df9d000 	C:\Users\Dell\.gradle\native\53dbd7edfb1c66fb8903c78663c9afc45aea4f116125fa6feffd364cf09443e8\windows-amd64\native-platform-file-events.dll
0x00007ff87bcc0000 - 0x00007ff87bcca000 	D:\Android Studio\jre\bin\management.dll
0x00007ff877850000 - 0x00007ff87785c000 	D:\Android Studio\jre\bin\management_ext.dll
0x00007ff889c90000 - 0x00007ff889ca8000 	C:\Windows\SYSTEM32\CRYPTSP.dll
0x00007ff8893b0000 - 0x00007ff8893e4000 	C:\Windows\system32\rsaenh.dll
0x00007ff88a400000 - 0x00007ff88a427000 	C:\Windows\System32\bcrypt.dll
0x00007ff88a1b0000 - 0x00007ff88a1de000 	C:\Windows\SYSTEM32\USERENV.dll
0x00007ff889cb0000 - 0x00007ff889cbc000 	C:\Windows\SYSTEM32\CRYPTBASE.dll
0x00007ff889740000 - 0x00007ff88977b000 	C:\Windows\SYSTEM32\IPHLPAPI.DLL
0x00007ff88bb30000 - 0x00007ff88bb38000 	C:\Windows\System32\NSI.dll
0x00007ff87f8d0000 - 0x00007ff87f8e7000 	C:\Windows\SYSTEM32\dhcpcsvc6.DLL
0x00007ff87f730000 - 0x00007ff87f74d000 	C:\Windows\SYSTEM32\dhcpcsvc.DLL
0x00007ff889780000 - 0x00007ff88984b000 	C:\Windows\SYSTEM32\DNSAPI.dll

dbghelp: loaded successfully - version: 4.0.5 - missing functions: none
symbol engine: initialized successfully - sym options: 0x614 - pdb path: .;D:\Android Studio\jre\bin;C:\Windows\SYSTEM32;C:\Windows\WinSxS\amd64_microsoft.windows.common-controls_6595b64144ccf1df_6.0.19041.1110_none_60b5254171f9507e;D:\Android Studio\jre\bin\server;C:\Users\Dell\.gradle\native\8bec1ad78214c89d9ad589b4d07fe93259594b29d510b10fafb7a158f7737e5d\windows-amd64;C:\Users\Dell\.gradle\native\53dbd7edfb1c66fb8903c78663c9afc45aea4f116125fa6feffd364cf09443e8\windows-amd64

VM Arguments:
jvm_args: --add-opens=java.base/java.util=ALL-UNNAMED --add-opens=java.base/java.lang=ALL-UNNAMED --add-opens=java.base/java.lang.invoke=ALL-UNNAMED --add-opens=java.base/java.util=ALL-UNNAMED --add-opens=java.prefs/java.util.prefs=ALL-UNNAMED --add-opens=java.prefs/java.util.prefs=ALL-UNNAMED --add-opens=java.base/java.nio.charset=ALL-UNNAMED --add-opens=java.base/java.net=ALL-UNNAMED --add-opens=java.base/java.util.concurrent.atomic=ALL-UNNAMED -Xmx2048m -Dfile.encoding=UTF-8 -Duser.country=US -Duser.language=en -Duser.variant 
java_command: org.gradle.launcher.daemon.bootstrap.GradleDaemon 7.0.2
java_class_path (initial): C:\Users\Dell\.gradle\wrapper\dists\gradle-7.0.2-bin\857tjihv64xamwrf0h14cai3r\gradle-7.0.2\lib\gradle-launcher-7.0.2.jar
Launcher Type: SUN_STANDARD

[Global flags]
     intx CICompilerCount                          = 4                                         {product} {ergonomic}
     uint ConcGCThreads                            = 2                                         {product} {ergonomic}
     uint G1ConcRefinementThreads                  = 8                                         {product} {ergonomic}
   size_t G1HeapRegionSize                         = 1048576                                   {product} {ergonomic}
    uintx GCDrainStackTargetSize                   = 64                                        {product} {ergonomic}
   size_t InitialHeapSize                          = 130023424                                 {product} {ergonomic}
   size_t MarkStackSize                            = 4194304                                   {product} {ergonomic}
   size_t MaxHeapSize                              = 2147483648                                {product} {command line}
   size_t MaxNewSize                               = 1287651328                                {product} {ergonomic}
   size_t MinHeapDeltaBytes                        = 1048576                                   {product} {ergonomic}
    uintx NonNMethodCodeHeapSize                   = 5836300                                {pd product} {ergonomic}
    uintx NonProfiledCodeHeapSize                  = 122910970                              {pd product} {ergonomic}
    uintx ProfiledCodeHeapSize                     = 122910970                              {pd product} {ergonomic}
    uintx ReservedCodeCacheSize                    = 251658240                              {pd product} {ergonomic}
     bool SegmentedCodeCache                       = true                                      {product} {ergonomic}
     bool UseCompressedClassPointers               = true                                 {lp64_product} {ergonomic}
     bool UseCompressedOops                        = true                                 {lp64_product} {ergonomic}
     bool UseG1GC                                  = true                                      {product} {ergonomic}
     bool UseLargePagesIndividualAllocation        = false                                  {pd product} {ergonomic}

Logging:
Log output configuration:
 #0: stdout all=warning uptime,level,tags
 #1: stderr all=off uptime,level,tags

Environment Variables:
PATH=D:\VMware\bin\;C:\Program Files\Common Files\Oracle\Java\javapath;C:\Windows\system32;C:\Windows;C:\Windows\System32\Wbem;C:\Windows\System32\WindowsPowerShell\v1.0\;C:\Windows\System32\OpenSSH\;C:\Program Files\NVIDIA Corporation\NVIDIA NvDLISR;C:\Program Files\Microsoft SQL Server\Client SDK\ODBC\170\Tools\Binn\;C:\Program Files (x86)\Microsoft SQL Server\150\Tools\Binn\;C:\Program Files\Microsoft SQL Server\150\Tools\Binn\;C:\Program Files\Microsoft SQL Server\150\DTS\Binn\;C:\Program Files (x86)\Microsoft SQL Server\150\DTS\Binn\;C:\Program Files\Azure Data Studio\bin;C:\Program Files\Microsoft SQL Server\130\Tools\Binn\;D:\Git\Git\cmd;C:\Program Files (x86)\NVIDIA Corporation\PhysX\Common;D:\Xampp\php;C:\ProgramData\ComposerSetup\bin;C:\Users\Dell\AppData\Local\Microsoft\WindowsApps;;C:\Program Files\Azure Data Studio\bin;D:\Visual Studio Code\Microsoft VS Code\bin;C:\Users\Dell\AppData\Roaming\Composer\vendor\bin
USERNAME=Dell
OS=Windows_NT
PROCESSOR_IDENTIFIER=Intel64 Family 6 Model 140 Stepping 1, GenuineIntel



---------------  S Y S T E M  ---------------

OS: Windows 10 , 64 bit Build 19041 (10.0.19041.1348)
OS uptime: 0 days 19:46 hours

CPU:total 8 (initial active 8) (4 cores per cpu, 2 threads per core) family 6 model 140 stepping 1 microcode 0x86, cmov, cx8, fxsr, mmx, sse, sse2, sse3, ssse3, sse4.1, sse4.2, popcnt, avx, avx2, aes, clmul, erms, 3dnowpref, lzcnt, ht, tsc, tscinvbit, bmi1, bmi2, adx, evex, sha, fma

Memory: 4k page, system-wide physical 7914M (708M free)
TotalPageFile size 12214M (AvailPageFile size 29M)
current process WorkingSet (physical memory assigned to process): 348M, peak: 359M
current process commit charge ("private bytes"): 387M, peak: 416M

vm_info: OpenJDK 64-Bit Server VM (11.0.10+0-b96-7249189) for windows-amd64 JRE (11.0.10+0-b96-7249189), built on Mar 31 2021 21:44:00 by "builder" with MS VC++ 14.0 (VS2015)

END.
