#
# There is insufficient memory for the Java Runtime Environment to continue.
# Native memory allocation (malloc) failed to allocate 994096 bytes for Chunk::new
# Possible reasons:
#   The system is out of physical RAM or swap space
#   The process is running with CompressedOops enabled, and the Java Heap may be blocking the growth of the native heap
# Possible solutions:
#   Reduce memory load on the system
#   Increase physical memory or swap space
#   Check if swap backing store is full
#   Decrease Java heap size (-Xmx/-Xms)
#   Decrease number of Java threads
#   Decrease Java thread stack sizes (-Xss)
#   Set larger code cache with -XX:ReservedCodeCacheSize=
#   JVM is running with Unscaled Compressed Oops mode in which the Java heap is
#     placed in the first 4GB address space. The Java Heap base address is the
#     maximum limit for the native heap growth. Please use -XX:HeapBaseMinAddress
#     to set the Java Heap base and to place the Java Heap above 4GB virtual address.
# This output file may be truncated or incomplete.
#
#  Out of Memory Error (./src/hotspot/share/memory/arena.cpp:197), pid=5692, tid=7280
#
# JRE version: OpenJDK Runtime Environment (11.0.10) (build 11.0.10+0-b96-7249189)
# Java VM: OpenJDK 64-Bit Server VM (11.0.10+0-b96-7249189, mixed mode, tiered, compressed oops, g1 gc, windows-amd64)
# No core dump will be written. Minidumps are not enabled by default on client versions of Windows
#

---------------  S U M M A R Y ------------

Command Line: --add-opens=java.base/java.util=ALL-UNNAMED --add-opens=java.base/java.lang=ALL-UNNAMED --add-opens=java.base/java.lang.invoke=ALL-UNNAMED --add-opens=java.base/java.util=ALL-UNNAMED --add-opens=java.prefs/java.util.prefs=ALL-UNNAMED --add-opens=java.prefs/java.util.prefs=ALL-UNNAMED --add-opens=java.base/java.nio.charset=ALL-UNNAMED --add-opens=java.base/java.net=ALL-UNNAMED --add-opens=java.base/java.util.concurrent.atomic=ALL-UNNAMED -Xmx2048m -Dfile.encoding=UTF-8 -Duser.country=US -Duser.language=en -Duser.variant org.gradle.launcher.daemon.bootstrap.GradleDaemon 7.0.2

Host: 11th Gen Intel(R) Core(TM) i5-1135G7 @ 2.40GHz, 8 cores, 7G,  Windows 10 , 64 bit Build 19041 (10.0.19041.1348)
Time: Sat Dec  4 15:45:35 2021 SE Asia Standard Time elapsed time: 9.228947 seconds (0d 0h 0m 9s)

---------------  T H R E A D  ---------------

Current thread (0x0000021b56848800):  JavaThread "C2 CompilerThread1" daemon [_thread_in_native, id=7280, stack(0x000000fdc4d00000,0x000000fdc4e00000)]


Current CompileTask:
C2:   9228 10070       4       com.sun.tools.javac.jvm.ClassReader::enterClass (44 bytes)

Stack: [0x000000fdc4d00000,0x000000fdc4e00000]
Native frames: (J=compiled Java code, j=interpreted, Vv=VM code, C=native code)
V  [jvm.dll+0x5ecfaa]
V  [jvm.dll+0x722bd5]
V  [jvm.dll+0x72412d]
V  [jvm.dll+0x7247e3]
V  [jvm.dll+0x242928]
V  [jvm.dll+0xbc4fc]
V  [jvm.dll+0xbca0c]
V  [jvm.dll+0x352d7d]
V  [jvm.dll+0x320ad3]
V  [jvm.dll+0x31ffca]
V  [jvm.dll+0x1fb602]
V  [jvm.dll+0x1fa7f4]
V  [jvm.dll+0x18354c]
V  [jvm.dll+0x208ee7]
V  [jvm.dll+0x207731]
V  [jvm.dll+0x6eb1cf]
V  [jvm.dll+0x6e3d45]
V  [jvm.dll+0x5ebe96]
C  [ucrtbase.dll+0x21bb2]
C  [KERNEL32.DLL+0x17034]
C  [ntdll.dll+0x52651]


---------------  P R O C E S S  ---------------

Threads class SMR info:
_java_thread_list=0x0000021b58607fe0, length=63, elements={
0x0000021b37f5a000, 0x0000021b52beb000, 0x0000021b52bec800, 0x0000021b53449800,
0x0000021b5344e000, 0x0000021b5344f000, 0x0000021b53451000, 0x0000021b53453800,
0x0000021b53456800, 0x0000021b535c6800, 0x0000021b54d9e800, 0x0000021b54d9d000,
0x0000021b54d9f000, 0x0000021b54d9d800, 0x0000021b54d9a800, 0x0000021b54d9c000,
0x0000021b54d9b000, 0x0000021b54d99800, 0x0000021b54da0000, 0x0000021b56249800,
0x0000021b5624a800, 0x0000021b5624d000, 0x0000021b56249000, 0x0000021b56251000,
0x0000021b5624f800, 0x0000021b56250000, 0x0000021b5624d800, 0x0000021b5624b800,
0x0000021b56252000, 0x0000021b5624e800, 0x0000021b56255000, 0x0000021b56256000,
0x0000021b56257800, 0x0000021b56253800, 0x0000021b5ad6c800, 0x0000021b5ad6a000,
0x0000021b5ad69800, 0x0000021b5ad67000, 0x0000021b5ad6b000, 0x0000021b5ad68800,
0x0000021b5ad67800, 0x0000021b5ad71800, 0x0000021b5ad6d800, 0x0000021b5ad6b800,
0x0000021b5ad6f000, 0x0000021b5ad70000, 0x0000021b5ad70800, 0x0000021b5ad72800,
0x0000021b5ad73000, 0x0000021b5ad6e000, 0x0000021b5ad75800, 0x0000021b5684a800,
0x0000021b5684b000, 0x0000021b56846800, 0x0000021b56845800, 0x0000021b56849800,
0x0000021b5684c000, 0x0000021b5684d000, 0x0000021b56847000, 0x0000021b56848000,
0x0000021b5684e800, 0x0000021b56848800, 0x0000021b56851800
}

Java Threads: ( => current thread )
  0x0000021b37f5a000 JavaThread "main" [_thread_blocked, id=3816, stack(0x000000fdc2700000,0x000000fdc2800000)]
  0x0000021b52beb000 JavaThread "Reference Handler" daemon [_thread_blocked, id=6284, stack(0x000000fdc2e00000,0x000000fdc2f00000)]
  0x0000021b52bec800 JavaThread "Finalizer" daemon [_thread_blocked, id=5492, stack(0x000000fdc2f00000,0x000000fdc3000000)]
  0x0000021b53449800 JavaThread "Signal Dispatcher" daemon [_thread_blocked, id=9208, stack(0x000000fdc3000000,0x000000fdc3100000)]
  0x0000021b5344e000 JavaThread "Attach Listener" daemon [_thread_blocked, id=14164, stack(0x000000fdc3100000,0x000000fdc3200000)]
  0x0000021b5344f000 JavaThread "Service Thread" daemon [_thread_blocked, id=14896, stack(0x000000fdc3200000,0x000000fdc3300000)]
  0x0000021b53451000 JavaThread "C2 CompilerThread0" daemon [_thread_in_native, id=2196, stack(0x000000fdc3300000,0x000000fdc3400000)]
  0x0000021b53453800 JavaThread "C1 CompilerThread0" daemon [_thread_in_vm, id=12752, stack(0x000000fdc3400000,0x000000fdc3500000)]
  0x0000021b53456800 JavaThread "Sweeper thread" daemon [_thread_blocked, id=13276, stack(0x000000fdc3500000,0x000000fdc3600000)]
  0x0000021b535c6800 JavaThread "Common-Cleaner" daemon [_thread_blocked, id=4908, stack(0x000000fdc3600000,0x000000fdc3700000)]
  0x0000021b54d9e800 JavaThread "Daemon health stats" [_thread_blocked, id=13760, stack(0x000000fdc3b00000,0x000000fdc3c00000)]
  0x0000021b54d9d000 JavaThread "Incoming local TCP Connector on port 64122" [_thread_in_native, id=4856, stack(0x000000fdc3800000,0x000000fdc3900000)]
  0x0000021b54d9f000 JavaThread "Daemon periodic checks" [_thread_blocked, id=13816, stack(0x000000fdc3900000,0x000000fdc3a00000)]
  0x0000021b54d9d800 JavaThread "Daemon" [_thread_blocked, id=11984, stack(0x000000fdc3c00000,0x000000fdc3d00000)]
  0x0000021b54d9a800 JavaThread "Handler for socket connection from /127.0.0.1:64122 to /127.0.0.1:64123" [_thread_in_native, id=14716, stack(0x000000fdc3d00000,0x000000fdc3e00000)]
  0x0000021b54d9c000 JavaThread "Cancel handler" [_thread_blocked, id=6792, stack(0x000000fdc3e00000,0x000000fdc3f00000)]
  0x0000021b54d9b000 JavaThread "Daemon worker" [_thread_blocked, id=1248, stack(0x000000fdc3f00000,0x000000fdc4000000)]
  0x0000021b54d99800 JavaThread "Asynchronous log dispatcher for DefaultDaemonConnection: socket connection from /127.0.0.1:64122 to /127.0.0.1:64123" [_thread_blocked, id=15960, stack(0x000000fdc4000000,0x000000fdc4100000)]
  0x0000021b54da0000 JavaThread "Stdin handler" [_thread_blocked, id=12264, stack(0x000000fdc4100000,0x000000fdc4200000)]
  0x0000021b56249800 JavaThread "Daemon client event forwarder" [_thread_blocked, id=16312, stack(0x000000fdc4200000,0x000000fdc4300000)]
  0x0000021b5624a800 JavaThread "Cache worker for file hash cache (C:\Users\Dell\.gradle\caches\7.0.2\fileHashes)" [_thread_blocked, id=13332, stack(0x000000fdc4900000,0x000000fdc4a00000)]
  0x0000021b5624d000 JavaThread "File lock request listener" [_thread_in_native, id=15512, stack(0x000000fdc4a00000,0x000000fdc4b00000)]
  0x0000021b56249000 JavaThread "Cache worker for journal cache (C:\Users\Dell\.gradle\caches\journal-1)" [_thread_blocked, id=7416, stack(0x000000fdc4c00000,0x000000fdc4d00000)]
  0x0000021b56251000 JavaThread "Cache worker for file hash cache (D:\LapTrinhDiDong\UpLoadGit\ChayThu\bookShop\ShopBanSach2\.gradle\7.0.2\fileHashes)" [_thread_blocked, id=9376, stack(0x000000fdc4e00000,0x000000fdc4f00000)]
  0x0000021b5624f800 JavaThread "File watcher server" daemon [_thread_in_native, id=13352, stack(0x000000fdc4f00000,0x000000fdc5000000)]
  0x0000021b56250000 JavaThread "File watcher consumer" daemon [_thread_blocked, id=6176, stack(0x000000fdc5000000,0x000000fdc5100000)]
  0x0000021b5624d800 JavaThread "Cache worker for checksums cache (D:\LapTrinhDiDong\UpLoadGit\ChayThu\bookShop\ShopBanSach2\.gradle\checksums)" [_thread_blocked, id=13968, stack(0x000000fdc5100000,0x000000fdc5200000)]
  0x0000021b5624b800 JavaThread "Cache worker for cache directory md-supplier (C:\Users\Dell\.gradle\caches\7.0.2\md-supplier)" [_thread_blocked, id=14328, stack(0x000000fdc5200000,0x000000fdc5300000)]
  0x0000021b56252000 JavaThread "Cache worker for cache directory md-rule (C:\Users\Dell\.gradle\caches\7.0.2\md-rule)" [_thread_blocked, id=14456, stack(0x000000fdc5400000,0x000000fdc5500000)]
  0x0000021b5624e800 JavaThread "Cache worker for execution history cache (C:\Users\Dell\.gradle\caches\7.0.2\executionHistory)" [_thread_blocked, id=12500, stack(0x000000fdc5500000,0x000000fdc5600000)]
  0x0000021b56255000 JavaThread "jar transforms" [_thread_blocked, id=7600, stack(0x000000fdc5600000,0x000000fdc5700000)]
  0x0000021b56256000 JavaThread "jar transforms Thread 2" [_thread_blocked, id=9936, stack(0x000000fdc5700000,0x000000fdc5800000)]
  0x0000021b56257800 JavaThread "Cache worker for file content cache (C:\Users\Dell\.gradle\caches\7.0.2\fileContent)" [_thread_blocked, id=3408, stack(0x000000fdc5800000,0x000000fdc5900000)]
  0x0000021b56253800 JavaThread "Cache worker for dependencies-accessors (D:\LapTrinhDiDong\UpLoadGit\ChayThu\bookShop\ShopBanSach2\.gradle\7.0.2\dependencies-accessors)" [_thread_blocked, id=1464, stack(0x000000fdc5900000,0x000000fdc5a00000)]
  0x0000021b5ad6c800 JavaThread "jar transforms Thread 3" [_thread_blocked, id=16068, stack(0x000000fdc5a00000,0x000000fdc5b00000)]
  0x0000021b5ad6a000 JavaThread "Cache worker for Build Output Cleanup Cache (D:\LapTrinhDiDong\UpLoadGit\ChayThu\bookShop\ShopBanSach2\.gradle\buildOutputCleanup)" [_thread_blocked, id=15452, stack(0x000000fdc5b00000,0x000000fdc5c00000)]
  0x0000021b5ad69800 JavaThread "Build operations" [_thread_blocked, id=10208, stack(0x000000fdc5c00000,0x000000fdc5d00000)]
  0x0000021b5ad67000 JavaThread "Build operations Thread 2" [_thread_blocked, id=12776, stack(0x000000fdc5d00000,0x000000fdc5e00000)]
  0x0000021b5ad6b000 JavaThread "Build operations Thread 3" [_thread_blocked, id=13780, stack(0x000000fdc5e00000,0x000000fdc5f00000)]
  0x0000021b5ad68800 JavaThread "Build operations Thread 4" [_thread_blocked, id=1656, stack(0x000000fdc5f00000,0x000000fdc6000000)]
  0x0000021b5ad67800 JavaThread "Build operations Thread 5" [_thread_blocked, id=9712, stack(0x000000fdc6000000,0x000000fdc6100000)]
  0x0000021b5ad71800 JavaThread "Build operations Thread 6" [_thread_blocked, id=14880, stack(0x000000fdc6100000,0x000000fdc6200000)]
  0x0000021b5ad6d800 JavaThread "Build operations Thread 7" [_thread_blocked, id=1264, stack(0x000000fdc6200000,0x000000fdc6300000)]
  0x0000021b5ad6b800 JavaThread "Build operations Thread 8" [_thread_blocked, id=6504, stack(0x000000fdc6300000,0x000000fdc6400000)]
  0x0000021b5ad6f000 JavaThread "jar transforms Thread 4" [_thread_blocked, id=7560, stack(0x000000fdc6400000,0x000000fdc6500000)]
  0x0000021b5ad70000 JavaThread "jar transforms Thread 5" [_thread_blocked, id=3760, stack(0x000000fdc6500000,0x000000fdc6600000)]
  0x0000021b5ad70800 JavaThread "jar transforms Thread 6" [_thread_blocked, id=2448, stack(0x000000fdc6600000,0x000000fdc6700000)]
  0x0000021b5ad72800 JavaThread "jar transforms Thread 7" [_thread_blocked, id=2004, stack(0x000000fdc6700000,0x000000fdc6800000)]
  0x0000021b5ad73000 JavaThread "jar transforms Thread 8" [_thread_blocked, id=11328, stack(0x000000fdc6800000,0x000000fdc6900000)]
  0x0000021b5ad6e000 JavaThread "Memory manager" [_thread_blocked, id=12856, stack(0x000000fdc6900000,0x000000fdc6a00000)]
  0x0000021b5ad75800 JavaThread "build event listener" [_thread_blocked, id=7172, stack(0x000000fdc6a00000,0x000000fdc6b00000)]
  0x0000021b5684a800 JavaThread "Execution worker for ':'" [_thread_blocked, id=15768, stack(0x000000fdc6b00000,0x000000fdc6c00000)]
  0x0000021b5684b000 JavaThread "Execution worker for ':' Thread 2" [_thread_blocked, id=4140, stack(0x000000fdc6c00000,0x000000fdc6d00000)]
  0x0000021b56846800 JavaThread "Execution worker for ':' Thread 3" [_thread_blocked, id=13756, stack(0x000000fdc6d00000,0x000000fdc6e00000)]
  0x0000021b56845800 JavaThread "Execution worker for ':' Thread 4" [_thread_in_native, id=10516, stack(0x000000fdc6e00000,0x000000fdc6f00000)]
  0x0000021b56849800 JavaThread "Execution worker for ':' Thread 5" [_thread_blocked, id=14408, stack(0x000000fdc6f00000,0x000000fdc7000000)]
  0x0000021b5684c000 JavaThread "Execution worker for ':' Thread 6" [_thread_blocked, id=3976, stack(0x000000fdc7000000,0x000000fdc7100000)]
  0x0000021b5684d000 JavaThread "Execution worker for ':' Thread 7" [_thread_blocked, id=13260, stack(0x000000fdc7100000,0x000000fdc7200000)]
  0x0000021b56847000 JavaThread "Cache worker for execution history cache (D:\LapTrinhDiDong\UpLoadGit\ChayThu\bookShop\ShopBanSach2\.gradle\7.0.2\executionHistory)" [_thread_blocked, id=2636, stack(0x000000fdc7200000,0x000000fdc7300000)]
  0x0000021b56848000 JavaThread "Cache worker for Java compile cache (C:\Users\Dell\.gradle\caches\7.0.2\javaCompile)" [_thread_blocked, id=2800, stack(0x000000fdc7300000,0x000000fdc7400000)]
  0x0000021b5684e800 JavaThread "Cache worker for Java compile cache (D:\LapTrinhDiDong\UpLoadGit\ChayThu\bookShop\ShopBanSach2\.gradle\7.0.2\javaCompile)" [_thread_blocked, id=15572, stack(0x000000fdc7400000,0x000000fdc7500000)]
=>0x0000021b56848800 JavaThread "C2 CompilerThread1" daemon [_thread_in_native, id=7280, stack(0x000000fdc4d00000,0x000000fdc4e00000)]
  0x0000021b56851800 JavaThread "C2 CompilerThread2" daemon [_thread_in_native, id=2712, stack(0x000000fdc5300000,0x000000fdc5400000)]

Other Threads:
  0x0000021b52be7800 VMThread "VM Thread" [stack: 0x000000fdc2d00000,0x000000fdc2e00000] [id=4308]
  0x0000021b535fb800 WatcherThread [stack: 0x000000fdc3700000,0x000000fdc3800000] [id=7868]
  0x0000021b37f75800 GCTaskThread "GC Thread#0" [stack: 0x000000fdc2800000,0x000000fdc2900000] [id=5740]
  0x0000021b54762800 GCTaskThread "GC Thread#1" [stack: 0x000000fdc3a00000,0x000000fdc3b00000] [id=2756]
  0x0000021b55b3f000 GCTaskThread "GC Thread#2" [stack: 0x000000fdc4300000,0x000000fdc4400000] [id=3700]
  0x0000021b54635800 GCTaskThread "GC Thread#3" [stack: 0x000000fdc4400000,0x000000fdc4500000] [id=3576]
  0x0000021b54636000 GCTaskThread "GC Thread#4" [stack: 0x000000fdc4500000,0x000000fdc4600000] [id=10656]
  0x0000021b54fa3000 GCTaskThread "GC Thread#5" [stack: 0x000000fdc4600000,0x000000fdc4700000] [id=13632]
  0x0000021b54fa3800 GCTaskThread "GC Thread#6" [stack: 0x000000fdc4700000,0x000000fdc4800000] [id=2640]
  0x0000021b55ce5800 GCTaskThread "GC Thread#7" [stack: 0x000000fdc4800000,0x000000fdc4900000] [id=15964]
  0x0000021b37fa7800 ConcurrentGCThread "G1 Main Marker" [stack: 0x000000fdc2900000,0x000000fdc2a00000] [id=15804]
  0x0000021b37fa9000 ConcurrentGCThread "G1 Conc#0" [stack: 0x000000fdc2a00000,0x000000fdc2b00000] [id=7524]
  0x0000021b5651c000 ConcurrentGCThread "G1 Conc#1" [stack: 0x000000fdc4b00000,0x000000fdc4c00000] [id=5808]
  0x0000021b52a31800 ConcurrentGCThread "G1 Refine#0" [stack: 0x000000fdc2b00000,0x000000fdc2c00000] [id=7696]
  0x0000021b52a32000 ConcurrentGCThread "G1 Young RemSet Sampling" [stack: 0x000000fdc2c00000,0x000000fdc2d00000] [id=12964]

Threads with active compile tasks:
C2 CompilerThread0   9240 9872   !   4       com.sun.tools.javac.jvm.ClassReader::classSigToType (498 bytes)
C1 CompilerThread0   9240 10150       2       com.sun.tools.javac.util.List::length (24 bytes)
C2 CompilerThread1   9240 10070       4       com.sun.tools.javac.jvm.ClassReader::enterClass (44 bytes)
C2 CompilerThread2   9240 10109       4       com.sun.tools.javac.code.Symbol::complete (30 bytes)

VM state:not at safepoint (normal execution)

VM Mutex/Monitor currently owned by a thread:  ([mutex/lock_event])
[0x0000021b37f56460] CodeCache_lock - owner thread: 0x0000021b53453800

Heap address: 0x0000000080000000, size: 2048 MB, Compressed Oops mode: 32-bit
Narrow klass base: 0x0000000000000000, Narrow klass shift: 3
Compressed class space size: 1073741824 Address: 0x0000000100000000

Heap:
 garbage-first heap   total 183296K, used 111042K [0x0000000080000000, 0x0000000100000000)
  region size 1024K, 50 young (51200K), 11 survivors (11264K)
 Metaspace       used 88108K, capacity 90513K, committed 90700K, reserved 1128448K
  class space    used 11457K, capacity 12351K, committed 12364K, reserved 1048576K
Heap Regions: E=young(eden), S=young(survivor), O=old, HS=humongous(starts), HC=humongous(continues), CS=collection set, F=free, A=archive, TAMS=top-at-mark-start (previous, next)
|   0|0x0000000080000000, 0x0000000080100000, 0x0000000080100000|100%| O|  |TAMS 0x0000000080100000, 0x0000000080000000| Untracked 
|   1|0x0000000080100000, 0x0000000080200000, 0x0000000080200000|100%| O|  |TAMS 0x0000000080200000, 0x0000000080100000| Untracked 
|   2|0x0000000080200000, 0x0000000080300000, 0x0000000080300000|100%| O|  |TAMS 0x0000000080300000, 0x0000000080200000| Untracked 
|   3|0x0000000080300000, 0x0000000080400000, 0x0000000080400000|100%|HS|  |TAMS 0x0000000080400000, 0x0000000080300000| Complete 
|   4|0x0000000080400000, 0x0000000080500000, 0x0000000080500000|100%|HC|  |TAMS 0x0000000080500000, 0x0000000080400000| Complete 
|   5|0x0000000080500000, 0x0000000080600000, 0x0000000080600000|100%|HC|  |TAMS 0x0000000080600000, 0x0000000080500000| Complete 
|   6|0x0000000080600000, 0x0000000080700000, 0x0000000080700000|100%| O|  |TAMS 0x0000000080700000, 0x0000000080600000| Untracked 
|   7|0x0000000080700000, 0x0000000080800000, 0x0000000080800000|100%| O|  |TAMS 0x0000000080800000, 0x0000000080700000| Untracked 
|   8|0x0000000080800000, 0x0000000080900000, 0x0000000080900000|100%| O|  |TAMS 0x0000000080900000, 0x0000000080800000| Untracked 
|   9|0x0000000080900000, 0x0000000080a00000, 0x0000000080a00000|100%| O|  |TAMS 0x0000000080a00000, 0x0000000080900000| Untracked 
|  10|0x0000000080a00000, 0x0000000080b00000, 0x0000000080b00000|100%| O|  |TAMS 0x0000000080b00000, 0x0000000080a00000| Untracked 
|  11|0x0000000080b00000, 0x0000000080c00000, 0x0000000080c00000|100%| O|  |TAMS 0x0000000080c00000, 0x0000000080b00000| Untracked 
|  12|0x0000000080c00000, 0x0000000080d00000, 0x0000000080d00000|100%| O|  |TAMS 0x0000000080d00000, 0x0000000080c00000| Untracked 
|  13|0x0000000080d00000, 0x0000000080e00000, 0x0000000080e00000|100%| O|  |TAMS 0x0000000080e00000, 0x0000000080d00000| Untracked 
|  14|0x0000000080e00000, 0x0000000080f00000, 0x0000000080f00000|100%| O|  |TAMS 0x0000000080f00000, 0x0000000080e00000| Untracked 
|  15|0x0000000080f00000, 0x0000000081000000, 0x0000000081000000|100%| O|  |TAMS 0x0000000081000000, 0x0000000080f00000| Untracked 
|  16|0x0000000081000000, 0x0000000081100000, 0x0000000081100000|100%|HS|  |TAMS 0x0000000081100000, 0x0000000081000000| Complete 
|  17|0x0000000081100000, 0x0000000081200000, 0x0000000081200000|100%| O|  |TAMS 0x0000000081200000, 0x0000000081100000| Untracked 
|  18|0x0000000081200000, 0x0000000081300000, 0x0000000081300000|100%| O|  |TAMS 0x0000000081300000, 0x0000000081200000| Untracked 
|  19|0x0000000081300000, 0x0000000081400000, 0x0000000081400000|100%| O|  |TAMS 0x0000000081400000, 0x0000000081300000| Untracked 
|  20|0x0000000081400000, 0x0000000081500000, 0x0000000081500000|100%| O|  |TAMS 0x0000000081500000, 0x0000000081400000| Untracked 
|  21|0x0000000081500000, 0x0000000081600000, 0x0000000081600000|100%| O|  |TAMS 0x0000000081600000, 0x0000000081500000| Untracked 
|  22|0x0000000081600000, 0x0000000081700000, 0x0000000081700000|100%| O|  |TAMS 0x0000000081700000, 0x0000000081600000| Untracked 
|  23|0x0000000081700000, 0x0000000081800000, 0x0000000081800000|100%|HS|  |TAMS 0x0000000081800000, 0x0000000081700000| Complete 
|  24|0x0000000081800000, 0x0000000081900000, 0x0000000081900000|100%|HS|  |TAMS 0x0000000081900000, 0x0000000081800000| Complete 
|  25|0x0000000081900000, 0x0000000081a00000, 0x0000000081a00000|100%|HC|  |TAMS 0x0000000081a00000, 0x0000000081900000| Complete 
|  26|0x0000000081a00000, 0x0000000081b00000, 0x0000000081b00000|100%| O|  |TAMS 0x0000000081b00000, 0x0000000081a00000| Untracked 
|  27|0x0000000081b00000, 0x0000000081c00000, 0x0000000081c00000|100%| O|  |TAMS 0x0000000081c00000, 0x0000000081b00000| Untracked 
|  28|0x0000000081c00000, 0x0000000081d00000, 0x0000000081d00000|100%| O|  |TAMS 0x0000000081d00000, 0x0000000081c00000| Untracked 
|  29|0x0000000081d00000, 0x0000000081e00000, 0x0000000081e00000|100%| O|  |TAMS 0x0000000081e00000, 0x0000000081d00000| Untracked 
|  30|0x0000000081e00000, 0x0000000081f00000, 0x0000000081f00000|100%| O|  |TAMS 0x0000000081f00000, 0x0000000081e00000| Untracked 
|  31|0x0000000081f00000, 0x0000000082000000, 0x0000000082000000|100%| O|  |TAMS 0x0000000082000000, 0x0000000081f00000| Untracked 
|  32|0x0000000082000000, 0x0000000082100000, 0x0000000082100000|100%| O|  |TAMS 0x0000000082100000, 0x0000000082000000| Untracked 
|  33|0x0000000082100000, 0x0000000082200000, 0x0000000082200000|100%| O|  |TAMS 0x0000000082200000, 0x0000000082100000| Untracked 
|  34|0x0000000082200000, 0x0000000082300000, 0x0000000082300000|100%| O|  |TAMS 0x0000000082300000, 0x0000000082200000| Untracked 
|  35|0x0000000082300000, 0x0000000082400000, 0x0000000082400000|100%| O|  |TAMS 0x0000000082400000, 0x0000000082300000| Untracked 
|  36|0x0000000082400000, 0x0000000082500000, 0x0000000082500000|100%| O|  |TAMS 0x0000000082500000, 0x0000000082400000| Untracked 
|  37|0x0000000082500000, 0x0000000082600000, 0x0000000082600000|100%| O|  |TAMS 0x0000000082600000, 0x0000000082500000| Untracked 
|  38|0x0000000082600000, 0x0000000082700000, 0x0000000082700000|100%| O|  |TAMS 0x0000000082700000, 0x0000000082600000| Untracked 
|  39|0x0000000082700000, 0x0000000082800000, 0x0000000082800000|100%| O|  |TAMS 0x0000000082800000, 0x0000000082700000| Untracked 
|  40|0x0000000082800000, 0x0000000082900000, 0x0000000082900000|100%| O|  |TAMS 0x0000000082900000, 0x0000000082800000| Untracked 
|  41|0x0000000082900000, 0x0000000082a00000, 0x0000000082a00000|100%| O|  |TAMS 0x0000000082931000, 0x0000000082900000| Untracked 
|  42|0x0000000082a00000, 0x0000000082b00000, 0x0000000082b00000|100%| O|  |TAMS 0x0000000082a00000, 0x0000000082a00000| Untracked 
|  43|0x0000000082b00000, 0x0000000082c00000, 0x0000000082c00000|100%| O|  |TAMS 0x0000000082b00000, 0x0000000082b00000| Untracked 
|  44|0x0000000082c00000, 0x0000000082d00000, 0x0000000082d00000|100%| O|  |TAMS 0x0000000082c00000, 0x0000000082c00000| Untracked 
|  45|0x0000000082d00000, 0x0000000082e00000, 0x0000000082e00000|100%| O|  |TAMS 0x0000000082d00000, 0x0000000082d00000| Untracked 
|  46|0x0000000082e00000, 0x0000000082f00000, 0x0000000082f00000|100%| O|  |TAMS 0x0000000082e00000, 0x0000000082e00000| Untracked 
|  47|0x0000000082f00000, 0x0000000083000000, 0x0000000083000000|100%| O|  |TAMS 0x0000000082f00000, 0x0000000082f00000| Untracked 
|  48|0x0000000083000000, 0x0000000083100000, 0x0000000083100000|100%| O|  |TAMS 0x0000000083000000, 0x0000000083000000| Untracked 
|  49|0x0000000083100000, 0x0000000083200000, 0x0000000083200000|100%| O|  |TAMS 0x0000000083100000, 0x0000000083100000| Untracked 
|  50|0x0000000083200000, 0x0000000083300000, 0x0000000083300000|100%| O|  |TAMS 0x0000000083200000, 0x0000000083200000| Untracked 
|  51|0x0000000083300000, 0x0000000083400000, 0x0000000083400000|100%| O|  |TAMS 0x0000000083300000, 0x0000000083300000| Untracked 
|  52|0x0000000083400000, 0x0000000083500000, 0x0000000083500000|100%| O|  |TAMS 0x0000000083400000, 0x0000000083400000| Untracked 
|  53|0x0000000083500000, 0x0000000083600000, 0x0000000083600000|100%| O|  |TAMS 0x0000000083500000, 0x0000000083500000| Untracked 
|  54|0x0000000083600000, 0x0000000083700000, 0x0000000083700000|100%| O|  |TAMS 0x0000000083600000, 0x0000000083600000| Untracked 
|  55|0x0000000083700000, 0x0000000083800000, 0x0000000083800000|100%| O|  |TAMS 0x0000000083700000, 0x0000000083700000| Untracked 
|  56|0x0000000083800000, 0x0000000083900000, 0x0000000083900000|100%| O|  |TAMS 0x0000000083800000, 0x0000000083800000| Untracked 
|  57|0x0000000083900000, 0x0000000083a00000, 0x0000000083a00000|100%| O|  |TAMS 0x0000000083900000, 0x0000000083900000| Untracked 
|  58|0x0000000083a00000, 0x0000000083b00000, 0x0000000083b00000|100%|HS|  |TAMS 0x0000000083a00000, 0x0000000083a00000| Complete 
|  59|0x0000000083b00000, 0x0000000083c00000, 0x0000000083c00000|100%|HC|  |TAMS 0x0000000083b00000, 0x0000000083b00000| Complete 
|  60|0x0000000083c00000, 0x0000000083c00000, 0x0000000083d00000|  0%| F|  |TAMS 0x0000000083c00000, 0x0000000083c00000| Untracked 
|  61|0x0000000083d00000, 0x0000000083d00000, 0x0000000083e00000|  0%| F|  |TAMS 0x0000000083d00000, 0x0000000083d00000| Untracked 
|  62|0x0000000083e00000, 0x0000000083e00000, 0x0000000083f00000|  0%| F|  |TAMS 0x0000000083e00000, 0x0000000083e00000| Untracked 
|  63|0x0000000083f00000, 0x0000000083f00000, 0x0000000084000000|  0%| F|  |TAMS 0x0000000083f00000, 0x0000000083f00000| Untracked 
|  64|0x0000000084000000, 0x0000000084000000, 0x0000000084100000|  0%| F|  |TAMS 0x0000000084000000, 0x0000000084000000| Untracked 
|  65|0x0000000084100000, 0x0000000084100000, 0x0000000084200000|  0%| F|  |TAMS 0x0000000084100000, 0x0000000084100000| Untracked 
|  66|0x0000000084200000, 0x0000000084200000, 0x0000000084300000|  0%| F|  |TAMS 0x0000000084200000, 0x0000000084200000| Untracked 
|  67|0x0000000084300000, 0x0000000084300000, 0x0000000084400000|  0%| F|  |TAMS 0x0000000084300000, 0x0000000084300000| Untracked 
|  68|0x0000000084400000, 0x0000000084400000, 0x0000000084500000|  0%| F|  |TAMS 0x0000000084400000, 0x0000000084400000| Untracked 
|  69|0x0000000084500000, 0x0000000084500000, 0x0000000084600000|  0%| F|  |TAMS 0x0000000084500000, 0x0000000084500000| Untracked 
|  70|0x0000000084600000, 0x0000000084600000, 0x0000000084700000|  0%| F|  |TAMS 0x0000000084600000, 0x0000000084600000| Untracked 
|  71|0x0000000084700000, 0x0000000084700000, 0x0000000084800000|  0%| F|  |TAMS 0x0000000084700000, 0x0000000084700000| Untracked 
|  72|0x0000000084800000, 0x0000000084800000, 0x0000000084900000|  0%| F|  |TAMS 0x0000000084800000, 0x0000000084800000| Untracked 
|  73|0x0000000084900000, 0x0000000084900000, 0x0000000084a00000|  0%| F|  |TAMS 0x0000000084900000, 0x0000000084900000| Untracked 
|  74|0x0000000084a00000, 0x0000000084a00000, 0x0000000084b00000|  0%| F|  |TAMS 0x0000000084a00000, 0x0000000084a00000| Untracked 
|  75|0x0000000084b00000, 0x0000000084b00000, 0x0000000084c00000|  0%| F|  |TAMS 0x0000000084b00000, 0x0000000084b00000| Untracked 
|  76|0x0000000084c00000, 0x0000000084c00000, 0x0000000084d00000|  0%| F|  |TAMS 0x0000000084c00000, 0x0000000084c00000| Untracked 
|  77|0x0000000084d00000, 0x0000000084d00000, 0x0000000084e00000|  0%| F|  |TAMS 0x0000000084d00000, 0x0000000084d00000| Untracked 
|  78|0x0000000084e00000, 0x0000000084e00000, 0x0000000084f00000|  0%| F|  |TAMS 0x0000000084e00000, 0x0000000084e00000| Untracked 
|  79|0x0000000084f00000, 0x0000000084f00000, 0x0000000085000000|  0%| F|  |TAMS 0x0000000084f00000, 0x0000000084f00000| Untracked 
|  80|0x0000000085000000, 0x0000000085000000, 0x0000000085100000|  0%| F|  |TAMS 0x0000000085000000, 0x0000000085000000| Untracked 
|  81|0x0000000085100000, 0x0000000085100000, 0x0000000085200000|  0%| F|  |TAMS 0x0000000085100000, 0x0000000085100000| Untracked 
|  82|0x0000000085200000, 0x0000000085200000, 0x0000000085300000|  0%| F|  |TAMS 0x0000000085200000, 0x0000000085200000| Untracked 
|  83|0x0000000085300000, 0x0000000085300000, 0x0000000085400000|  0%| F|  |TAMS 0x0000000085300000, 0x0000000085300000| Untracked 
|  84|0x0000000085400000, 0x0000000085400000, 0x0000000085500000|  0%| F|  |TAMS 0x0000000085400000, 0x0000000085400000| Untracked 
|  85|0x0000000085500000, 0x0000000085500000, 0x0000000085600000|  0%| F|  |TAMS 0x0000000085500000, 0x0000000085500000| Untracked 
|  86|0x0000000085600000, 0x0000000085600000, 0x0000000085700000|  0%| F|  |TAMS 0x0000000085600000, 0x0000000085600000| Untracked 
|  87|0x0000000085700000, 0x0000000085700000, 0x0000000085800000|  0%| F|  |TAMS 0x0000000085700000, 0x0000000085700000| Untracked 
|  88|0x0000000085800000, 0x0000000085800000, 0x0000000085900000|  0%| F|  |TAMS 0x0000000085800000, 0x0000000085800000| Untracked 
|  89|0x0000000085900000, 0x0000000085900000, 0x0000000085a00000|  0%| F|  |TAMS 0x0000000085900000, 0x0000000085900000| Untracked 
|  90|0x0000000085a00000, 0x0000000085a70a90, 0x0000000085b00000| 44%| S|CS|TAMS 0x0000000085a00000, 0x0000000085a00000| Complete 
|  91|0x0000000085b00000, 0x0000000085c00000, 0x0000000085c00000|100%| S|CS|TAMS 0x0000000085b00000, 0x0000000085b00000| Complete 
|  92|0x0000000085c00000, 0x0000000085d00000, 0x0000000085d00000|100%| S|CS|TAMS 0x0000000085c00000, 0x0000000085c00000| Complete 
|  93|0x0000000085d00000, 0x0000000085e00000, 0x0000000085e00000|100%| S|CS|TAMS 0x0000000085d00000, 0x0000000085d00000| Complete 
|  94|0x0000000085e00000, 0x0000000085f00000, 0x0000000085f00000|100%| S|CS|TAMS 0x0000000085e00000, 0x0000000085e00000| Complete 
|  95|0x0000000085f00000, 0x0000000086000000, 0x0000000086000000|100%| S|CS|TAMS 0x0000000085f00000, 0x0000000085f00000| Complete 
|  96|0x0000000086000000, 0x0000000086100000, 0x0000000086100000|100%| S|CS|TAMS 0x0000000086000000, 0x0000000086000000| Complete 
|  97|0x0000000086100000, 0x0000000086200000, 0x0000000086200000|100%| S|CS|TAMS 0x0000000086100000, 0x0000000086100000| Complete 
|  98|0x0000000086200000, 0x0000000086300000, 0x0000000086300000|100%| S|CS|TAMS 0x0000000086200000, 0x0000000086200000| Complete 
|  99|0x0000000086300000, 0x0000000086400000, 0x0000000086400000|100%| S|CS|TAMS 0x0000000086300000, 0x0000000086300000| Complete 
| 100|0x0000000086400000, 0x0000000086400000, 0x0000000086500000|  0%| F|  |TAMS 0x0000000086400000, 0x0000000086400000| Untracked 
| 101|0x0000000086500000, 0x0000000086500000, 0x0000000086600000|  0%| F|  |TAMS 0x0000000086500000, 0x0000000086500000| Untracked 
| 102|0x0000000086600000, 0x0000000086600000, 0x0000000086700000|  0%| F|  |TAMS 0x0000000086600000, 0x0000000086600000| Untracked 
| 103|0x0000000086700000, 0x0000000086700000, 0x0000000086800000|  0%| F|  |TAMS 0x0000000086700000, 0x0000000086700000| Untracked 
| 104|0x0000000086800000, 0x0000000086800000, 0x0000000086900000|  0%| F|  |TAMS 0x0000000086800000, 0x0000000086800000| Untracked 
| 105|0x0000000086900000, 0x0000000086900000, 0x0000000086a00000|  0%| F|  |TAMS 0x0000000086900000, 0x0000000086900000| Untracked 
| 106|0x0000000086a00000, 0x0000000086b00000, 0x0000000086b00000|100%| S|CS|TAMS 0x0000000086a00000, 0x0000000086a00000| Complete 
| 107|0x0000000086b00000, 0x0000000086b00000, 0x0000000086c00000|  0%| F|  |TAMS 0x0000000086b00000, 0x0000000086b00000| Untracked 
| 108|0x0000000086c00000, 0x0000000086c00000, 0x0000000086d00000|  0%| F|  |TAMS 0x0000000086c00000, 0x0000000086c00000| Untracked 
| 109|0x0000000086d00000, 0x0000000086d00000, 0x0000000086e00000|  0%| F|  |TAMS 0x0000000086d00000, 0x0000000086d00000| Untracked 
| 110|0x0000000086e00000, 0x0000000086e00000, 0x0000000086f00000|  0%| F|  |TAMS 0x0000000086e00000, 0x0000000086e00000| Untracked 
| 111|0x0000000086f00000, 0x0000000086f00000, 0x0000000087000000|  0%| F|  |TAMS 0x0000000086f00000, 0x0000000086f00000| Untracked 
| 112|0x0000000087000000, 0x0000000087000000, 0x0000000087100000|  0%| F|  |TAMS 0x0000000087000000, 0x0000000087000000| Untracked 
| 113|0x0000000087100000, 0x0000000087100000, 0x0000000087200000|  0%| F|  |TAMS 0x0000000087100000, 0x0000000087100000| Untracked 
| 114|0x0000000087200000, 0x0000000087200000, 0x0000000087300000|  0%| F|  |TAMS 0x0000000087200000, 0x0000000087200000| Untracked 
| 115|0x0000000087300000, 0x0000000087300000, 0x0000000087400000|  0%| F|  |TAMS 0x0000000087300000, 0x0000000087300000| Untracked 
| 116|0x0000000087400000, 0x0000000087400000, 0x0000000087500000|  0%| F|  |TAMS 0x0000000087400000, 0x0000000087400000| Untracked 
| 117|0x0000000087500000, 0x0000000087500000, 0x0000000087600000|  0%| F|  |TAMS 0x0000000087500000, 0x0000000087500000| Untracked 
| 118|0x0000000087600000, 0x0000000087600000, 0x0000000087700000|  0%| F|  |TAMS 0x0000000087600000, 0x0000000087600000| Untracked 
| 119|0x0000000087700000, 0x0000000087700000, 0x0000000087800000|  0%| F|  |TAMS 0x0000000087700000, 0x0000000087700000| Untracked 
| 120|0x0000000087800000, 0x0000000087800000, 0x0000000087900000|  0%| F|  |TAMS 0x0000000087800000, 0x0000000087800000| Untracked 
| 121|0x0000000087900000, 0x0000000087900000, 0x0000000087a00000|  0%| F|  |TAMS 0x0000000087900000, 0x0000000087900000| Untracked 
| 122|0x0000000087a00000, 0x0000000087a00000, 0x0000000087b00000|  0%| F|  |TAMS 0x0000000087a00000, 0x0000000087a00000| Untracked 
| 123|0x0000000087b00000, 0x0000000087b00000, 0x0000000087c00000|  0%| F|  |TAMS 0x0000000087b00000, 0x0000000087b00000| Untracked 
| 124|0x0000000087c00000, 0x0000000087c00000, 0x0000000087d00000|  0%| F|  |TAMS 0x0000000087c00000, 0x0000000087c00000| Untracked 
| 125|0x0000000087d00000, 0x0000000087d00000, 0x0000000087e00000|  0%| F|  |TAMS 0x0000000087d00000, 0x0000000087d00000| Untracked 
| 126|0x0000000087e00000, 0x0000000087e00000, 0x0000000087f00000|  0%| F|  |TAMS 0x0000000087e00000, 0x0000000087e00000| Untracked 
| 127|0x0000000087f00000, 0x0000000087f00000, 0x0000000088000000|  0%| F|  |TAMS 0x0000000087f00000, 0x0000000087f00000| Untracked 
| 128|0x0000000088000000, 0x0000000088000000, 0x0000000088100000|  0%| F|  |TAMS 0x0000000088000000, 0x0000000088000000| Untracked 
| 129|0x0000000088100000, 0x0000000088100000, 0x0000000088200000|  0%| F|  |TAMS 0x0000000088100000, 0x0000000088100000| Untracked 
| 130|0x0000000088200000, 0x0000000088200000, 0x0000000088300000|  0%| F|  |TAMS 0x0000000088200000, 0x0000000088200000| Untracked 
| 131|0x0000000088300000, 0x0000000088300000, 0x0000000088400000|  0%| F|  |TAMS 0x0000000088300000, 0x0000000088300000| Untracked 
| 132|0x0000000088400000, 0x0000000088400000, 0x0000000088500000|  0%| F|  |TAMS 0x0000000088400000, 0x0000000088400000| Untracked 
| 133|0x0000000088500000, 0x0000000088500000, 0x0000000088600000|  0%| F|  |TAMS 0x0000000088500000, 0x0000000088500000| Untracked 
| 134|0x0000000088600000, 0x0000000088600000, 0x0000000088700000|  0%| F|  |TAMS 0x0000000088600000, 0x0000000088600000| Untracked 
| 135|0x0000000088700000, 0x0000000088700000, 0x0000000088800000|  0%| F|  |TAMS 0x0000000088700000, 0x0000000088700000| Untracked 
| 136|0x0000000088800000, 0x0000000088800000, 0x0000000088900000|  0%| F|  |TAMS 0x0000000088800000, 0x0000000088800000| Untracked 
| 137|0x0000000088900000, 0x0000000088900000, 0x0000000088a00000|  0%| F|  |TAMS 0x0000000088900000, 0x0000000088900000| Untracked 
| 138|0x0000000088a00000, 0x0000000088a00000, 0x0000000088b00000|  0%| F|  |TAMS 0x0000000088a00000, 0x0000000088a00000| Untracked 
| 139|0x0000000088b00000, 0x0000000088b00000, 0x0000000088c00000|  0%| F|  |TAMS 0x0000000088b00000, 0x0000000088b00000| Untracked 
| 140|0x0000000088c00000, 0x0000000088ce3148, 0x0000000088d00000| 88%| E|  |TAMS 0x0000000088c00000, 0x0000000088c00000| Complete 
| 141|0x0000000088d00000, 0x0000000088e00000, 0x0000000088e00000|100%| E|CS|TAMS 0x0000000088d00000, 0x0000000088d00000| Complete 
| 142|0x0000000088e00000, 0x0000000088f00000, 0x0000000088f00000|100%| E|CS|TAMS 0x0000000088e00000, 0x0000000088e00000| Complete 
| 143|0x0000000088f00000, 0x0000000089000000, 0x0000000089000000|100%| E|CS|TAMS 0x0000000088f00000, 0x0000000088f00000| Complete 
| 144|0x0000000089000000, 0x0000000089100000, 0x0000000089100000|100%| E|CS|TAMS 0x0000000089000000, 0x0000000089000000| Complete 
| 145|0x0000000089100000, 0x0000000089200000, 0x0000000089200000|100%| E|CS|TAMS 0x0000000089100000, 0x0000000089100000| Complete 
| 146|0x0000000089200000, 0x0000000089300000, 0x0000000089300000|100%| E|CS|TAMS 0x0000000089200000, 0x0000000089200000| Complete 
| 147|0x0000000089300000, 0x0000000089400000, 0x0000000089400000|100%| E|CS|TAMS 0x0000000089300000, 0x0000000089300000| Complete 
| 148|0x0000000089400000, 0x0000000089500000, 0x0000000089500000|100%| E|CS|TAMS 0x0000000089400000, 0x0000000089400000| Complete 
| 149|0x0000000089500000, 0x0000000089600000, 0x0000000089600000|100%| E|CS|TAMS 0x0000000089500000, 0x0000000089500000| Complete 
| 150|0x0000000089600000, 0x0000000089700000, 0x0000000089700000|100%| E|CS|TAMS 0x0000000089600000, 0x0000000089600000| Complete 
| 151|0x0000000089700000, 0x0000000089800000, 0x0000000089800000|100%| E|CS|TAMS 0x0000000089700000, 0x0000000089700000| Complete 
| 152|0x0000000089800000, 0x0000000089900000, 0x0000000089900000|100%| E|CS|TAMS 0x0000000089800000, 0x0000000089800000| Complete 
| 153|0x0000000089900000, 0x0000000089a00000, 0x0000000089a00000|100%| E|CS|TAMS 0x0000000089900000, 0x0000000089900000| Complete 
| 154|0x0000000089a00000, 0x0000000089b00000, 0x0000000089b00000|100%| E|CS|TAMS 0x0000000089a00000, 0x0000000089a00000| Complete 
| 155|0x0000000089b00000, 0x0000000089c00000, 0x0000000089c00000|100%| E|CS|TAMS 0x0000000089b00000, 0x0000000089b00000| Complete 
| 156|0x0000000089c00000, 0x0000000089d00000, 0x0000000089d00000|100%| E|CS|TAMS 0x0000000089c00000, 0x0000000089c00000| Complete 
| 157|0x0000000089d00000, 0x0000000089e00000, 0x0000000089e00000|100%| E|CS|TAMS 0x0000000089d00000, 0x0000000089d00000| Complete 
| 158|0x0000000089e00000, 0x0000000089f00000, 0x0000000089f00000|100%| E|CS|TAMS 0x0000000089e00000, 0x0000000089e00000| Complete 
| 159|0x0000000089f00000, 0x000000008a000000, 0x000000008a000000|100%| E|CS|TAMS 0x0000000089f00000, 0x0000000089f00000| Complete 
| 160|0x000000008a000000, 0x000000008a100000, 0x000000008a100000|100%| E|CS|TAMS 0x000000008a000000, 0x000000008a000000| Complete 
| 161|0x000000008a100000, 0x000000008a200000, 0x000000008a200000|100%| E|CS|TAMS 0x000000008a100000, 0x000000008a100000| Complete 
| 162|0x000000008a200000, 0x000000008a300000, 0x000000008a300000|100%| E|CS|TAMS 0x000000008a200000, 0x000000008a200000| Complete 
| 163|0x000000008a300000, 0x000000008a400000, 0x000000008a400000|100%| E|CS|TAMS 0x000000008a300000, 0x000000008a300000| Complete 
| 164|0x000000008a400000, 0x000000008a500000, 0x000000008a500000|100%| E|CS|TAMS 0x000000008a400000, 0x000000008a400000| Complete 
| 165|0x000000008a500000, 0x000000008a600000, 0x000000008a600000|100%| E|CS|TAMS 0x000000008a500000, 0x000000008a500000| Complete 
| 166|0x000000008a600000, 0x000000008a700000, 0x000000008a700000|100%| E|CS|TAMS 0x000000008a600000, 0x000000008a600000| Complete 
| 167|0x000000008a700000, 0x000000008a800000, 0x000000008a800000|100%| E|CS|TAMS 0x000000008a700000, 0x000000008a700000| Complete 
| 168|0x000000008a800000, 0x000000008a900000, 0x000000008a900000|100%| E|CS|TAMS 0x000000008a800000, 0x000000008a800000| Complete 
| 169|0x000000008a900000, 0x000000008aa00000, 0x000000008aa00000|100%| E|CS|TAMS 0x000000008a900000, 0x000000008a900000| Complete 
| 170|0x000000008aa00000, 0x000000008ab00000, 0x000000008ab00000|100%| E|CS|TAMS 0x000000008aa00000, 0x000000008aa00000| Complete 
| 171|0x000000008ab00000, 0x000000008ac00000, 0x000000008ac00000|100%| E|CS|TAMS 0x000000008ab00000, 0x000000008ab00000| Complete 
| 172|0x000000008ac00000, 0x000000008ad00000, 0x000000008ad00000|100%| E|CS|TAMS 0x000000008ac00000, 0x000000008ac00000| Complete 
| 173|0x000000008ad00000, 0x000000008ae00000, 0x000000008ae00000|100%| E|CS|TAMS 0x000000008ad00000, 0x000000008ad00000| Complete 
| 174|0x000000008ae00000, 0x000000008af00000, 0x000000008af00000|100%| E|CS|TAMS 0x000000008ae00000, 0x000000008ae00000| Complete 
| 175|0x000000008af00000, 0x000000008b000000, 0x000000008b000000|100%| E|CS|TAMS 0x000000008af00000, 0x000000008af00000| Complete 
| 176|0x000000008b000000, 0x000000008b100000, 0x000000008b100000|100%| E|CS|TAMS 0x000000008b000000, 0x000000008b000000| Complete 
| 177|0x000000008b100000, 0x000000008b200000, 0x000000008b200000|100%| E|CS|TAMS 0x000000008b100000, 0x000000008b100000| Complete 
| 178|0x000000008b200000, 0x000000008b300000, 0x000000008b300000|100%| E|CS|TAMS 0x000000008b200000, 0x000000008b200000| Complete 

Card table byte_map: [0x0000021b4b8e0000,0x0000021b4bce0000] _byte_map_base: 0x0000021b4b4e0000

Marking Bits (Prev, Next): (CMBitMap*) 0x0000021b37f9ed00, (CMBitMap*) 0x0000021b37f9ecc8
 Prev Bits: [0x0000021b4e0e0000, 0x0000021b500e0000)
 Next Bits: [0x0000021b4c0e0000, 0x0000021b4e0e0000)

Polling page: 0x0000021b38040000

Metaspace:

Usage:
  Non-class:     76.33 MB capacity,    74.87 MB ( 98%) used,     1.19 MB (  2%) free+waste,   274.88 KB ( <1%) overhead. 
      Class:     12.06 MB capacity,    11.19 MB ( 93%) used,   765.73 KB (  6%) free+waste,   126.94 KB (  1%) overhead. 
       Both:     88.39 MB capacity,    86.06 MB ( 97%) used,     1.94 MB (  2%) free+waste,   401.81 KB ( <1%) overhead. 

Virtual space:
  Non-class space:       78.00 MB reserved,      76.50 MB ( 98%) committed 
      Class space:        1.00 GB reserved,      12.07 MB (  1%) committed 
             Both:        1.08 GB reserved,      88.57 MB (  8%) committed 

Chunk freelists:
   Non-Class:  46.00 KB
       Class:  1.00 KB
        Both:  47.00 KB

MaxMetaspaceSize: 17179869184.00 GB
CompressedClassSpaceSize: 1.00 GB

CodeHeap 'non-profiled nmethods': size=120000Kb used=6384Kb max_used=6384Kb free=113615Kb
 bounds [0x0000021b43540000, 0x0000021b43b80000, 0x0000021b4aa70000]
CodeHeap 'profiled nmethods': size=120000Kb used=21859Kb max_used=21859Kb free=98140Kb
 bounds [0x0000021b3c010000, 0x0000021b3d570000, 0x0000021b43540000]
CodeHeap 'non-nmethods': size=5760Kb used=2296Kb max_used=2354Kb free=3463Kb
 bounds [0x0000021b3ba70000, 0x0000021b3bce0000, 0x0000021b3c010000]
 total_blobs=10988 nmethods=10100 adapters=799
 compilation: enabled
              stopped_count=0, restarted_count=0
 full_count=0

Compilation events (20 events):
Event: 9.218 Thread 0x0000021b53453800 nmethod 10124 0x0000021b3d554810 code [0x0000021b3d554a00, 0x0000021b3d554d18]
Event: 9.218 Thread 0x0000021b53453800 10125       3       com.sun.tools.javac.comp.Attr::attribType (23 bytes)
Event: 9.218 Thread 0x0000021b53453800 nmethod 10125 0x0000021b3d554f10 code [0x0000021b3d5550e0, 0x0000021b3d555378]
Event: 9.218 Thread 0x0000021b53453800 10126       3       com.sun.tools.javac.tree.TreeInfo::name (65 bytes)
Event: 9.219 Thread 0x0000021b53453800 nmethod 10126 0x0000021b3d555510 code [0x0000021b3d555720, 0x0000021b3d555cd8]
Event: 9.224 Thread 0x0000021b53453800 10128       3       com.sun.tools.javac.jvm.ClassReader::indexPool (268 bytes)
Event: 9.225 Thread 0x0000021b53453800 nmethod 10128 0x0000021b3d555f10 code [0x0000021b3d556160, 0x0000021b3d556d68]
Event: 9.225 Thread 0x0000021b53453800 10129       3       com.sun.tools.javac.tree.JCTree$JCVariableDecl::accept (6 bytes)
Event: 9.226 Thread 0x0000021b53453800 nmethod 10129 0x0000021b3d557090 code [0x0000021b3d557240, 0x0000021b3d557408]
Event: 9.226 Thread 0x0000021b53453800 10131       3       com.sun.tools.javac.tree.JCTree$JCVariableDecl::isImplicitlyTyped (13 bytes)
Event: 9.226 Thread 0x0000021b53453800 nmethod 10131 0x0000021b3d557510 code [0x0000021b3d5576c0, 0x0000021b3d557818]
Event: 9.226 Thread 0x0000021b53453800 10132       3       com.sun.tools.javac.comp.Check::checkForBadAuxiliaryClassAccess (78 bytes)
Event: 9.226 Thread 0x0000021b53453800 nmethod 10132 0x0000021b3d557890 code [0x0000021b3d557b20, 0x0000021b3d5585c8]
Event: 9.226 Thread 0x0000021b53453800 10130       3       com.sun.tools.javac.tree.TreeInfo::isReceiverParam (28 bytes)
Event: 9.227 Thread 0x0000021b53453800 nmethod 10130 0x0000021b3d558b10 code [0x0000021b3d558ce0, 0x0000021b3d559168]
Event: 9.227 Thread 0x0000021b53453800 10133       3       com.sun.tools.javac.code.Type$ClassType::isErroneous (50 bytes)
Event: 9.227 Thread 0x0000021b53453800 nmethod 10133 0x0000021b3d559290 code [0x0000021b3d5594c0, 0x0000021b3d559e08]
Event: 9.227 Thread 0x0000021b53453800 10134       3       com.sun.tools.javac.code.Scope$ImportScope::finalizeSingleScope (96 bytes)
Event: 9.228 Thread 0x0000021b53453800 nmethod 10134 0x0000021b3d55a090 code [0x0000021b3d55a380, 0x0000021b3d55b5f8]
Event: 9.228 Thread 0x0000021b53453800 10135       3       com.sun.tools.javac.comp.Resolve::isAccessible (402 bytes)

GC Heap History (20 events):
Event: 2.472 GC heap before
{Heap before GC invocations=5 (full 0):
 garbage-first heap   total 126976K, used 72827K [0x0000000080000000, 0x0000000100000000)
  region size 1024K, 57 young (58368K), 3 survivors (3072K)
 Metaspace       used 35036K, capacity 35830K, committed 35840K, reserved 1081344K
  class space    used 4546K, capacity 4864K, committed 4864K, reserved 1048576K
}
Event: 2.480 GC heap after
{Heap after GC invocations=6 (full 0):
 garbage-first heap   total 126976K, used 22033K [0x0000000080000000, 0x0000000100000000)
  region size 1024K, 6 young (6144K), 6 survivors (6144K)
 Metaspace       used 35036K, capacity 35830K, committed 35840K, reserved 1081344K
  class space    used 4546K, capacity 4864K, committed 4864K, reserved 1048576K
}
Event: 2.985 GC heap before
{Heap before GC invocations=7 (full 0):
 garbage-first heap   total 126976K, used 85521K [0x0000000080000000, 0x0000000100000000)
  region size 1024K, 66 young (67584K), 6 survivors (6144K)
 Metaspace       used 39427K, capacity 40366K, committed 40524K, reserved 1085440K
  class space    used 5047K, capacity 5390K, committed 5452K, reserved 1048576K
}
Event: 2.991 GC heap after
{Heap after GC invocations=8 (full 0):
 garbage-first heap   total 152576K, used 27095K [0x0000000080000000, 0x0000000100000000)
  region size 1024K, 9 young (9216K), 9 survivors (9216K)
 Metaspace       used 39427K, capacity 40366K, committed 40524K, reserved 1085440K
  class space    used 5047K, capacity 5390K, committed 5452K, reserved 1048576K
}
Event: 3.611 GC heap before
{Heap before GC invocations=8 (full 0):
 garbage-first heap   total 152576K, used 100823K [0x0000000080000000, 0x0000000100000000)
  region size 1024K, 80 young (81920K), 9 survivors (9216K)
 Metaspace       used 45724K, capacity 46956K, committed 47052K, reserved 1089536K
  class space    used 5880K, capacity 6301K, committed 6348K, reserved 1048576K
}
Event: 3.617 GC heap after
{Heap after GC invocations=9 (full 0):
 garbage-first heap   total 152576K, used 29797K [0x0000000080000000, 0x0000000100000000)
  region size 1024K, 8 young (8192K), 8 survivors (8192K)
 Metaspace       used 45724K, capacity 46956K, committed 47052K, reserved 1089536K
  class space    used 5880K, capacity 6301K, committed 6348K, reserved 1048576K
}
Event: 4.224 GC heap before
{Heap before GC invocations=9 (full 0):
 garbage-first heap   total 152576K, used 107621K [0x0000000080000000, 0x0000000100000000)
  region size 1024K, 81 young (82944K), 8 survivors (8192K)
 Metaspace       used 51606K, capacity 52966K, committed 53324K, reserved 1095680K
  class space    used 6604K, capacity 7117K, committed 7244K, reserved 1048576K
}
Event: 4.230 GC heap after
{Heap after GC invocations=10 (full 0):
 garbage-first heap   total 152576K, used 41908K [0x0000000080000000, 0x0000000100000000)
  region size 1024K, 11 young (11264K), 11 survivors (11264K)
 Metaspace       used 51606K, capacity 52966K, committed 53324K, reserved 1095680K
  class space    used 6604K, capacity 7117K, committed 7244K, reserved 1048576K
}
Event: 4.653 GC heap before
{Heap before GC invocations=10 (full 0):
 garbage-first heap   total 152576K, used 82868K [0x0000000080000000, 0x0000000100000000)
  region size 1024K, 52 young (53248K), 11 survivors (11264K)
 Metaspace       used 58539K, capacity 60069K, committed 60236K, reserved 1101824K
  class space    used 7447K, capacity 7989K, committed 8012K, reserved 1048576K
}
Event: 4.663 GC heap after
{Heap after GC invocations=11 (full 0):
 garbage-first heap   total 152576K, used 45252K [0x0000000080000000, 0x0000000100000000)
  region size 1024K, 3 young (3072K), 3 survivors (3072K)
 Metaspace       used 58539K, capacity 60069K, committed 60236K, reserved 1101824K
  class space    used 7447K, capacity 7989K, committed 8012K, reserved 1048576K
}
Event: 5.112 GC heap before
{Heap before GC invocations=12 (full 0):
 garbage-first heap   total 152576K, used 106692K [0x0000000080000000, 0x0000000100000000)
  region size 1024K, 63 young (64512K), 3 survivors (3072K)
 Metaspace       used 63106K, capacity 64646K, committed 64716K, reserved 1105920K
  class space    used 8051K, capacity 8626K, committed 8652K, reserved 1048576K
}
Event: 5.118 GC heap after
{Heap after GC invocations=13 (full 0):
 garbage-first heap   total 183296K, used 49897K [0x0000000080000000, 0x0000000100000000)
  region size 1024K, 8 young (8192K), 8 survivors (8192K)
 Metaspace       used 63106K, capacity 64646K, committed 64716K, reserved 1105920K
  class space    used 8051K, capacity 8626K, committed 8652K, reserved 1048576K
}
Event: 5.732 GC heap before
{Heap before GC invocations=13 (full 0):
 garbage-first heap   total 183296K, used 123625K [0x0000000080000000, 0x0000000100000000)
  region size 1024K, 80 young (81920K), 8 survivors (8192K)
 Metaspace       used 69687K, capacity 71298K, committed 71372K, reserved 1112064K
  class space    used 9066K, capacity 9656K, committed 9676K, reserved 1048576K
}
Event: 5.740 GC heap after
{Heap after GC invocations=14 (full 0):
 garbage-first heap   total 183296K, used 55163K [0x0000000080000000, 0x0000000100000000)
  region size 1024K, 6 young (6144K), 6 survivors (6144K)
 Metaspace       used 69687K, capacity 71298K, committed 71372K, reserved 1112064K
  class space    used 9066K, capacity 9656K, committed 9676K, reserved 1048576K
}
Event: 6.480 GC heap before
{Heap before GC invocations=14 (full 0):
 garbage-first heap   total 183296K, used 129915K [0x0000000080000000, 0x0000000100000000)
  region size 1024K, 79 young (80896K), 6 survivors (6144K)
 Metaspace       used 77310K, capacity 79247K, committed 79436K, reserved 1118208K
  class space    used 10150K, capacity 10822K, committed 10828K, reserved 1048576K
}
Event: 6.486 GC heap after
{Heap after GC invocations=15 (full 0):
 garbage-first heap   total 183296K, used 59578K [0x0000000080000000, 0x0000000100000000)
  region size 1024K, 10 young (10240K), 10 survivors (10240K)
 Metaspace       used 77310K, capacity 79247K, committed 79436K, reserved 1118208K
  class space    used 10150K, capacity 10822K, committed 10828K, reserved 1048576K
}
Event: 7.010 GC heap before
{Heap before GC invocations=15 (full 0):
 garbage-first heap   total 183296K, used 133306K [0x0000000080000000, 0x0000000100000000)
  region size 1024K, 83 young (84992K), 10 survivors (10240K)
 Metaspace       used 79346K, capacity 81601K, committed 81740K, reserved 1120256K
  class space    used 10431K, capacity 11245K, committed 11340K, reserved 1048576K
}
Event: 7.019 GC heap after
{Heap after GC invocations=16 (full 0):
 garbage-first heap   total 183296K, used 64761K [0x0000000080000000, 0x0000000100000000)
  region size 1024K, 10 young (10240K), 10 survivors (10240K)
 Metaspace       used 79346K, capacity 81601K, committed 81740K, reserved 1120256K
  class space    used 10431K, capacity 11245K, committed 11340K, reserved 1048576K
}
Event: 8.638 GC heap before
{Heap before GC invocations=16 (full 0):
 garbage-first heap   total 183296K, used 137465K [0x0000000080000000, 0x0000000100000000)
  region size 1024K, 82 young (83968K), 10 survivors (10240K)
 Metaspace       used 85948K, capacity 88300K, committed 88524K, reserved 1126400K
  class space    used 11268K, capacity 12149K, committed 12236K, reserved 1048576K
}
Event: 8.645 GC heap after
{Heap after GC invocations=17 (full 0):
 garbage-first heap   total 183296K, used 70082K [0x0000000080000000, 0x0000000100000000)
  region size 1024K, 11 young (11264K), 11 survivors (11264K)
 Metaspace       used 85948K, capacity 88300K, committed 88524K, reserved 1126400K
  class space    used 11268K, capacity 12149K, committed 12236K, reserved 1048576K
}

Deoptimization events (20 events):
Event: 8.968 Thread 0x0000021b56845800 Uncommon trap: trap_request=0xffffff4d fr.pc=0x0000021b43b26600 relative=0x00000000000019c0
Event: 8.968 Thread 0x0000021b56845800 Uncommon trap: reason=unstable_if action=reinterpret pc=0x0000021b43b26600 method=java.nio.file.FileTreeWalker.visit(Ljava/nio/file/Path;ZZ)Ljava/nio/file/FileTreeWalker$Event; @ 53 c2
Event: 8.968 Thread 0x0000021b56845800 DEOPT PACKING pc=0x0000021b43b26600 sp=0x000000fdc6ef8870
Event: 8.968 Thread 0x0000021b56845800 DEOPT UNPACKING pc=0x0000021b3ba783af sp=0x000000fdc6ef87b8 mode 2
Event: 8.988 Thread 0x0000021b56845800 DEOPT PACKING pc=0x0000021b3d396d9b sp=0x000000fdc6ef8000
Event: 8.988 Thread 0x0000021b56845800 DEOPT UNPACKING pc=0x0000021b3ba98ede sp=0x000000fdc6ef7470 mode 0
Event: 8.989 Thread 0x0000021b56845800 Uncommon trap: trap_request=0xffffff4d fr.pc=0x0000021b43b4c574 relative=0x0000000000000af4
Event: 8.989 Thread 0x0000021b56845800 Uncommon trap: reason=unstable_if action=reinterpret pc=0x0000021b43b4c574 method=com.sun.tools.javac.util.Name$Table.equals([BI[BII)Z @ 22 c2
Event: 8.989 Thread 0x0000021b56845800 DEOPT PACKING pc=0x0000021b43b4c574 sp=0x000000fdc6ef8240
Event: 8.989 Thread 0x0000021b56845800 DEOPT UNPACKING pc=0x0000021b3ba783af sp=0x000000fdc6ef8188 mode 2
Event: 8.993 Thread 0x0000021b56845800 Uncommon trap: trap_request=0xffffff4d fr.pc=0x0000021b43b122bc relative=0x000000000000021c
Event: 8.993 Thread 0x0000021b56845800 Uncommon trap: reason=unstable_if action=reinterpret pc=0x0000021b43b122bc method=com.sun.tools.javac.util.Name$Table.equals([BI[BII)Z @ 22 c2
Event: 8.993 Thread 0x0000021b56845800 DEOPT PACKING pc=0x0000021b43b122bc sp=0x000000fdc6ef7d50
Event: 8.993 Thread 0x0000021b56845800 DEOPT UNPACKING pc=0x0000021b3ba783af sp=0x000000fdc6ef7cc8 mode 2
Event: 9.001 Thread 0x0000021b56845800 DEOPT PACKING pc=0x0000021b3c9b800f sp=0x000000fdc6ef8590
Event: 9.001 Thread 0x0000021b56845800 DEOPT UNPACKING pc=0x0000021b3ba98ede sp=0x000000fdc6ef7a98 mode 0
Event: 9.010 Thread 0x0000021b56845800 DEOPT PACKING pc=0x0000021b3c9b800f sp=0x000000fdc6ef8540
Event: 9.010 Thread 0x0000021b56845800 DEOPT UNPACKING pc=0x0000021b3ba98ede sp=0x000000fdc6ef7a48 mode 0
Event: 9.067 Thread 0x0000021b56845800 DEOPT PACKING pc=0x0000021b3d396d9b sp=0x000000fdc6ef83f0
Event: 9.067 Thread 0x0000021b56845800 DEOPT UNPACKING pc=0x0000021b3ba98ede sp=0x000000fdc6ef7860 mode 0

Classes redefined (0 events):
No events

Internal exceptions (20 events):
Event: 9.102 Thread 0x0000021b56845800 Exception <a 'sun/nio/fs/WindowsException'{0x00000000891194b0}> (0x00000000891194b0) thrown at [./src/hotspot/share/prims/jni.cpp, line 615]
Event: 9.103 Thread 0x0000021b56845800 Exception <a 'sun/nio/fs/WindowsException'{0x0000000089119638}> (0x0000000089119638) thrown at [./src/hotspot/share/prims/jni.cpp, line 615]
Event: 9.106 Thread 0x0000021b56845800 Exception <a 'sun/nio/fs/WindowsException'{0x000000008914db80}> (0x000000008914db80) thrown at [./src/hotspot/share/prims/jni.cpp, line 615]
Event: 9.106 Thread 0x0000021b56845800 Exception <a 'sun/nio/fs/WindowsException'{0x000000008914dcf8}> (0x000000008914dcf8) thrown at [./src/hotspot/share/prims/jni.cpp, line 615]
Event: 9.108 Thread 0x0000021b56845800 Exception <a 'sun/nio/fs/WindowsException'{0x0000000089169e80}> (0x0000000089169e80) thrown at [./src/hotspot/share/prims/jni.cpp, line 615]
Event: 9.108 Thread 0x0000021b56845800 Exception <a 'sun/nio/fs/WindowsException'{0x000000008916a000}> (0x000000008916a000) thrown at [./src/hotspot/share/prims/jni.cpp, line 615]
Event: 9.111 Thread 0x0000021b56845800 Exception <a 'sun/nio/fs/WindowsException'{0x00000000891c5a00}> (0x00000000891c5a00) thrown at [./src/hotspot/share/prims/jni.cpp, line 615]
Event: 9.111 Thread 0x0000021b56845800 Exception <a 'sun/nio/fs/WindowsException'{0x00000000891c5b90}> (0x00000000891c5b90) thrown at [./src/hotspot/share/prims/jni.cpp, line 615]
Event: 9.113 Thread 0x0000021b56845800 Exception <a 'sun/nio/fs/WindowsException'{0x0000000089000e90}> (0x0000000089000e90) thrown at [./src/hotspot/share/prims/jni.cpp, line 615]
Event: 9.153 Thread 0x0000021b56845800 Exception <a 'sun/nio/fs/WindowsException'{0x000000008904f048}> (0x000000008904f048) thrown at [./src/hotspot/share/prims/jni.cpp, line 615]
Event: 9.169 Thread 0x0000021b56845800 Exception <a 'sun/nio/fs/WindowsException'{0x00000000890611f8}> (0x00000000890611f8) thrown at [./src/hotspot/share/prims/jni.cpp, line 615]
Event: 9.170 Thread 0x0000021b56845800 Exception <a 'sun/nio/fs/WindowsException'{0x0000000089061360}> (0x0000000089061360) thrown at [./src/hotspot/share/prims/jni.cpp, line 615]
Event: 9.170 Thread 0x0000021b56845800 Exception <a 'sun/nio/fs/WindowsException'{0x0000000089068800}> (0x0000000089068800) thrown at [./src/hotspot/share/prims/jni.cpp, line 615]
Event: 9.170 Thread 0x0000021b56845800 Exception <a 'sun/nio/fs/WindowsException'{0x0000000089068970}> (0x0000000089068970) thrown at [./src/hotspot/share/prims/jni.cpp, line 615]
Event: 9.173 Thread 0x0000021b56845800 Exception <a 'sun/nio/fs/WindowsException'{0x00000000890ed948}> (0x00000000890ed948) thrown at [./src/hotspot/share/prims/jni.cpp, line 615]
Event: 9.173 Thread 0x0000021b56845800 Exception <a 'sun/nio/fs/WindowsException'{0x00000000890edab8}> (0x00000000890edab8) thrown at [./src/hotspot/share/prims/jni.cpp, line 615]
Event: 9.182 Thread 0x0000021b56845800 Exception <a 'sun/nio/fs/WindowsException'{0x0000000088fb6608}> (0x0000000088fb6608) thrown at [./src/hotspot/share/prims/jni.cpp, line 615]
Event: 9.182 Thread 0x0000021b56845800 Exception <a 'sun/nio/fs/WindowsException'{0x0000000088fb6780}> (0x0000000088fb6780) thrown at [./src/hotspot/share/prims/jni.cpp, line 615]
Event: 9.208 Thread 0x0000021b56845800 Exception <a 'sun/nio/fs/WindowsException'{0x0000000088ef9668}> (0x0000000088ef9668) thrown at [./src/hotspot/share/prims/jni.cpp, line 615]
Event: 9.208 Thread 0x0000021b56845800 Exception <a 'sun/nio/fs/WindowsException'{0x0000000088ef97e0}> (0x0000000088ef97e0) thrown at [./src/hotspot/share/prims/jni.cpp, line 615]

Events (20 events):
Event: 9.080 loading class com/sun/tools/javac/comp/Annotate
Event: 9.080 loading class com/sun/tools/javac/comp/Annotate done
Event: 9.080 loading class com/sun/tools/javac/comp/Env
Event: 9.080 loading class com/sun/tools/javac/comp/Env done
Event: 9.080 loading class com/sun/tools/javac/code/TypeAnnotations
Event: 9.080 loading class com/sun/tools/javac/code/TypeAnnotations done
Event: 9.080 loading class com/sun/tools/javac/comp/Env
Event: 9.080 loading class com/sun/tools/javac/comp/Env done
Event: 9.080 loading class com/sun/tools/javac/code/TypeAnnotations
Event: 9.080 loading class com/sun/tools/javac/code/TypeAnnotations done
Event: 9.080 loading class com/sun/tools/javac/code/Symbol
Event: 9.080 loading class com/sun/tools/javac/code/Symbol done
Event: 9.080 loading class com/sun/tools/javac/util/Filter
Event: 9.080 loading class com/sun/tools/javac/util/Filter done
Event: 9.081 loading class com/sun/tools/javac/code/Symbol
Event: 9.081 loading class com/sun/tools/javac/code/Symbol done
Event: 9.081 loading class com/sun/tools/javac/code/Symbol
Event: 9.081 loading class com/sun/tools/javac/code/Symbol done
Event: 9.112 Executing VM operation: ICBufferFull
Event: 9.112 Executing VM operation: ICBufferFull done


Dynamic libraries:
0x00007ff7b7b80000 - 0x00007ff7b7b8a000 	D:\Android Studio\jre\bin\java.exe
0x00007ff88cbd0000 - 0x00007ff88cdc5000 	C:\Windows\SYSTEM32\ntdll.dll
0x00007ff88b0e0000 - 0x00007ff88b19e000 	C:\Windows\System32\KERNEL32.DLL
0x00007ff88a500000 - 0x00007ff88a7c8000 	C:\Windows\System32\KERNELBASE.dll
0x00007ff88a7d0000 - 0x00007ff88a8d0000 	C:\Windows\System32\ucrtbase.dll
0x00007ff873840000 - 0x00007ff873857000 	D:\Android Studio\jre\bin\VCRUNTIME140.dll
0x00007ff86f070000 - 0x00007ff86f089000 	D:\Android Studio\jre\bin\jli.dll
0x00007ff88b1a0000 - 0x00007ff88b341000 	C:\Windows\System32\USER32.dll
0x00007ff88a430000 - 0x00007ff88a452000 	C:\Windows\System32\win32u.dll
0x00007ff873580000 - 0x00007ff87381a000 	C:\Windows\WinSxS\amd64_microsoft.windows.common-controls_6595b64144ccf1df_6.0.19041.1110_none_60b5254171f9507e\COMCTL32.dll
0x00007ff88c9e0000 - 0x00007ff88ca0b000 	C:\Windows\System32\GDI32.dll
0x00007ff88b900000 - 0x00007ff88b99e000 	C:\Windows\System32\msvcrt.dll
0x00007ff88a920000 - 0x00007ff88aa2b000 	C:\Windows\System32\gdi32full.dll
0x00007ff88a460000 - 0x00007ff88a4fd000 	C:\Windows\System32\msvcp_win.dll
0x00007ff88c8e0000 - 0x00007ff88c910000 	C:\Windows\System32\IMM32.DLL
0x00007ff83ef90000 - 0x00007ff83f02d000 	D:\Android Studio\jre\bin\msvcp140.dll
0x00007ff825d60000 - 0x00007ff82682f000 	D:\Android Studio\jre\bin\server\jvm.dll
0x00007ff88b3d0000 - 0x00007ff88b47c000 	C:\Windows\System32\ADVAPI32.dll
0x00007ff88ca10000 - 0x00007ff88caab000 	C:\Windows\System32\sechost.dll
0x00007ff88bea0000 - 0x00007ff88bfca000 	C:\Windows\System32\RPCRT4.dll
0x00007ff88c870000 - 0x00007ff88c878000 	C:\Windows\System32\PSAPI.DLL
0x00007ff885a30000 - 0x00007ff885a39000 	C:\Windows\SYSTEM32\WSOCK32.dll
0x00007ff86f450000 - 0x00007ff86f477000 	C:\Windows\SYSTEM32\WINMM.dll
0x00007ff87f750000 - 0x00007ff87f75a000 	C:\Windows\SYSTEM32\VERSION.dll
0x00007ff88b360000 - 0x00007ff88b3cb000 	C:\Windows\System32\WS2_32.dll
0x00007ff888b70000 - 0x00007ff888b82000 	C:\Windows\SYSTEM32\kernel.appcore.dll
0x00007ff87d160000 - 0x00007ff87d171000 	D:\Android Studio\jre\bin\verify.dll
0x00007ff888870000 - 0x00007ff888a54000 	C:\Windows\SYSTEM32\DBGHELP.DLL
0x00007ff871490000 - 0x00007ff8714bc000 	C:\Windows\SYSTEM32\dbgcore.DLL
0x00007ff88aa30000 - 0x00007ff88aab3000 	C:\Windows\System32\bcryptPrimitives.dll
0x00007ff8778f0000 - 0x00007ff877919000 	D:\Android Studio\jre\bin\java.dll
0x00007ff87ee20000 - 0x00007ff87ee2b000 	D:\Android Studio\jre\bin\jimage.dll
0x00007ff877860000 - 0x00007ff877878000 	D:\Android Studio\jre\bin\zip.dll
0x00007ff88c080000 - 0x00007ff88c7bf000 	C:\Windows\System32\SHELL32.dll
0x00007ff888010000 - 0x00007ff8887a0000 	C:\Windows\SYSTEM32\windows.storage.dll
0x00007ff88bb40000 - 0x00007ff88be95000 	C:\Windows\System32\combase.dll
0x00007ff889d40000 - 0x00007ff889d6e000 	C:\Windows\SYSTEM32\Wldp.dll
0x00007ff88bfd0000 - 0x00007ff88c07d000 	C:\Windows\System32\SHCORE.dll
0x00007ff88b9a0000 - 0x00007ff88b9f5000 	C:\Windows\System32\shlwapi.dll
0x00007ff88a230000 - 0x00007ff88a24f000 	C:\Windows\SYSTEM32\profapi.dll
0x00007ff871620000 - 0x00007ff87163a000 	D:\Android Studio\jre\bin\net.dll
0x00007ff884800000 - 0x00007ff88490c000 	C:\Windows\SYSTEM32\WINHTTP.dll
0x00007ff889aa0000 - 0x00007ff889b0a000 	C:\Windows\system32\mswsock.dll
0x00007ff86d6c0000 - 0x00007ff86d6d4000 	D:\Android Studio\jre\bin\nio.dll
0x00007ff85a620000 - 0x00007ff85a647000 	C:\Users\Dell\.gradle\native\8bec1ad78214c89d9ad589b4d07fe93259594b29d510b10fafb7a158f7737e5d\windows-amd64\native-platform.dll
0x00007ff83de60000 - 0x00007ff83df9d000 	C:\Users\Dell\.gradle\native\53dbd7edfb1c66fb8903c78663c9afc45aea4f116125fa6feffd364cf09443e8\windows-amd64\native-platform-file-events.dll
0x00007ff87bcc0000 - 0x00007ff87bcca000 	D:\Android Studio\jre\bin\management.dll
0x00007ff877850000 - 0x00007ff87785c000 	D:\Android Studio\jre\bin\management_ext.dll
0x00007ff889c90000 - 0x00007ff889ca8000 	C:\Windows\SYSTEM32\CRYPTSP.dll
0x00007ff8893b0000 - 0x00007ff8893e4000 	C:\Windows\system32\rsaenh.dll
0x00007ff88a400000 - 0x00007ff88a427000 	C:\Windows\System32\bcrypt.dll
0x00007ff88a1b0000 - 0x00007ff88a1de000 	C:\Windows\SYSTEM32\USERENV.dll
0x00007ff889cb0000 - 0x00007ff889cbc000 	C:\Windows\SYSTEM32\CRYPTBASE.dll
0x00007ff889740000 - 0x00007ff88977b000 	C:\Windows\SYSTEM32\IPHLPAPI.DLL
0x00007ff88bb30000 - 0x00007ff88bb38000 	C:\Windows\System32\NSI.dll
0x00007ff87f8d0000 - 0x00007ff87f8e7000 	C:\Windows\SYSTEM32\dhcpcsvc6.DLL
0x00007ff87f730000 - 0x00007ff87f74d000 	C:\Windows\SYSTEM32\dhcpcsvc.DLL
0x00007ff889780000 - 0x00007ff88984b000 	C:\Windows\SYSTEM32\DNSAPI.dll

dbghelp: loaded successfully - version: 4.0.5 - missing functions: none
symbol engine: initialized successfully - sym options: 0x614 - pdb path: .;D:\Android Studio\jre\bin;C:\Windows\SYSTEM32;C:\Windows\WinSxS\amd64_microsoft.windows.common-controls_6595b64144ccf1df_6.0.19041.1110_none_60b5254171f9507e;D:\Android Studio\jre\bin\server;C:\Users\Dell\.gradle\native\8bec1ad78214c89d9ad589b4d07fe93259594b29d510b10fafb7a158f7737e5d\windows-amd64;C:\Users\Dell\.gradle\native\53dbd7edfb1c66fb8903c78663c9afc45aea4f116125fa6feffd364cf09443e8\windows-amd64

VM Arguments:
jvm_args: --add-opens=java.base/java.util=ALL-UNNAMED --add-opens=java.base/java.lang=ALL-UNNAMED --add-opens=java.base/java.lang.invoke=ALL-UNNAMED --add-opens=java.base/java.util=ALL-UNNAMED --add-opens=java.prefs/java.util.prefs=ALL-UNNAMED --add-opens=java.prefs/java.util.prefs=ALL-UNNAMED --add-opens=java.base/java.nio.charset=ALL-UNNAMED --add-opens=java.base/java.net=ALL-UNNAMED --add-opens=java.base/java.util.concurrent.atomic=ALL-UNNAMED -Xmx2048m -Dfile.encoding=UTF-8 -Duser.country=US -Duser.language=en -Duser.variant 
java_command: org.gradle.launcher.daemon.bootstrap.GradleDaemon 7.0.2
java_class_path (initial): C:\Users\Dell\.gradle\wrapper\dists\gradle-7.0.2-bin\857tjihv64xamwrf0h14cai3r\gradle-7.0.2\lib\gradle-launcher-7.0.2.jar
Launcher Type: SUN_STANDARD

[Global flags]
     intx CICompilerCount                          = 4                                         {product} {ergonomic}
     uint ConcGCThreads                            = 2                                         {product} {ergonomic}
     uint G1ConcRefinementThreads                  = 8                                         {product} {ergonomic}
   size_t G1HeapRegionSize                         = 1048576                                   {product} {ergonomic}
    uintx GCDrainStackTargetSize                   = 64                                        {product} {ergonomic}
   size_t InitialHeapSize                          = 130023424                                 {product} {ergonomic}
   size_t MarkStackSize                            = 4194304                                   {product} {ergonomic}
   size_t MaxHeapSize                              = 2147483648                                {product} {command line}
   size_t MaxNewSize                               = 1287651328                                {product} {ergonomic}
   size_t MinHeapDeltaBytes                        = 1048576                                   {product} {ergonomic}
    uintx NonNMethodCodeHeapSize                   = 5836300                                {pd product} {ergonomic}
    uintx NonProfiledCodeHeapSize                  = 122910970                              {pd product} {ergonomic}
    uintx ProfiledCodeHeapSize                     = 122910970                              {pd product} {ergonomic}
    uintx ReservedCodeCacheSize                    = 251658240                              {pd product} {ergonomic}
     bool SegmentedCodeCache                       = true                                      {product} {ergonomic}
     bool UseCompressedClassPointers               = true                                 {lp64_product} {ergonomic}
     bool UseCompressedOops                        = true                                 {lp64_product} {ergonomic}
     bool UseG1GC                                  = true                                      {product} {ergonomic}
     bool UseLargePagesIndividualAllocation        = false                                  {pd product} {ergonomic}

Logging:
Log output configuration:
 #0: stdout all=warning uptime,level,tags
 #1: stderr all=off uptime,level,tags

Environment Variables:
PATH=D:\VMware\bin\;C:\Program Files\Common Files\Oracle\Java\javapath;C:\Windows\system32;C:\Windows;C:\Windows\System32\Wbem;C:\Windows\System32\WindowsPowerShell\v1.0\;C:\Windows\System32\OpenSSH\;C:\Program Files\NVIDIA Corporation\NVIDIA NvDLISR;C:\Program Files\Microsoft SQL Server\Client SDK\ODBC\170\Tools\Binn\;C:\Program Files (x86)\Microsoft SQL Server\150\Tools\Binn\;C:\Program Files\Microsoft SQL Server\150\Tools\Binn\;C:\Program Files\Microsoft SQL Server\150\DTS\Binn\;C:\Program Files (x86)\Microsoft SQL Server\150\DTS\Binn\;C:\Program Files\Azure Data Studio\bin;C:\Program Files\Microsoft SQL Server\130\Tools\Binn\;D:\Git\Git\cmd;C:\Program Files (x86)\NVIDIA Corporation\PhysX\Common;D:\Xampp\php;C:\ProgramData\ComposerSetup\bin;C:\Users\Dell\AppData\Local\Microsoft\WindowsApps;;C:\Program Files\Azure Data Studio\bin;D:\Visual Studio Code\Microsoft VS Code\bin;C:\Users\Dell\AppData\Roaming\Composer\vendor\bin
USERNAME=Dell
OS=Windows_NT
PROCESSOR_IDENTIFIER=Intel64 Family 6 Model 140 Stepping 1, GenuineIntel



---------------  S Y S T E M  ---------------

OS: Windows 10 , 64 bit Build 19041 (10.0.19041.1348)
OS uptime: 0 days 19:46 hours

CPU:total 8 (initial active 8) (4 cores per cpu, 2 threads per core) family 6 model 140 stepping 1 microcode 0x86, cmov, cx8, fxsr, mmx, sse, sse2, sse3, ssse3, sse4.1, sse4.2, popcnt, avx, avx2, aes, clmul, erms, 3dnowpref, lzcnt, ht, tsc, tscinvbit, bmi1, bmi2, adx, evex, sha, fma

Memory: 4k page, system-wide physical 7914M (623M free)
TotalPageFile size 12214M (AvailPageFile size 5M)
current process WorkingSet (physical memory assigned to process): 458M, peak: 458M
current process commit charge ("private bytes"): 492M, peak: 493M

vm_info: OpenJDK 64-Bit Server VM (11.0.10+0-b96-7249189) for windows-amd64 JRE (11.0.10+0-b96-7249189), built on Mar 31 2021 21:44:00 by "builder" with MS VC++ 14.0 (VS2015)

END.
