#
# There is insufficient memory for the Java Runtime Environment to continue.
# Native memory allocation (malloc) failed to allocate 609456 bytes for Chunk::new
# Possible reasons:
#   The system is out of physical RAM or swap space
#   The process is running with CompressedOops enabled, and the Java Heap may be blocking the growth of the native heap
# Possible solutions:
#   Reduce memory load on the system
#   Increase physical memory or swap space
#   Check if swap backing store is full
#   Decrease Java heap size (-Xmx/-Xms)
#   Decrease number of Java threads
#   Decrease Java thread stack sizes (-Xss)
#   Set larger code cache with -XX:ReservedCodeCacheSize=
#   JVM is running with Unscaled Compressed Oops mode in which the Java heap is
#     placed in the first 4GB address space. The Java Heap base address is the
#     maximum limit for the native heap growth. Please use -XX:HeapBaseMinAddress
#     to set the Java Heap base and to place the Java Heap above 4GB virtual address.
# This output file may be truncated or incomplete.
#
#  Out of Memory Error (./src/hotspot/share/memory/arena.cpp:197), pid=15916, tid=12188
#
# JRE version: OpenJDK Runtime Environment (11.0.10) (build 11.0.10+0-b96-7249189)
# Java VM: OpenJDK 64-Bit Server VM (11.0.10+0-b96-7249189, mixed mode, tiered, compressed oops, g1 gc, windows-amd64)
# No core dump will be written. Minidumps are not enabled by default on client versions of Windows
#

---------------  S U M M A R Y ------------

Command Line: --add-opens=java.base/java.util=ALL-UNNAMED --add-opens=java.base/java.lang=ALL-UNNAMED --add-opens=java.base/java.lang.invoke=ALL-UNNAMED --add-opens=java.base/java.util=ALL-UNNAMED --add-opens=java.prefs/java.util.prefs=ALL-UNNAMED --add-opens=java.prefs/java.util.prefs=ALL-UNNAMED --add-opens=java.base/java.nio.charset=ALL-UNNAMED --add-opens=java.base/java.net=ALL-UNNAMED --add-opens=java.base/java.util.concurrent.atomic=ALL-UNNAMED -Xmx2048m -Dfile.encoding=UTF-8 -Duser.country=US -Duser.language=en -Duser.variant org.gradle.launcher.daemon.bootstrap.GradleDaemon 7.0.2

Host: 11th Gen Intel(R) Core(TM) i5-1135G7 @ 2.40GHz, 8 cores, 7G,  Windows 10 , 64 bit Build 19041 (10.0.19041.1348)
Time: Sat Dec  4 15:44:38 2021 SE Asia Standard Time elapsed time: 7.786351 seconds (0d 0h 0m 7s)

---------------  T H R E A D  ---------------

Current thread (0x0000014bda14c000):  JavaThread "C2 CompilerThread1" daemon [_thread_in_native, id=12188, stack(0x000000413c500000,0x000000413c600000)]


Current CompileTask:
C2:   7786 8663       4       org.gradle.cache.internal.btree.FreeListBlockStore::read (12 bytes)

Stack: [0x000000413c500000,0x000000413c600000]
Native frames: (J=compiled Java code, j=interpreted, Vv=VM code, C=native code)
V  [jvm.dll+0x5ecfaa]
V  [jvm.dll+0x722bd5]
V  [jvm.dll+0x72412d]
V  [jvm.dll+0x7247e3]
V  [jvm.dll+0x242928]
V  [jvm.dll+0xbc4fc]
V  [jvm.dll+0xbca0c]
V  [jvm.dll+0x352d3b]
V  [jvm.dll+0x197e0c]
V  [jvm.dll+0x1fb70e]
V  [jvm.dll+0x1fa7f4]
V  [jvm.dll+0x18354c]
V  [jvm.dll+0x208ee7]
V  [jvm.dll+0x207731]
V  [jvm.dll+0x6eb1cf]
V  [jvm.dll+0x6e3d45]
V  [jvm.dll+0x5ebe96]
C  [ucrtbase.dll+0x21bb2]
C  [KERNEL32.DLL+0x17034]
C  [ntdll.dll+0x52651]


---------------  P R O C E S S  ---------------

Threads class SMR info:
_java_thread_list=0x0000014bdded0b90, length=61, elements={
0x0000014bbc438800, 0x0000014bd7075800, 0x0000014bd7076800, 0x0000014bd79f2800,
0x0000014bd708e000, 0x0000014bd708f800, 0x0000014bd7090800, 0x0000014bd709a000,
0x0000014bd70a4800, 0x0000014bd7b54800, 0x0000014bd97dd000, 0x0000014bd9ae7800,
0x0000014bd92af000, 0x0000014bd9c18000, 0x0000014bd97c8800, 0x0000014bd9e12800,
0x0000014bd9ea0000, 0x0000014bd9501800, 0x0000014bd90fe000, 0x0000014bd9a24800,
0x0000014bd9a22000, 0x0000014bd9a23800, 0x0000014bd9a22800, 0x0000014bda14c000,
0x0000014bdb741000, 0x0000014bdb743000, 0x0000014bdb742000, 0x0000014bdb743800,
0x0000014bdb745000, 0x0000014bdd0a3800, 0x0000014bdb746000, 0x0000014bdb740800,
0x0000014bdb747800, 0x0000014bdb744800, 0x0000014bdb74d800, 0x0000014bdb74a000,
0x0000014bdb748800, 0x0000014bdb74b000, 0x0000014bdb74c800, 0x0000014bdb74e000,
0x0000014bdb749800, 0x0000014bdb74f000, 0x0000014bda4d2800, 0x0000014bda4d3800,
0x0000014bda4d7800, 0x0000014bda4d2000, 0x0000014bda4d5000, 0x0000014bda4d6000,
0x0000014bda4d4800, 0x0000014bda4d8800, 0x0000014bda4d9000, 0x0000014bda4dc800,
0x0000014bda4d7000, 0x0000014bda4dd800, 0x0000014bda4de000, 0x0000014bda4db000,
0x0000014bda4df000, 0x0000014bda4e0000, 0x0000014bda4da000, 0x0000014bda4e0800,
0x0000014bdf726000
}

Java Threads: ( => current thread )
  0x0000014bbc438800 JavaThread "main" [_thread_blocked, id=10568, stack(0x0000004139f00000,0x000000413a000000)]
  0x0000014bd7075800 JavaThread "Reference Handler" daemon [_thread_blocked, id=13304, stack(0x000000413a600000,0x000000413a700000)]
  0x0000014bd7076800 JavaThread "Finalizer" daemon [_thread_blocked, id=5148, stack(0x000000413a700000,0x000000413a800000)]
  0x0000014bd79f2800 JavaThread "Signal Dispatcher" daemon [_thread_blocked, id=9780, stack(0x000000413a800000,0x000000413a900000)]
  0x0000014bd708e000 JavaThread "Attach Listener" daemon [_thread_blocked, id=10072, stack(0x000000413a900000,0x000000413aa00000)]
  0x0000014bd708f800 JavaThread "Service Thread" daemon [_thread_blocked, id=9676, stack(0x000000413aa00000,0x000000413ab00000)]
  0x0000014bd7090800 JavaThread "C2 CompilerThread0" daemon [_thread_in_native, id=12380, stack(0x000000413ab00000,0x000000413ac00000)]
  0x0000014bd709a000 JavaThread "C1 CompilerThread0" daemon [_thread_blocked, id=14640, stack(0x000000413ac00000,0x000000413ad00000)]
  0x0000014bd70a4800 JavaThread "Sweeper thread" daemon [_thread_blocked, id=11424, stack(0x000000413ad00000,0x000000413ae00000)]
  0x0000014bd7b54800 JavaThread "Common-Cleaner" daemon [_thread_blocked, id=5360, stack(0x000000413ae00000,0x000000413af00000)]
  0x0000014bd97dd000 JavaThread "Daemon health stats" [_thread_blocked, id=1980, stack(0x000000413b300000,0x000000413b400000)]
  0x0000014bd9ae7800 JavaThread "Incoming local TCP Connector on port 64115" [_thread_in_native, id=2232, stack(0x000000413b000000,0x000000413b100000)]
  0x0000014bd92af000 JavaThread "Daemon periodic checks" [_thread_blocked, id=3268, stack(0x000000413b100000,0x000000413b200000)]
  0x0000014bd9c18000 JavaThread "Daemon" [_thread_blocked, id=9860, stack(0x000000413b400000,0x000000413b500000)]
  0x0000014bd97c8800 JavaThread "Handler for socket connection from /127.0.0.1:64115 to /127.0.0.1:64116" [_thread_in_native, id=14772, stack(0x000000413b500000,0x000000413b600000)]
  0x0000014bd9e12800 JavaThread "Cancel handler" [_thread_blocked, id=10160, stack(0x000000413b600000,0x000000413b700000)]
  0x0000014bd9ea0000 JavaThread "Daemon worker" [_thread_blocked, id=9628, stack(0x000000413b700000,0x000000413b800000)]
  0x0000014bd9501800 JavaThread "Asynchronous log dispatcher for DefaultDaemonConnection: socket connection from /127.0.0.1:64115 to /127.0.0.1:64116" [_thread_blocked, id=13752, stack(0x000000413b800000,0x000000413b900000)]
  0x0000014bd90fe000 JavaThread "Stdin handler" [_thread_blocked, id=11620, stack(0x000000413b900000,0x000000413ba00000)]
  0x0000014bd9a24800 JavaThread "Daemon client event forwarder" [_thread_blocked, id=14764, stack(0x000000413ba00000,0x000000413bb00000)]
  0x0000014bd9a22000 JavaThread "Cache worker for file hash cache (C:\Users\Dell\.gradle\caches\7.0.2\fileHashes)" [_thread_blocked, id=6280, stack(0x000000413c100000,0x000000413c200000)]
  0x0000014bd9a23800 JavaThread "File lock request listener" [_thread_in_native, id=8724, stack(0x000000413c200000,0x000000413c300000)]
  0x0000014bd9a22800 JavaThread "Cache worker for journal cache (C:\Users\Dell\.gradle\caches\journal-1)" [_thread_blocked, id=9260, stack(0x000000413c400000,0x000000413c500000)]
=>0x0000014bda14c000 JavaThread "C2 CompilerThread1" daemon [_thread_in_native, id=12188, stack(0x000000413c500000,0x000000413c600000)]
  0x0000014bdb741000 JavaThread "Cache worker for file hash cache (D:\LapTrinhDiDong\UpLoadGit\ChayThu\bookShop\ShopBanSach2\.gradle\7.0.2\fileHashes)" [_thread_blocked, id=212, stack(0x000000413c600000,0x000000413c700000)]
  0x0000014bdb743000 JavaThread "File watcher server" daemon [_thread_in_native, id=2028, stack(0x000000413c700000,0x000000413c800000)]
  0x0000014bdb742000 JavaThread "File watcher consumer" daemon [_thread_blocked, id=12000, stack(0x000000413c800000,0x000000413c900000)]
  0x0000014bdb743800 JavaThread "Cache worker for checksums cache (D:\LapTrinhDiDong\UpLoadGit\ChayThu\bookShop\ShopBanSach2\.gradle\checksums)" [_thread_blocked, id=13604, stack(0x000000413c900000,0x000000413ca00000)]
  0x0000014bdb745000 JavaThread "Cache worker for cache directory md-supplier (C:\Users\Dell\.gradle\caches\7.0.2\md-supplier)" [_thread_blocked, id=7052, stack(0x000000413ca00000,0x000000413cb00000)]
  0x0000014bdd0a3800 JavaThread "C2 CompilerThread2" daemon [_thread_in_native, id=8988, stack(0x000000413cb00000,0x000000413cc00000)]
  0x0000014bdb746000 JavaThread "Cache worker for cache directory md-rule (C:\Users\Dell\.gradle\caches\7.0.2\md-rule)" [_thread_blocked, id=236, stack(0x000000413cc00000,0x000000413cd00000)]
  0x0000014bdb740800 JavaThread "Cache worker for execution history cache (C:\Users\Dell\.gradle\caches\7.0.2\executionHistory)" [_thread_blocked, id=9324, stack(0x000000413cd00000,0x000000413ce00000)]
  0x0000014bdb747800 JavaThread "jar transforms" [_thread_blocked, id=13676, stack(0x000000413ce00000,0x000000413cf00000)]
  0x0000014bdb744800 JavaThread "jar transforms Thread 2" [_thread_blocked, id=15008, stack(0x000000413cf00000,0x000000413d000000)]
  0x0000014bdb74d800 JavaThread "Cache worker for file content cache (C:\Users\Dell\.gradle\caches\7.0.2\fileContent)" [_thread_blocked, id=11616, stack(0x000000413d000000,0x000000413d100000)]
  0x0000014bdb74a000 JavaThread "Cache worker for dependencies-accessors (D:\LapTrinhDiDong\UpLoadGit\ChayThu\bookShop\ShopBanSach2\.gradle\7.0.2\dependencies-accessors)" [_thread_blocked, id=6132, stack(0x000000413d100000,0x000000413d200000)]
  0x0000014bdb748800 JavaThread "jar transforms Thread 3" [_thread_blocked, id=8416, stack(0x000000413d200000,0x000000413d300000)]
  0x0000014bdb74b000 JavaThread "Cache worker for Build Output Cleanup Cache (D:\LapTrinhDiDong\UpLoadGit\ChayThu\bookShop\ShopBanSach2\.gradle\buildOutputCleanup)" [_thread_blocked, id=8924, stack(0x000000413d300000,0x000000413d400000)]
  0x0000014bdb74c800 JavaThread "Build operations" [_thread_blocked, id=4288, stack(0x000000413d400000,0x000000413d500000)]
  0x0000014bdb74e000 JavaThread "Build operations Thread 2" [_thread_in_native, id=8652, stack(0x000000413d500000,0x000000413d600000)]
  0x0000014bdb749800 JavaThread "Build operations Thread 3" [_thread_blocked, id=11408, stack(0x000000413d600000,0x000000413d700000)]
  0x0000014bdb74f000 JavaThread "Build operations Thread 4" [_thread_blocked, id=15852, stack(0x000000413d700000,0x000000413d800000)]
  0x0000014bda4d2800 JavaThread "Build operations Thread 5" [_thread_blocked, id=13960, stack(0x000000413d800000,0x000000413d900000)]
  0x0000014bda4d3800 JavaThread "Build operations Thread 6" [_thread_in_vm, id=4012, stack(0x000000413d900000,0x000000413da00000)]
  0x0000014bda4d7800 JavaThread "Build operations Thread 7" [_thread_blocked, id=14076, stack(0x000000413da00000,0x000000413db00000)]
  0x0000014bda4d2000 JavaThread "Build operations Thread 8" [_thread_in_Java, id=3908, stack(0x000000413db00000,0x000000413dc00000)]
  0x0000014bda4d5000 JavaThread "jar transforms Thread 4" [_thread_blocked, id=12308, stack(0x000000413dc00000,0x000000413dd00000)]
  0x0000014bda4d6000 JavaThread "jar transforms Thread 5" [_thread_blocked, id=9912, stack(0x000000413dd00000,0x000000413de00000)]
  0x0000014bda4d4800 JavaThread "jar transforms Thread 6" [_thread_blocked, id=9016, stack(0x000000413de00000,0x000000413df00000)]
  0x0000014bda4d8800 JavaThread "jar transforms Thread 7" [_thread_blocked, id=13744, stack(0x000000413df00000,0x000000413e000000)]
  0x0000014bda4d9000 JavaThread "jar transforms Thread 8" [_thread_blocked, id=16236, stack(0x000000413e000000,0x000000413e100000)]
  0x0000014bda4dc800 JavaThread "Memory manager" [_thread_blocked, id=13736, stack(0x000000413e100000,0x000000413e200000)]
  0x0000014bda4d7000 JavaThread "build event listener" [_thread_blocked, id=1456, stack(0x000000413e200000,0x000000413e300000)]
  0x0000014bda4dd800 JavaThread "Execution worker for ':'" [_thread_blocked, id=14628, stack(0x000000413e300000,0x000000413e400000)]
  0x0000014bda4de000 JavaThread "Execution worker for ':' Thread 2" [_thread_blocked, id=15412, stack(0x000000413e400000,0x000000413e500000)]
  0x0000014bda4db000 JavaThread "Execution worker for ':' Thread 3" [_thread_blocked, id=9340, stack(0x000000413e500000,0x000000413e600000)]
  0x0000014bda4df000 JavaThread "Execution worker for ':' Thread 4" [_thread_blocked, id=10484, stack(0x000000413e600000,0x000000413e700000)]
  0x0000014bda4e0000 JavaThread "Execution worker for ':' Thread 5" [_thread_blocked, id=3048, stack(0x000000413e700000,0x000000413e800000)]
  0x0000014bda4da000 JavaThread "Execution worker for ':' Thread 6" [_thread_blocked, id=7552, stack(0x000000413e800000,0x000000413e900000)]
  0x0000014bda4e0800 JavaThread "Execution worker for ':' Thread 7" [_thread_blocked, id=12256, stack(0x000000413e900000,0x000000413ea00000)]
  0x0000014bdf726000 JavaThread "Cache worker for execution history cache (D:\LapTrinhDiDong\UpLoadGit\ChayThu\bookShop\ShopBanSach2\.gradle\7.0.2\executionHistory)" [_thread_blocked, id=14040, stack(0x000000413ea00000,0x000000413eb00000)]

Other Threads:
  0x0000014bd7071800 VMThread "VM Thread" [stack: 0x000000413a500000,0x000000413a600000] [id=14820]
  0x0000014bd7b93000 WatcherThread [stack: 0x000000413af00000,0x000000413b000000] [id=3984]
  0x0000014bbc452000 GCTaskThread "GC Thread#0" [stack: 0x000000413a000000,0x000000413a100000] [id=9680]
  0x0000014bd827c000 GCTaskThread "GC Thread#1" [stack: 0x000000413b200000,0x000000413b300000] [id=9612]
  0x0000014bd9f78000 GCTaskThread "GC Thread#2" [stack: 0x000000413bb00000,0x000000413bc00000] [id=12136]
  0x0000014bd9f78800 GCTaskThread "GC Thread#3" [stack: 0x000000413bc00000,0x000000413bd00000] [id=12248]
  0x0000014bda3ea800 GCTaskThread "GC Thread#4" [stack: 0x000000413bd00000,0x000000413be00000] [id=8940]
  0x0000014bda3eb800 GCTaskThread "GC Thread#5" [stack: 0x000000413be00000,0x000000413bf00000] [id=9920]
  0x0000014bd91c6000 GCTaskThread "GC Thread#6" [stack: 0x000000413bf00000,0x000000413c000000] [id=5256]
  0x0000014bd91c7000 GCTaskThread "GC Thread#7" [stack: 0x000000413c000000,0x000000413c100000] [id=13356]
  0x0000014bbc488800 ConcurrentGCThread "G1 Main Marker" [stack: 0x000000413a100000,0x000000413a200000] [id=14380]
  0x0000014bbc48a000 ConcurrentGCThread "G1 Conc#0" [stack: 0x000000413a200000,0x000000413a300000] [id=9156]
  0x0000014bd8828800 ConcurrentGCThread "G1 Conc#1" [stack: 0x000000413c300000,0x000000413c400000] [id=15312]
  0x0000014bbc51e800 ConcurrentGCThread "G1 Refine#0" [stack: 0x000000413a300000,0x000000413a400000] [id=1972]
  0x0000014bd6ec0800 ConcurrentGCThread "G1 Young RemSet Sampling" [stack: 0x000000413a400000,0x000000413a500000] [id=6200]

Threads with active compile tasks:
C2 CompilerThread0   7804 8662       4       org.gradle.cache.internal.btree.CachingBlockStore::read (56 bytes)
C1 CompilerThread0   7804 8791       3       org.gradle.internal.execution.steps.AssignWorkspaceStep$1::getInputFileProperties (10 bytes)
C2 CompilerThread1   7804 8663       4       org.gradle.cache.internal.btree.FreeListBlockStore::read (12 bytes)
C2 CompilerThread2   7804 8718   !   4       org.gradle.internal.snapshot.FileSystemLeafSnapshot::accept (36 bytes)

VM state:not at safepoint (normal execution)

VM Mutex/Monitor currently owned by a thread: None

Heap address: 0x0000000080000000, size: 2048 MB, Compressed Oops mode: 32-bit
Narrow klass base: 0x0000000000000000, Narrow klass shift: 3
Compressed class space size: 1073741824 Address: 0x0000000100000000

Heap:
 garbage-first heap   total 183296K, used 124655K [0x0000000080000000, 0x0000000100000000)
  region size 1024K, 76 young (77824K), 10 survivors (10240K)
 Metaspace       used 79204K, capacity 81421K, committed 81664K, reserved 1120256K
  class space    used 10407K, capacity 11255K, committed 11264K, reserved 1048576K
Heap Regions: E=young(eden), S=young(survivor), O=old, HS=humongous(starts), HC=humongous(continues), CS=collection set, F=free, A=archive, TAMS=top-at-mark-start (previous, next)
|   0|0x0000000080000000, 0x0000000080100000, 0x0000000080100000|100%| O|  |TAMS 0x0000000080100000, 0x0000000080000000| Untracked 
|   1|0x0000000080100000, 0x0000000080200000, 0x0000000080200000|100%| O|  |TAMS 0x0000000080200000, 0x0000000080100000| Untracked 
|   2|0x0000000080200000, 0x0000000080300000, 0x0000000080300000|100%| O|  |TAMS 0x0000000080300000, 0x0000000080200000| Untracked 
|   3|0x0000000080300000, 0x0000000080400000, 0x0000000080400000|100%|HS|  |TAMS 0x0000000080400000, 0x0000000080300000| Complete 
|   4|0x0000000080400000, 0x0000000080500000, 0x0000000080500000|100%|HC|  |TAMS 0x0000000080500000, 0x0000000080400000| Complete 
|   5|0x0000000080500000, 0x0000000080600000, 0x0000000080600000|100%|HC|  |TAMS 0x0000000080600000, 0x0000000080500000| Complete 
|   6|0x0000000080600000, 0x0000000080700000, 0x0000000080700000|100%| O|  |TAMS 0x0000000080700000, 0x0000000080600000| Untracked 
|   7|0x0000000080700000, 0x0000000080800000, 0x0000000080800000|100%| O|  |TAMS 0x0000000080800000, 0x0000000080700000| Untracked 
|   8|0x0000000080800000, 0x0000000080900000, 0x0000000080900000|100%| O|  |TAMS 0x0000000080900000, 0x0000000080800000| Untracked 
|   9|0x0000000080900000, 0x0000000080a00000, 0x0000000080a00000|100%| O|  |TAMS 0x0000000080a00000, 0x0000000080900000| Untracked 
|  10|0x0000000080a00000, 0x0000000080b00000, 0x0000000080b00000|100%| O|  |TAMS 0x0000000080b00000, 0x0000000080a00000| Untracked 
|  11|0x0000000080b00000, 0x0000000080c00000, 0x0000000080c00000|100%| O|  |TAMS 0x0000000080c00000, 0x0000000080b00000| Untracked 
|  12|0x0000000080c00000, 0x0000000080d00000, 0x0000000080d00000|100%| O|  |TAMS 0x0000000080d00000, 0x0000000080c00000| Untracked 
|  13|0x0000000080d00000, 0x0000000080e00000, 0x0000000080e00000|100%| O|  |TAMS 0x0000000080e00000, 0x0000000080d00000| Untracked 
|  14|0x0000000080e00000, 0x0000000080f00000, 0x0000000080f00000|100%| O|  |TAMS 0x0000000080f00000, 0x0000000080e00000| Untracked 
|  15|0x0000000080f00000, 0x0000000081000000, 0x0000000081000000|100%| O|  |TAMS 0x0000000081000000, 0x0000000080f00000| Untracked 
|  16|0x0000000081000000, 0x0000000081100000, 0x0000000081100000|100%|HS|  |TAMS 0x0000000081100000, 0x0000000081000000| Complete 
|  17|0x0000000081100000, 0x0000000081200000, 0x0000000081200000|100%| O|  |TAMS 0x0000000081200000, 0x0000000081100000| Untracked 
|  18|0x0000000081200000, 0x0000000081300000, 0x0000000081300000|100%| O|  |TAMS 0x0000000081300000, 0x0000000081200000| Untracked 
|  19|0x0000000081300000, 0x0000000081400000, 0x0000000081400000|100%| O|  |TAMS 0x0000000081400000, 0x0000000081300000| Untracked 
|  20|0x0000000081400000, 0x0000000081500000, 0x0000000081500000|100%| O|  |TAMS 0x0000000081500000, 0x0000000081400000| Untracked 
|  21|0x0000000081500000, 0x0000000081600000, 0x0000000081600000|100%| O|  |TAMS 0x0000000081600000, 0x0000000081500000| Untracked 
|  22|0x0000000081600000, 0x0000000081700000, 0x0000000081700000|100%| O|  |TAMS 0x0000000081700000, 0x0000000081600000| Untracked 
|  23|0x0000000081700000, 0x0000000081800000, 0x0000000081800000|100%|HS|  |TAMS 0x0000000081800000, 0x0000000081700000| Complete 
|  24|0x0000000081800000, 0x0000000081900000, 0x0000000081900000|100%|HS|  |TAMS 0x0000000081900000, 0x0000000081800000| Complete 
|  25|0x0000000081900000, 0x0000000081a00000, 0x0000000081a00000|100%|HC|  |TAMS 0x0000000081a00000, 0x0000000081900000| Complete 
|  26|0x0000000081a00000, 0x0000000081b00000, 0x0000000081b00000|100%| O|  |TAMS 0x0000000081b00000, 0x0000000081a00000| Untracked 
|  27|0x0000000081b00000, 0x0000000081c00000, 0x0000000081c00000|100%| O|  |TAMS 0x0000000081c00000, 0x0000000081b00000| Untracked 
|  28|0x0000000081c00000, 0x0000000081d00000, 0x0000000081d00000|100%| O|  |TAMS 0x0000000081d00000, 0x0000000081c00000| Untracked 
|  29|0x0000000081d00000, 0x0000000081e00000, 0x0000000081e00000|100%| O|  |TAMS 0x0000000081e00000, 0x0000000081d00000| Untracked 
|  30|0x0000000081e00000, 0x0000000081f00000, 0x0000000081f00000|100%| O|  |TAMS 0x0000000081f00000, 0x0000000081e00000| Untracked 
|  31|0x0000000081f00000, 0x0000000082000000, 0x0000000082000000|100%| O|  |TAMS 0x0000000082000000, 0x0000000081f00000| Untracked 
|  32|0x0000000082000000, 0x0000000082100000, 0x0000000082100000|100%| O|  |TAMS 0x0000000082100000, 0x0000000082000000| Untracked 
|  33|0x0000000082100000, 0x0000000082200000, 0x0000000082200000|100%| O|  |TAMS 0x0000000082200000, 0x0000000082100000| Untracked 
|  34|0x0000000082200000, 0x0000000082300000, 0x0000000082300000|100%| O|  |TAMS 0x0000000082300000, 0x0000000082200000| Untracked 
|  35|0x0000000082300000, 0x0000000082400000, 0x0000000082400000|100%| O|  |TAMS 0x0000000082400000, 0x0000000082300000| Untracked 
|  36|0x0000000082400000, 0x0000000082500000, 0x0000000082500000|100%| O|  |TAMS 0x0000000082500000, 0x0000000082400000| Untracked 
|  37|0x0000000082500000, 0x0000000082600000, 0x0000000082600000|100%| O|  |TAMS 0x0000000082600000, 0x0000000082500000| Untracked 
|  38|0x0000000082600000, 0x0000000082700000, 0x0000000082700000|100%| O|  |TAMS 0x0000000082700000, 0x0000000082600000| Untracked 
|  39|0x0000000082700000, 0x0000000082800000, 0x0000000082800000|100%| O|  |TAMS 0x0000000082800000, 0x0000000082700000| Untracked 
|  40|0x0000000082800000, 0x0000000082900000, 0x0000000082900000|100%| O|  |TAMS 0x0000000082900000, 0x0000000082800000| Untracked 
|  41|0x0000000082900000, 0x0000000082a00000, 0x0000000082a00000|100%| O|  |TAMS 0x000000008294b600, 0x0000000082900000| Untracked 
|  42|0x0000000082a00000, 0x0000000082b00000, 0x0000000082b00000|100%| O|  |TAMS 0x0000000082a00000, 0x0000000082a00000| Untracked 
|  43|0x0000000082b00000, 0x0000000082c00000, 0x0000000082c00000|100%| O|  |TAMS 0x0000000082b00000, 0x0000000082b00000| Untracked 
|  44|0x0000000082c00000, 0x0000000082d00000, 0x0000000082d00000|100%| O|  |TAMS 0x0000000082c00000, 0x0000000082c00000| Untracked 
|  45|0x0000000082d00000, 0x0000000082e00000, 0x0000000082e00000|100%| O|  |TAMS 0x0000000082d00000, 0x0000000082d00000| Untracked 
|  46|0x0000000082e00000, 0x0000000082f00000, 0x0000000082f00000|100%| O|  |TAMS 0x0000000082e00000, 0x0000000082e00000| Untracked 
|  47|0x0000000082f00000, 0x0000000083000000, 0x0000000083000000|100%| O|  |TAMS 0x0000000082f00000, 0x0000000082f00000| Untracked 
|  48|0x0000000083000000, 0x000000008305be00, 0x0000000083100000| 35%| O|  |TAMS 0x0000000083000000, 0x0000000083000000| Untracked 
|  49|0x0000000083100000, 0x0000000083100000, 0x0000000083200000|  0%| F|  |TAMS 0x0000000083100000, 0x0000000083100000| Untracked 
|  50|0x0000000083200000, 0x0000000083200000, 0x0000000083300000|  0%| F|  |TAMS 0x0000000083200000, 0x0000000083200000| Untracked 
|  51|0x0000000083300000, 0x0000000083300000, 0x0000000083400000|  0%| F|  |TAMS 0x0000000083300000, 0x0000000083300000| Untracked 
|  52|0x0000000083400000, 0x0000000083400000, 0x0000000083500000|  0%| F|  |TAMS 0x0000000083400000, 0x0000000083400000| Untracked 
|  53|0x0000000083500000, 0x0000000083500000, 0x0000000083600000|  0%| F|  |TAMS 0x0000000083500000, 0x0000000083500000| Untracked 
|  54|0x0000000083600000, 0x0000000083600000, 0x0000000083700000|  0%| F|  |TAMS 0x0000000083600000, 0x0000000083600000| Untracked 
|  55|0x0000000083700000, 0x0000000083700000, 0x0000000083800000|  0%| F|  |TAMS 0x0000000083700000, 0x0000000083700000| Untracked 
|  56|0x0000000083800000, 0x0000000083800000, 0x0000000083900000|  0%| F|  |TAMS 0x0000000083800000, 0x0000000083800000| Untracked 
|  57|0x0000000083900000, 0x0000000083900000, 0x0000000083a00000|  0%| F|  |TAMS 0x0000000083900000, 0x0000000083900000| Untracked 
|  58|0x0000000083a00000, 0x0000000083a00000, 0x0000000083b00000|  0%| F|  |TAMS 0x0000000083a00000, 0x0000000083a00000| Untracked 
|  59|0x0000000083b00000, 0x0000000083b00000, 0x0000000083c00000|  0%| F|  |TAMS 0x0000000083b00000, 0x0000000083b00000| Untracked 
|  60|0x0000000083c00000, 0x0000000083c00000, 0x0000000083d00000|  0%| F|  |TAMS 0x0000000083c00000, 0x0000000083c00000| Untracked 
|  61|0x0000000083d00000, 0x0000000083d00000, 0x0000000083e00000|  0%| F|  |TAMS 0x0000000083d00000, 0x0000000083d00000| Untracked 
|  62|0x0000000083e00000, 0x0000000083e00000, 0x0000000083f00000|  0%| F|  |TAMS 0x0000000083e00000, 0x0000000083e00000| Untracked 
|  63|0x0000000083f00000, 0x0000000083f00000, 0x0000000084000000|  0%| F|  |TAMS 0x0000000083f00000, 0x0000000083f00000| Untracked 
|  64|0x0000000084000000, 0x0000000084000000, 0x0000000084100000|  0%| F|  |TAMS 0x0000000084000000, 0x0000000084000000| Untracked 
|  65|0x0000000084100000, 0x0000000084100000, 0x0000000084200000|  0%| F|  |TAMS 0x0000000084100000, 0x0000000084100000| Untracked 
|  66|0x0000000084200000, 0x0000000084200000, 0x0000000084300000|  0%| F|  |TAMS 0x0000000084200000, 0x0000000084200000| Untracked 
|  67|0x0000000084300000, 0x0000000084300000, 0x0000000084400000|  0%| F|  |TAMS 0x0000000084300000, 0x0000000084300000| Untracked 
|  68|0x0000000084400000, 0x0000000084400000, 0x0000000084500000|  0%| F|  |TAMS 0x0000000084400000, 0x0000000084400000| Untracked 
|  69|0x0000000084500000, 0x0000000084500000, 0x0000000084600000|  0%| F|  |TAMS 0x0000000084500000, 0x0000000084500000| Untracked 
|  70|0x0000000084600000, 0x0000000084600000, 0x0000000084700000|  0%| F|  |TAMS 0x0000000084600000, 0x0000000084600000| Untracked 
|  71|0x0000000084700000, 0x0000000084700000, 0x0000000084800000|  0%| F|  |TAMS 0x0000000084700000, 0x0000000084700000| Untracked 
|  72|0x0000000084800000, 0x0000000084800000, 0x0000000084900000|  0%| F|  |TAMS 0x0000000084800000, 0x0000000084800000| Untracked 
|  73|0x0000000084900000, 0x0000000084900000, 0x0000000084a00000|  0%| F|  |TAMS 0x0000000084900000, 0x0000000084900000| Untracked 
|  74|0x0000000084a00000, 0x0000000084a00000, 0x0000000084b00000|  0%| F|  |TAMS 0x0000000084a00000, 0x0000000084a00000| Untracked 
|  75|0x0000000084b00000, 0x0000000084b00000, 0x0000000084c00000|  0%| F|  |TAMS 0x0000000084b00000, 0x0000000084b00000| Untracked 
|  76|0x0000000084c00000, 0x0000000084c00000, 0x0000000084d00000|  0%| F|  |TAMS 0x0000000084c00000, 0x0000000084c00000| Untracked 
|  77|0x0000000084d00000, 0x0000000084d00000, 0x0000000084e00000|  0%| F|  |TAMS 0x0000000084d00000, 0x0000000084d00000| Untracked 
|  78|0x0000000084e00000, 0x0000000084e00000, 0x0000000084f00000|  0%| F|  |TAMS 0x0000000084e00000, 0x0000000084e00000| Untracked 
|  79|0x0000000084f00000, 0x0000000084f00000, 0x0000000085000000|  0%| F|  |TAMS 0x0000000084f00000, 0x0000000084f00000| Untracked 
|  80|0x0000000085000000, 0x0000000085000000, 0x0000000085100000|  0%| F|  |TAMS 0x0000000085000000, 0x0000000085000000| Untracked 
|  81|0x0000000085100000, 0x0000000085100000, 0x0000000085200000|  0%| F|  |TAMS 0x0000000085100000, 0x0000000085100000| Untracked 
|  82|0x0000000085200000, 0x0000000085200000, 0x0000000085300000|  0%| F|  |TAMS 0x0000000085200000, 0x0000000085200000| Untracked 
|  83|0x0000000085300000, 0x0000000085300000, 0x0000000085400000|  0%| F|  |TAMS 0x0000000085300000, 0x0000000085300000| Untracked 
|  84|0x0000000085400000, 0x0000000085400000, 0x0000000085500000|  0%| F|  |TAMS 0x0000000085400000, 0x0000000085400000| Untracked 
|  85|0x0000000085500000, 0x0000000085500000, 0x0000000085600000|  0%| F|  |TAMS 0x0000000085500000, 0x0000000085500000| Untracked 
|  86|0x0000000085600000, 0x0000000085600000, 0x0000000085700000|  0%| F|  |TAMS 0x0000000085600000, 0x0000000085600000| Untracked 
|  87|0x0000000085700000, 0x0000000085700000, 0x0000000085800000|  0%| F|  |TAMS 0x0000000085700000, 0x0000000085700000| Untracked 
|  88|0x0000000085800000, 0x0000000085800000, 0x0000000085900000|  0%| F|  |TAMS 0x0000000085800000, 0x0000000085800000| Untracked 
|  89|0x0000000085900000, 0x0000000085900000, 0x0000000085a00000|  0%| F|  |TAMS 0x0000000085900000, 0x0000000085900000| Untracked 
|  90|0x0000000085a00000, 0x0000000085a00000, 0x0000000085b00000|  0%| F|  |TAMS 0x0000000085a00000, 0x0000000085a00000| Untracked 
|  91|0x0000000085b00000, 0x0000000085b00000, 0x0000000085c00000|  0%| F|  |TAMS 0x0000000085b00000, 0x0000000085b00000| Untracked 
|  92|0x0000000085c00000, 0x0000000085c5ffe8, 0x0000000085d00000| 37%| S|CS|TAMS 0x0000000085c00000, 0x0000000085c00000| Complete 
|  93|0x0000000085d00000, 0x0000000085e00000, 0x0000000085e00000|100%| S|CS|TAMS 0x0000000085d00000, 0x0000000085d00000| Complete 
|  94|0x0000000085e00000, 0x0000000085f00000, 0x0000000085f00000|100%| S|CS|TAMS 0x0000000085e00000, 0x0000000085e00000| Complete 
|  95|0x0000000085f00000, 0x0000000086000000, 0x0000000086000000|100%| S|CS|TAMS 0x0000000085f00000, 0x0000000085f00000| Complete 
|  96|0x0000000086000000, 0x0000000086100000, 0x0000000086100000|100%| S|CS|TAMS 0x0000000086000000, 0x0000000086000000| Complete 
|  97|0x0000000086100000, 0x0000000086200000, 0x0000000086200000|100%| S|CS|TAMS 0x0000000086100000, 0x0000000086100000| Complete 
|  98|0x0000000086200000, 0x0000000086300000, 0x0000000086300000|100%| S|CS|TAMS 0x0000000086200000, 0x0000000086200000| Complete 
|  99|0x0000000086300000, 0x0000000086400000, 0x0000000086400000|100%| S|CS|TAMS 0x0000000086300000, 0x0000000086300000| Complete 
| 100|0x0000000086400000, 0x0000000086500000, 0x0000000086500000|100%| S|CS|TAMS 0x0000000086400000, 0x0000000086400000| Complete 
| 101|0x0000000086500000, 0x0000000086600000, 0x0000000086600000|100%| S|CS|TAMS 0x0000000086500000, 0x0000000086500000| Complete 
| 102|0x0000000086600000, 0x0000000086600000, 0x0000000086700000|  0%| F|  |TAMS 0x0000000086600000, 0x0000000086600000| Untracked 
| 103|0x0000000086700000, 0x0000000086700000, 0x0000000086800000|  0%| F|  |TAMS 0x0000000086700000, 0x0000000086700000| Untracked 
| 104|0x0000000086800000, 0x0000000086800000, 0x0000000086900000|  0%| F|  |TAMS 0x0000000086800000, 0x0000000086800000| Untracked 
| 105|0x0000000086900000, 0x0000000086900000, 0x0000000086a00000|  0%| F|  |TAMS 0x0000000086900000, 0x0000000086900000| Untracked 
| 106|0x0000000086a00000, 0x0000000086a00000, 0x0000000086b00000|  0%| F|  |TAMS 0x0000000086a00000, 0x0000000086a00000| Untracked 
| 107|0x0000000086b00000, 0x0000000086b00000, 0x0000000086c00000|  0%| F|  |TAMS 0x0000000086b00000, 0x0000000086b00000| Untracked 
| 108|0x0000000086c00000, 0x0000000086c00000, 0x0000000086d00000|  0%| F|  |TAMS 0x0000000086c00000, 0x0000000086c00000| Untracked 
| 109|0x0000000086d00000, 0x0000000086d00000, 0x0000000086e00000|  0%| F|  |TAMS 0x0000000086d00000, 0x0000000086d00000| Untracked 
| 110|0x0000000086e00000, 0x0000000086e00000, 0x0000000086f00000|  0%| F|  |TAMS 0x0000000086e00000, 0x0000000086e00000| Untracked 
| 111|0x0000000086f00000, 0x0000000086f00000, 0x0000000087000000|  0%| F|  |TAMS 0x0000000086f00000, 0x0000000086f00000| Untracked 
| 112|0x0000000087000000, 0x0000000087000000, 0x0000000087100000|  0%| F|  |TAMS 0x0000000087000000, 0x0000000087000000| Untracked 
| 113|0x0000000087100000, 0x00000000871914d0, 0x0000000087200000| 56%| E|  |TAMS 0x0000000087100000, 0x0000000087100000| Complete 
| 114|0x0000000087200000, 0x0000000087300000, 0x0000000087300000|100%| E|CS|TAMS 0x0000000087200000, 0x0000000087200000| Complete 
| 115|0x0000000087300000, 0x0000000087400000, 0x0000000087400000|100%| E|CS|TAMS 0x0000000087300000, 0x0000000087300000| Complete 
| 116|0x0000000087400000, 0x0000000087500000, 0x0000000087500000|100%| E|CS|TAMS 0x0000000087400000, 0x0000000087400000| Complete 
| 117|0x0000000087500000, 0x0000000087600000, 0x0000000087600000|100%| E|CS|TAMS 0x0000000087500000, 0x0000000087500000| Complete 
| 118|0x0000000087600000, 0x0000000087700000, 0x0000000087700000|100%| E|CS|TAMS 0x0000000087600000, 0x0000000087600000| Complete 
| 119|0x0000000087700000, 0x0000000087800000, 0x0000000087800000|100%| E|CS|TAMS 0x0000000087700000, 0x0000000087700000| Complete 
| 120|0x0000000087800000, 0x0000000087900000, 0x0000000087900000|100%| E|CS|TAMS 0x0000000087800000, 0x0000000087800000| Complete 
| 121|0x0000000087900000, 0x0000000087a00000, 0x0000000087a00000|100%| E|CS|TAMS 0x0000000087900000, 0x0000000087900000| Complete 
| 122|0x0000000087a00000, 0x0000000087b00000, 0x0000000087b00000|100%| E|CS|TAMS 0x0000000087a00000, 0x0000000087a00000| Complete 
| 123|0x0000000087b00000, 0x0000000087c00000, 0x0000000087c00000|100%| E|CS|TAMS 0x0000000087b00000, 0x0000000087b00000| Complete 
| 124|0x0000000087c00000, 0x0000000087d00000, 0x0000000087d00000|100%| E|CS|TAMS 0x0000000087c00000, 0x0000000087c00000| Complete 
| 125|0x0000000087d00000, 0x0000000087e00000, 0x0000000087e00000|100%| E|CS|TAMS 0x0000000087d00000, 0x0000000087d00000| Complete 
| 126|0x0000000087e00000, 0x0000000087f00000, 0x0000000087f00000|100%| E|CS|TAMS 0x0000000087e00000, 0x0000000087e00000| Complete 
| 127|0x0000000087f00000, 0x0000000088000000, 0x0000000088000000|100%| E|  |TAMS 0x0000000087f00000, 0x0000000087f00000| Complete 
| 128|0x0000000088000000, 0x0000000088100000, 0x0000000088100000|100%| E|CS|TAMS 0x0000000088000000, 0x0000000088000000| Complete 
| 129|0x0000000088100000, 0x0000000088200000, 0x0000000088200000|100%| E|CS|TAMS 0x0000000088100000, 0x0000000088100000| Complete 
| 130|0x0000000088200000, 0x0000000088300000, 0x0000000088300000|100%| E|CS|TAMS 0x0000000088200000, 0x0000000088200000| Complete 
| 131|0x0000000088300000, 0x0000000088400000, 0x0000000088400000|100%| E|CS|TAMS 0x0000000088300000, 0x0000000088300000| Complete 
| 132|0x0000000088400000, 0x0000000088500000, 0x0000000088500000|100%| E|CS|TAMS 0x0000000088400000, 0x0000000088400000| Complete 
| 133|0x0000000088500000, 0x0000000088600000, 0x0000000088600000|100%| E|CS|TAMS 0x0000000088500000, 0x0000000088500000| Complete 
| 134|0x0000000088600000, 0x0000000088700000, 0x0000000088700000|100%| E|CS|TAMS 0x0000000088600000, 0x0000000088600000| Complete 
| 135|0x0000000088700000, 0x0000000088800000, 0x0000000088800000|100%| E|CS|TAMS 0x0000000088700000, 0x0000000088700000| Complete 
| 136|0x0000000088800000, 0x0000000088900000, 0x0000000088900000|100%| E|CS|TAMS 0x0000000088800000, 0x0000000088800000| Complete 
| 137|0x0000000088900000, 0x0000000088a00000, 0x0000000088a00000|100%| E|CS|TAMS 0x0000000088900000, 0x0000000088900000| Complete 
| 138|0x0000000088a00000, 0x0000000088b00000, 0x0000000088b00000|100%| E|CS|TAMS 0x0000000088a00000, 0x0000000088a00000| Complete 
| 139|0x0000000088b00000, 0x0000000088c00000, 0x0000000088c00000|100%| E|CS|TAMS 0x0000000088b00000, 0x0000000088b00000| Complete 
| 140|0x0000000088c00000, 0x0000000088d00000, 0x0000000088d00000|100%| E|CS|TAMS 0x0000000088c00000, 0x0000000088c00000| Complete 
| 141|0x0000000088d00000, 0x0000000088e00000, 0x0000000088e00000|100%| E|CS|TAMS 0x0000000088d00000, 0x0000000088d00000| Complete 
| 142|0x0000000088e00000, 0x0000000088f00000, 0x0000000088f00000|100%| E|CS|TAMS 0x0000000088e00000, 0x0000000088e00000| Complete 
| 143|0x0000000088f00000, 0x0000000089000000, 0x0000000089000000|100%| E|CS|TAMS 0x0000000088f00000, 0x0000000088f00000| Complete 
| 144|0x0000000089000000, 0x0000000089100000, 0x0000000089100000|100%| E|CS|TAMS 0x0000000089000000, 0x0000000089000000| Complete 
| 145|0x0000000089100000, 0x0000000089200000, 0x0000000089200000|100%| E|CS|TAMS 0x0000000089100000, 0x0000000089100000| Complete 
| 146|0x0000000089200000, 0x0000000089300000, 0x0000000089300000|100%| E|CS|TAMS 0x0000000089200000, 0x0000000089200000| Complete 
| 147|0x0000000089300000, 0x0000000089400000, 0x0000000089400000|100%| E|CS|TAMS 0x0000000089300000, 0x0000000089300000| Complete 
| 148|0x0000000089400000, 0x0000000089500000, 0x0000000089500000|100%| E|CS|TAMS 0x0000000089400000, 0x0000000089400000| Complete 
| 149|0x0000000089500000, 0x0000000089600000, 0x0000000089600000|100%| E|CS|TAMS 0x0000000089500000, 0x0000000089500000| Complete 
| 150|0x0000000089600000, 0x0000000089700000, 0x0000000089700000|100%| E|CS|TAMS 0x0000000089600000, 0x0000000089600000| Complete 
| 151|0x0000000089700000, 0x0000000089800000, 0x0000000089800000|100%| E|CS|TAMS 0x0000000089700000, 0x0000000089700000| Complete 
| 152|0x0000000089800000, 0x0000000089900000, 0x0000000089900000|100%| E|CS|TAMS 0x0000000089800000, 0x0000000089800000| Complete 
| 153|0x0000000089900000, 0x0000000089a00000, 0x0000000089a00000|100%| E|CS|TAMS 0x0000000089900000, 0x0000000089900000| Complete 
| 154|0x0000000089a00000, 0x0000000089b00000, 0x0000000089b00000|100%| E|CS|TAMS 0x0000000089a00000, 0x0000000089a00000| Complete 
| 155|0x0000000089b00000, 0x0000000089c00000, 0x0000000089c00000|100%| E|CS|TAMS 0x0000000089b00000, 0x0000000089b00000| Complete 
| 156|0x0000000089c00000, 0x0000000089d00000, 0x0000000089d00000|100%| E|CS|TAMS 0x0000000089c00000, 0x0000000089c00000| Complete 
| 157|0x0000000089d00000, 0x0000000089e00000, 0x0000000089e00000|100%| E|CS|TAMS 0x0000000089d00000, 0x0000000089d00000| Complete 
| 158|0x0000000089e00000, 0x0000000089f00000, 0x0000000089f00000|100%| E|CS|TAMS 0x0000000089e00000, 0x0000000089e00000| Complete 
| 159|0x0000000089f00000, 0x000000008a000000, 0x000000008a000000|100%| E|CS|TAMS 0x0000000089f00000, 0x0000000089f00000| Complete 
| 160|0x000000008a000000, 0x000000008a100000, 0x000000008a100000|100%| E|CS|TAMS 0x000000008a000000, 0x000000008a000000| Complete 
| 161|0x000000008a100000, 0x000000008a200000, 0x000000008a200000|100%| E|CS|TAMS 0x000000008a100000, 0x000000008a100000| Complete 
| 162|0x000000008a200000, 0x000000008a300000, 0x000000008a300000|100%| E|CS|TAMS 0x000000008a200000, 0x000000008a200000| Complete 
| 163|0x000000008a300000, 0x000000008a400000, 0x000000008a400000|100%| E|CS|TAMS 0x000000008a300000, 0x000000008a300000| Complete 
| 164|0x000000008a400000, 0x000000008a500000, 0x000000008a500000|100%| E|CS|TAMS 0x000000008a400000, 0x000000008a400000| Complete 
| 165|0x000000008a500000, 0x000000008a600000, 0x000000008a600000|100%| E|CS|TAMS 0x000000008a500000, 0x000000008a500000| Complete 
| 166|0x000000008a600000, 0x000000008a700000, 0x000000008a700000|100%| E|CS|TAMS 0x000000008a600000, 0x000000008a600000| Complete 
| 167|0x000000008a700000, 0x000000008a800000, 0x000000008a800000|100%| E|CS|TAMS 0x000000008a700000, 0x000000008a700000| Complete 
| 168|0x000000008a800000, 0x000000008a900000, 0x000000008a900000|100%| E|CS|TAMS 0x000000008a800000, 0x000000008a800000| Complete 
| 169|0x000000008a900000, 0x000000008aa00000, 0x000000008aa00000|100%| E|CS|TAMS 0x000000008a900000, 0x000000008a900000| Complete 
| 170|0x000000008aa00000, 0x000000008ab00000, 0x000000008ab00000|100%| E|CS|TAMS 0x000000008aa00000, 0x000000008aa00000| Complete 
| 171|0x000000008ab00000, 0x000000008ac00000, 0x000000008ac00000|100%| E|CS|TAMS 0x000000008ab00000, 0x000000008ab00000| Complete 
| 172|0x000000008ac00000, 0x000000008ad00000, 0x000000008ad00000|100%| E|CS|TAMS 0x000000008ac00000, 0x000000008ac00000| Complete 
| 173|0x000000008ad00000, 0x000000008ae00000, 0x000000008ae00000|100%| E|CS|TAMS 0x000000008ad00000, 0x000000008ad00000| Complete 
| 174|0x000000008ae00000, 0x000000008af00000, 0x000000008af00000|100%| E|CS|TAMS 0x000000008ae00000, 0x000000008ae00000| Complete 
| 175|0x000000008af00000, 0x000000008b000000, 0x000000008b000000|100%| E|CS|TAMS 0x000000008af00000, 0x000000008af00000| Complete 
| 176|0x000000008b000000, 0x000000008b100000, 0x000000008b100000|100%| E|CS|TAMS 0x000000008b000000, 0x000000008b000000| Complete 
| 177|0x000000008b100000, 0x000000008b200000, 0x000000008b200000|100%| E|CS|TAMS 0x000000008b100000, 0x000000008b100000| Complete 
| 178|0x000000008b200000, 0x000000008b300000, 0x000000008b300000|100%| E|CS|TAMS 0x000000008b200000, 0x000000008b200000| Complete 

Card table byte_map: [0x0000014bcfd90000,0x0000014bd0190000] _byte_map_base: 0x0000014bcf990000

Marking Bits (Prev, Next): (CMBitMap*) 0x0000014bbc47fd88, (CMBitMap*) 0x0000014bbc47fdc0
 Prev Bits: [0x0000014bd0590000, 0x0000014bd2590000)
 Next Bits: [0x0000014bd2590000, 0x0000014bd4590000)

Polling page: 0x0000014bbabf0000

Metaspace:

Usage:
  Non-class:     68.52 MB capacity,    67.19 MB ( 98%) used,     1.10 MB (  2%) free+waste,   238.06 KB ( <1%) overhead. 
      Class:     10.99 MB capacity,    10.16 MB ( 92%) used,   736.60 KB (  7%) free+waste,   110.81 KB ( <1%) overhead. 
       Both:     79.51 MB capacity,    77.36 MB ( 97%) used,     1.82 MB (  2%) free+waste,   348.88 KB ( <1%) overhead. 

Virtual space:
  Non-class space:       70.00 MB reserved,      68.75 MB ( 98%) committed 
      Class space:        1.00 GB reserved,      11.00 MB (  1%) committed 
             Both:        1.07 GB reserved,      79.75 MB (  7%) committed 

Chunk freelists:
   Non-Class:  42.00 KB
       Class:  9.00 KB
        Both:  51.00 KB

MaxMetaspaceSize: 17179869184.00 GB
CompressedClassSpaceSize: 1.00 GB

CodeHeap 'non-profiled nmethods': size=120000Kb used=5559Kb max_used=5559Kb free=114440Kb
 bounds [0x0000014bc7a00000, 0x0000014bc7f70000, 0x0000014bcef30000]
CodeHeap 'profiled nmethods': size=120000Kb used=18516Kb max_used=18516Kb free=101483Kb
 bounds [0x0000014bc04d0000, 0x0000014bc16f0000, 0x0000014bc7a00000]
CodeHeap 'non-nmethods': size=5760Kb used=2284Kb max_used=2354Kb free=3476Kb
 bounds [0x0000014bbff30000, 0x0000014bc01a0000, 0x0000014bc04d0000]
 total_blobs=9653 nmethods=8783 adapters=781
 compilation: enabled
              stopped_count=0, restarted_count=0
 full_count=0

Compilation events (20 events):
Event: 7.783 Thread 0x0000014bd709a000 nmethod 8749 0x0000014bc16c8310 code [0x0000014bc16c8500, 0x0000014bc16c8938]
Event: 7.783 Thread 0x0000014bd709a000 8750       3       org.gradle.api.internal.artifacts.transform.DefaultExtraExecutionGraphDependenciesResolverFactory$$Lambda$478/0x0000000100636c40::dependenciesFor (5 bytes)
Event: 7.783 Thread 0x0000014bd709a000 nmethod 8750 0x0000014bc16c8b10 code [0x0000014bc16c8cc0, 0x0000014bc16c8e18]
Event: 7.783 Thread 0x0000014bd709a000 8751       3       org.gradle.api.internal.artifacts.transform.DefaultExtraExecutionGraphDependenciesResolverFactory::lambda$static$0 (4 bytes)
Event: 7.783 Thread 0x0000014bd709a000 nmethod 8751 0x0000014bc16c8f10 code [0x0000014bc16c90c0, 0x0000014bc16c91b8]
Event: 7.783 Thread 0x0000014bd709a000 8746       3       org.gradle.api.internal.artifacts.transform.TransformationChain::visitTransformationSteps (21 bytes)
Event: 7.783 Thread 0x0000014bd709a000 nmethod 8746 0x0000014bc16c9290 code [0x0000014bc16c9460, 0x0000014bc16c96f8]
Event: 7.783 Thread 0x0000014bd709a000 8752       3       org.gradle.internal.component.model.AttributeMatchingExplanationBuilder::candidateDoesNotMatchAttributes (1 bytes)
Event: 7.783 Thread 0x0000014bd709a000 nmethod 8752 0x0000014bc16c9810 code [0x0000014bc16c99c0, 0x0000014bc16c9ab8]
Event: 7.784 Thread 0x0000014bd709a000 8753       3       org.gradle.api.internal.provider.AbstractMinimalProvider::unpackState (5 bytes)
Event: 7.784 Thread 0x0000014bd709a000 nmethod 8753 0x0000014bc16c9b90 code [0x0000014bc16c9d60, 0x0000014bc16ca0b8]
Event: 7.784 Thread 0x0000014bd709a000 8754       3       org.gradle.api.internal.provider.DefaultProperty::getFactoryId (4 bytes)
Event: 7.784 Thread 0x0000014bd709a000 nmethod 8754 0x0000014bc16ca190 code [0x0000014bc16ca340, 0x0000014bc16ca438]
Event: 7.784 Thread 0x0000014bd709a000 8755       3       org.gradle.api.internal.provider.ManagedFactories$PropertyManagedFactory::fromState (36 bytes)
Event: 7.785 Thread 0x0000014bd709a000 nmethod 8755 0x0000014bc16ca510 code [0x0000014bc16ca800, 0x0000014bc16cb9a8]
Event: 7.785 Thread 0x0000014bd709a000 8757       3       org.gradle.api.internal.artifacts.transform.TransformationStep::isolateParametersIfNotAlready (10 bytes)
Event: 7.785 Thread 0x0000014bd709a000 nmethod 8757 0x0000014bc16cbf90 code [0x0000014bc16cc140, 0x0000014bc16cc308]
Event: 7.785 Thread 0x0000014bd709a000 8764       3       org.gradle.api.internal.artifacts.transform.DefaultTransformerInvocationFactory$1::mapResult (14 bytes)
Event: 7.785 Thread 0x0000014bd709a000 nmethod 8764 0x0000014bc16cc410 code [0x0000014bc16cc620, 0x0000014bc16ccbe8]
Event: 7.785 Thread 0x0000014bd709a000 8758       3       org.gradle.api.internal.artifacts.transform.DefaultTransformer::isolateParametersIfNotAlready (8 bytes)

GC Heap History (20 events):
Event: 1.590 GC heap before
{Heap before GC invocations=2 (full 0):
 garbage-first heap   total 126976K, used 38229K [0x0000000080000000, 0x0000000100000000)
  region size 1024K, 33 young (33792K), 10 survivors (10240K)
 Metaspace       used 20611K, capacity 21140K, committed 21248K, reserved 1067008K
  class space    used 2530K, capacity 2728K, committed 2816K, reserved 1048576K
}
Event: 1.595 GC heap after
{Heap after GC invocations=3 (full 0):
 garbage-first heap   total 126976K, used 16957K [0x0000000080000000, 0x0000000100000000)
  region size 1024K, 1 young (1024K), 1 survivors (1024K)
 Metaspace       used 20611K, capacity 21140K, committed 21248K, reserved 1067008K
  class space    used 2530K, capacity 2728K, committed 2816K, reserved 1048576K
}
Event: 2.073 GC heap before
{Heap before GC invocations=4 (full 0):
 garbage-first heap   total 126976K, used 75325K [0x0000000080000000, 0x0000000100000000)
  region size 1024K, 58 young (59392K), 1 survivors (1024K)
 Metaspace       used 26268K, capacity 26938K, committed 27008K, reserved 1073152K
  class space    used 3460K, capacity 3709K, committed 3712K, reserved 1048576K
}
Event: 2.075 GC heap after
{Heap after GC invocations=5 (full 0):
 garbage-first heap   total 126976K, used 18695K [0x0000000080000000, 0x0000000100000000)
  region size 1024K, 3 young (3072K), 3 survivors (3072K)
 Metaspace       used 26268K, capacity 26938K, committed 27008K, reserved 1073152K
  class space    used 3460K, capacity 3709K, committed 3712K, reserved 1048576K
}
Event: 2.670 GC heap before
{Heap before GC invocations=5 (full 0):
 garbage-first heap   total 126976K, used 69895K [0x0000000080000000, 0x0000000100000000)
  region size 1024K, 54 young (55296K), 3 survivors (3072K)
 Metaspace       used 35040K, capacity 35798K, committed 35840K, reserved 1081344K
  class space    used 4547K, capacity 4832K, committed 4864K, reserved 1048576K
}
Event: 2.677 GC heap after
{Heap after GC invocations=6 (full 0):
 garbage-first heap   total 126976K, used 22071K [0x0000000080000000, 0x0000000100000000)
  region size 1024K, 6 young (6144K), 6 survivors (6144K)
 Metaspace       used 35040K, capacity 35798K, committed 35840K, reserved 1081344K
  class space    used 4547K, capacity 4832K, committed 4864K, reserved 1048576K
}
Event: 3.165 GC heap before
{Heap before GC invocations=7 (full 0):
 garbage-first heap   total 126976K, used 86583K [0x0000000080000000, 0x0000000100000000)
  region size 1024K, 67 young (68608K), 6 survivors (6144K)
 Metaspace       used 39466K, capacity 40430K, committed 40576K, reserved 1085440K
  class space    used 5058K, capacity 5390K, committed 5504K, reserved 1048576K
}
Event: 3.172 GC heap after
{Heap after GC invocations=8 (full 0):
 garbage-first heap   total 152576K, used 27234K [0x0000000080000000, 0x0000000100000000)
  region size 1024K, 9 young (9216K), 9 survivors (9216K)
 Metaspace       used 39466K, capacity 40430K, committed 40576K, reserved 1085440K
  class space    used 5058K, capacity 5390K, committed 5504K, reserved 1048576K
}
Event: 3.892 GC heap before
{Heap before GC invocations=8 (full 0):
 garbage-first heap   total 152576K, used 100962K [0x0000000080000000, 0x0000000100000000)
  region size 1024K, 80 young (81920K), 9 survivors (9216K)
 Metaspace       used 45807K, capacity 46952K, committed 47104K, reserved 1089536K
  class space    used 5883K, capacity 6300K, committed 6400K, reserved 1048576K
}
Event: 3.898 GC heap after
{Heap after GC invocations=9 (full 0):
 garbage-first heap   total 152576K, used 30146K [0x0000000080000000, 0x0000000100000000)
  region size 1024K, 8 young (8192K), 8 survivors (8192K)
 Metaspace       used 45807K, capacity 46952K, committed 47104K, reserved 1089536K
  class space    used 5883K, capacity 6300K, committed 6400K, reserved 1048576K
}
Event: 4.667 GC heap before
{Heap before GC invocations=9 (full 0):
 garbage-first heap   total 152576K, used 107970K [0x0000000080000000, 0x0000000100000000)
  region size 1024K, 81 young (82944K), 8 survivors (8192K)
 Metaspace       used 51891K, capacity 53297K, committed 53504K, reserved 1095680K
  class space    used 6627K, capacity 7141K, committed 7168K, reserved 1048576K
}
Event: 4.673 GC heap after
{Heap after GC invocations=10 (full 0):
 garbage-first heap   total 152576K, used 42054K [0x0000000080000000, 0x0000000100000000)
  region size 1024K, 11 young (11264K), 11 survivors (11264K)
 Metaspace       used 51891K, capacity 53297K, committed 53504K, reserved 1095680K
  class space    used 6627K, capacity 7141K, committed 7168K, reserved 1048576K
}
Event: 5.153 GC heap before
{Heap before GC invocations=10 (full 0):
 garbage-first heap   total 152576K, used 81990K [0x0000000080000000, 0x0000000100000000)
  region size 1024K, 51 young (52224K), 11 survivors (11264K)
 Metaspace       used 58561K, capacity 60052K, committed 60160K, reserved 1101824K
  class space    used 7442K, capacity 7981K, committed 8064K, reserved 1048576K
}
Event: 5.165 GC heap after
{Heap after GC invocations=11 (full 0):
 garbage-first heap   total 152576K, used 45320K [0x0000000080000000, 0x0000000100000000)
  region size 1024K, 3 young (3072K), 3 survivors (3072K)
 Metaspace       used 58561K, capacity 60052K, committed 60160K, reserved 1101824K
  class space    used 7442K, capacity 7981K, committed 8064K, reserved 1048576K
}
Event: 5.669 GC heap before
{Heap before GC invocations=12 (full 0):
 garbage-first heap   total 152576K, used 105736K [0x0000000080000000, 0x0000000100000000)
  region size 1024K, 62 young (63488K), 3 survivors (3072K)
 Metaspace       used 63158K, capacity 64696K, committed 65024K, reserved 1105920K
  class space    used 8050K, capacity 8618K, committed 8704K, reserved 1048576K
}
Event: 5.678 GC heap after
{Heap after GC invocations=13 (full 0):
 garbage-first heap   total 183296K, used 49718K [0x0000000080000000, 0x0000000100000000)
  region size 1024K, 8 young (8192K), 8 survivors (8192K)
 Metaspace       used 63158K, capacity 64696K, committed 65024K, reserved 1105920K
  class space    used 8050K, capacity 8618K, committed 8704K, reserved 1048576K
}
Event: 6.412 GC heap before
{Heap before GC invocations=14 (full 0):
 garbage-first heap   total 183296K, used 121398K [0x0000000080000000, 0x0000000100000000)
  region size 1024K, 78 young (79872K), 8 survivors (8192K)
 Metaspace       used 69512K, capacity 71137K, committed 71424K, reserved 1112064K
  class space    used 9031K, capacity 9624K, committed 9728K, reserved 1048576K
}
Event: 6.421 GC heap after
{Heap after GC invocations=15 (full 0):
 garbage-first heap   total 183296K, used 54794K [0x0000000080000000, 0x0000000100000000)
  region size 1024K, 6 young (6144K), 6 survivors (6144K)
 Metaspace       used 69512K, capacity 71137K, committed 71424K, reserved 1112064K
  class space    used 9031K, capacity 9624K, committed 9728K, reserved 1048576K
}
Event: 7.136 GC heap before
{Heap before GC invocations=15 (full 0):
 garbage-first heap   total 183296K, used 127498K [0x0000000080000000, 0x0000000100000000)
  region size 1024K, 77 young (78848K), 6 survivors (6144K)
 Metaspace       used 76956K, capacity 78796K, committed 78848K, reserved 1118208K
  class space    used 10088K, capacity 10736K, committed 10752K, reserved 1048576K
}
Event: 7.142 GC heap after
{Heap after GC invocations=16 (full 0):
 garbage-first heap   total 183296K, used 59119K [0x0000000080000000, 0x0000000100000000)
  region size 1024K, 10 young (10240K), 10 survivors (10240K)
 Metaspace       used 76956K, capacity 78796K, committed 78848K, reserved 1118208K
  class space    used 10088K, capacity 10736K, committed 10752K, reserved 1048576K
}

Deoptimization events (20 events):
Event: 7.570 Thread 0x0000014bda4db000 Uncommon trap: trap_request=0xffffff4d fr.pc=0x0000014bc7f19e10 relative=0x0000000000000210
Event: 7.570 Thread 0x0000014bda4db000 Uncommon trap: reason=unstable_if action=reinterpret pc=0x0000014bc7f19e10 method=org.gradle.internal.file.DefaultFileHierarchySet$Node.isChildOfOrThis(Ljava/lang/String;I)Z @ 72 c2
Event: 7.570 Thread 0x0000014bda4db000 DEOPT PACKING pc=0x0000014bc7f19e10 sp=0x000000413e5fb230
Event: 7.570 Thread 0x0000014bda4db000 DEOPT UNPACKING pc=0x0000014bbff383af sp=0x000000413e5fb1b8 mode 2
Event: 7.572 Thread 0x0000014bda4db000 Uncommon trap: trap_request=0xffffff4d fr.pc=0x0000014bc7f0782c relative=0x000000000000038c
Event: 7.572 Thread 0x0000014bda4db000 Uncommon trap: reason=unstable_if action=reinterpret pc=0x0000014bc7f0782c method=java.util.stream.StreamOpFlag.getMask(I)I @ 1 c2
Event: 7.572 Thread 0x0000014bda4db000 DEOPT PACKING pc=0x0000014bc7f0782c sp=0x000000413e5fb9c0
Event: 7.572 Thread 0x0000014bda4db000 DEOPT UNPACKING pc=0x0000014bbff383af sp=0x000000413e5fb8b0 mode 2
Event: 7.603 Thread 0x0000014bda4d3800 Uncommon trap: trap_request=0xffffffcc fr.pc=0x0000014bc7f42048 relative=0x0000000000000308
Event: 7.603 Thread 0x0000014bda4d3800 Uncommon trap: reason=intrinsic_or_type_checked_inlining action=make_not_entrant pc=0x0000014bc7f42048 method=java.util.Arrays.copyOfRange([Ljava/lang/Object;IILjava/lang/Class;)[Ljava/lang/Object; @ 83 c2
Event: 7.603 Thread 0x0000014bda4d3800 DEOPT PACKING pc=0x0000014bc7f42048 sp=0x000000413d9fb9f0
Event: 7.603 Thread 0x0000014bda4d3800 DEOPT UNPACKING pc=0x0000014bbff383af sp=0x000000413d9fb970 mode 2
Event: 7.629 Thread 0x0000014bda4db000 DEOPT PACKING pc=0x0000014bc1341132 sp=0x000000413e5fdb90
Event: 7.629 Thread 0x0000014bda4db000 DEOPT UNPACKING pc=0x0000014bbff58ede sp=0x000000413e5fd0f0 mode 0
Event: 7.660 Thread 0x0000014bda4db000 DEOPT PACKING pc=0x0000014bc13410e7 sp=0x000000413e5fd370
Event: 7.660 Thread 0x0000014bda4db000 DEOPT UNPACKING pc=0x0000014bbff58ede sp=0x000000413e5fc8d0 mode 0
Event: 7.709 Thread 0x0000014bda4db000 DEOPT PACKING pc=0x0000014bc14fc4b1 sp=0x000000413e5fbb70
Event: 7.709 Thread 0x0000014bda4db000 DEOPT UNPACKING pc=0x0000014bbff58ede sp=0x000000413e5fb038 mode 0
Event: 7.781 Thread 0x0000014bda4db000 DEOPT PACKING pc=0x0000014bc15e9a76 sp=0x000000413e5fc5d0
Event: 7.781 Thread 0x0000014bda4db000 DEOPT UNPACKING pc=0x0000014bbff58ede sp=0x000000413e5fbaf0 mode 0

Classes redefined (0 events):
No events

Internal exceptions (20 events):
Event: 6.906 Thread 0x0000014bd9ea0000 Exception <a 'java/lang/NoSuchMethodError'{0x000000008822b348}: 'java.lang.Object java.lang.invoke.Invokers$Holder.linkToTargetMethod(java.lang.Object, int, int, java.lang.Object)'> (0x000000008822b348) thrown at [./src/hotspot/share/interpreter/linkResolver.cpp, line 773]
Event: 7.102 Thread 0x0000014bd9a24800 Exception <a 'java/lang/NoSuchMethodError'{0x0000000086f057a0}: <clinit>> (0x0000000086f057a0) thrown at [./src/hotspot/share/prims/jni.cpp, line 1362]
Event: 7.102 Thread 0x0000014bd9a24800 Exception <a 'java/lang/NoSuchMethodError'{0x0000000086f0f760}: <clinit>> (0x0000000086f0f760) thrown at [./src/hotspot/share/prims/jni.cpp, line 1362]
Event: 7.105 Thread 0x0000014bd9a24800 Exception <a 'java/lang/NoSuchMethodError'{0x0000000086f47d58}: <clinit>> (0x0000000086f47d58) thrown at [./src/hotspot/share/prims/jni.cpp, line 1362]
Event: 7.106 Thread 0x0000014bd9a24800 Exception <a 'java/lang/NoSuchMethodError'{0x0000000086f866e8}: <clinit>> (0x0000000086f866e8) thrown at [./src/hotspot/share/prims/jni.cpp, line 1362]
Event: 7.107 Thread 0x0000014bd9a24800 Exception <a 'java/lang/NoSuchMethodError'{0x0000000086f87c20}: <clinit>> (0x0000000086f87c20) thrown at [./src/hotspot/share/prims/jni.cpp, line 1362]
Event: 7.119 Thread 0x0000014bda4d7000 Exception <a 'java/lang/NoSuchMethodError'{0x0000000086d947f8}: <clinit>> (0x0000000086d947f8) thrown at [./src/hotspot/share/prims/jni.cpp, line 1362]
Event: 7.122 Thread 0x0000014bda4d7000 Exception <a 'java/lang/NoSuchMethodError'{0x0000000086dc5a18}: <clinit>> (0x0000000086dc5a18) thrown at [./src/hotspot/share/prims/jni.cpp, line 1362]
Event: 7.123 Thread 0x0000014bda4d7000 Exception <a 'java/lang/NoSuchMethodError'{0x0000000086ddeca0}: <clinit>> (0x0000000086ddeca0) thrown at [./src/hotspot/share/prims/jni.cpp, line 1362]
Event: 7.152 Thread 0x0000014bd9a24800 Exception <a 'java/lang/NoSuchMethodError'{0x000000008b152940}: <clinit>> (0x000000008b152940) thrown at [./src/hotspot/share/prims/jni.cpp, line 1362]
Event: 7.166 Thread 0x0000014bda4db000 Exception <a 'java/lang/NoSuchMethodError'{0x000000008b086638}: 'java.lang.Object java.lang.invoke.Invokers$Holder.linkToTargetMethod(java.lang.Object, java.lang.Object, java.lang.Object, int, java.lang.Object, java.lang.Object)'> (0x000000008b086638) thrown at [./src/hotspot/share/interpreter/linkResolver.cpp, line 773]
Event: 7.307 Thread 0x0000014bdb74f000 Exception <a 'java/lang/NoSuchMethodError'{0x000000008a85f870}: 'void java.lang.invoke.DirectMethodHandle$Holder.invokeVirtual(java.lang.Object, java.lang.Object)'> (0x000000008a85f870) thrown at [./src/hotspot/share/interpreter/linkResolver.cpp, line 773]
Event: 7.316 Thread 0x0000014bdb74e000 Exception <a 'java/lang/NoSuchMethodError'{0x000000008a7d5a68}: 'java.lang.Object java.lang.invoke.DirectMethodHandle$Holder.invokeSpecialIFC(java.lang.Object, java.lang.Object, java.lang.Object)'> (0x000000008a7d5a68) thrown at [./src/hotspot/share/interpreter/linkResolver.cpp, line 773]
Event: 7.316 Thread 0x0000014bda4d2000 Exception <a 'java/lang/NoSuchMethodError'{0x000000008a76e988}: 'java.lang.Object java.lang.invoke.DirectMethodHandle$Holder.invokeSpecialIFC(java.lang.Object, java.lang.Object, java.lang.Object)'> (0x000000008a76e988) thrown at [./src/hotspot/share/interpreter/linkResolver.cpp, line 773]
Event: 7.316 Thread 0x0000014bdb749800 Exception <a 'java/lang/NoSuchMethodError'{0x000000008a7ebf70}: 'java.lang.Object java.lang.invoke.DirectMethodHandle$Holder.invokeSpecialIFC(java.lang.Object, java.lang.Object, java.lang.Object)'> (0x000000008a7ebf70) thrown at [./src/hotspot/share/interpreter/linkResolver.cpp, line 773]
Event: 7.317 Thread 0x0000014bda4d7800 Exception <a 'java/lang/NoSuchMethodError'{0x000000008a7ffc10}: 'java.lang.Object java.lang.invoke.DirectMethodHandle$Holder.invokeSpecialIFC(java.lang.Object, java.lang.Object, java.lang.Object)'> (0x000000008a7ffc10) thrown at [./src/hotspot/share/interpreter/linkResolver.cpp, line 773]
Event: 7.317 Thread 0x0000014bda4d3800 Exception <a 'java/lang/NoSuchMethodError'{0x000000008a7b52d8}: 'java.lang.Object java.lang.invoke.DirectMethodHandle$Holder.invokeSpecialIFC(java.lang.Object, java.lang.Object, java.lang.Object)'> (0x000000008a7b52d8) thrown at [./src/hotspot/share/interpreter/linkResolver.cpp, line 773]
Event: 7.317 Thread 0x0000014bdb74c800 Exception <a 'java/lang/NoSuchMethodError'{0x000000008a7c17b0}: 'java.lang.Object java.lang.invoke.DirectMethodHandle$Holder.invokeSpecialIFC(java.lang.Object, java.lang.Object, java.lang.Object)'> (0x000000008a7c17b0) thrown at [./src/hotspot/share/interpreter/linkResolver.cpp, line 773]
Event: 7.346 Thread 0x0000014bdb749800 Exception <a 'java/lang/NoSuchMethodError'{0x000000008a3ac1f0}: 'int java.lang.invoke.DirectMethodHandle$Holder.invokeStaticInit(java.lang.Object, java.lang.Object, java.lang.Object, java.lang.Object, java.lang.Object)'> (0x000000008a3ac1f0) thrown at [./src/hotspot/share/interpreter/linkResolver.cpp, line 773]
Event: 7.571 Thread 0x0000014bda4db000 Exception <a 'java/lang/IncompatibleClassChangeError'{0x00000000888319a0}: Found class java.lang.Object, but interface was expected> (0x00000000888319a0) thrown at [./src/hotspot/share/interpreter/linkResolver.cpp, line 839]

Events (20 events):
Event: 7.747 loading class com/google/common/collect/Maps$FilteredEntryMap$EntrySet$1
Event: 7.747 loading class com/google/common/collect/Maps$FilteredEntryMap$EntrySet$1 done
Event: 7.748 loading class com/google/common/collect/Maps$FilteredEntryMap$EntrySet$1$1
Event: 7.748 loading class com/google/common/collect/Maps$FilteredEntryMap$EntrySet$1$1 done
Event: 7.748 loading class com/google/common/collect/ForwardingMapEntry
Event: 7.748 loading class com/google/common/collect/ForwardingMapEntry done
Event: 7.748 loading class org/gradle/internal/execution/history/changes/DefaultIncrementalInputProperties
Event: 7.748 loading class org/gradle/internal/execution/history/changes/DefaultIncrementalInputProperties done
Event: 7.749 loading class org/gradle/internal/execution/history/changes/DefaultIncrementalInputProperties
Event: 7.749 loading class org/gradle/internal/execution/history/changes/DefaultIncrementalInputProperties done
Event: 7.753 loading class org/gradle/execution/plan/ValuedVfsHierarchy$ValueVisitor
Event: 7.753 loading class org/gradle/execution/plan/ValuedVfsHierarchy$ValueVisitor done
Event: 7.753 loading class org/gradle/execution/plan/ValuedVfsHierarchy$ValueVisitor
Event: 7.753 loading class org/gradle/execution/plan/ValuedVfsHierarchy$ValueVisitor done
Event: 7.753 loading class org/gradle/execution/plan/ValuedVfsHierarchy
Event: 7.753 loading class org/gradle/execution/plan/ValuedVfsHierarchy done
Event: 7.762 loading class org/gradle/internal/snapshot/impl/ListValueSnapshot
Event: 7.762 loading class org/gradle/internal/snapshot/impl/ListValueSnapshot done
Event: 7.763 loading class com/android/build/gradle/internal/core/VariantDslInfoImpl$computeApplicationIdSuffix$2
Event: 7.763 loading class com/android/build/gradle/internal/core/VariantDslInfoImpl$computeApplicationIdSuffix$2 done


Dynamic libraries:
0x00007ff7b7b80000 - 0x00007ff7b7b8a000 	D:\Android Studio\jre\bin\java.exe
0x00007ff88cbd0000 - 0x00007ff88cdc5000 	C:\Windows\SYSTEM32\ntdll.dll
0x00007ff88b0e0000 - 0x00007ff88b19e000 	C:\Windows\System32\KERNEL32.DLL
0x00007ff88a500000 - 0x00007ff88a7c8000 	C:\Windows\System32\KERNELBASE.dll
0x00007ff88a7d0000 - 0x00007ff88a8d0000 	C:\Windows\System32\ucrtbase.dll
0x00007ff873840000 - 0x00007ff873859000 	D:\Android Studio\jre\bin\jli.dll
0x00007ff86f070000 - 0x00007ff86f087000 	D:\Android Studio\jre\bin\VCRUNTIME140.dll
0x00007ff88b1a0000 - 0x00007ff88b341000 	C:\Windows\System32\USER32.dll
0x00007ff88a430000 - 0x00007ff88a452000 	C:\Windows\System32\win32u.dll
0x00007ff873580000 - 0x00007ff87381a000 	C:\Windows\WinSxS\amd64_microsoft.windows.common-controls_6595b64144ccf1df_6.0.19041.1110_none_60b5254171f9507e\COMCTL32.dll
0x00007ff88c9e0000 - 0x00007ff88ca0b000 	C:\Windows\System32\GDI32.dll
0x00007ff88b900000 - 0x00007ff88b99e000 	C:\Windows\System32\msvcrt.dll
0x00007ff88a920000 - 0x00007ff88aa2b000 	C:\Windows\System32\gdi32full.dll
0x00007ff88a460000 - 0x00007ff88a4fd000 	C:\Windows\System32\msvcp_win.dll
0x00007ff88c8e0000 - 0x00007ff88c910000 	C:\Windows\System32\IMM32.DLL
0x00007ff83ef90000 - 0x00007ff83f02d000 	D:\Android Studio\jre\bin\msvcp140.dll
0x00007ff825d60000 - 0x00007ff82682f000 	D:\Android Studio\jre\bin\server\jvm.dll
0x00007ff88b3d0000 - 0x00007ff88b47c000 	C:\Windows\System32\ADVAPI32.dll
0x00007ff88ca10000 - 0x00007ff88caab000 	C:\Windows\System32\sechost.dll
0x00007ff88bea0000 - 0x00007ff88bfca000 	C:\Windows\System32\RPCRT4.dll
0x00007ff88c870000 - 0x00007ff88c878000 	C:\Windows\System32\PSAPI.DLL
0x00007ff885a30000 - 0x00007ff885a39000 	C:\Windows\SYSTEM32\WSOCK32.dll
0x00007ff87f750000 - 0x00007ff87f75a000 	C:\Windows\SYSTEM32\VERSION.dll
0x00007ff86f450000 - 0x00007ff86f477000 	C:\Windows\SYSTEM32\WINMM.dll
0x00007ff88b360000 - 0x00007ff88b3cb000 	C:\Windows\System32\WS2_32.dll
0x00007ff888b70000 - 0x00007ff888b82000 	C:\Windows\SYSTEM32\kernel.appcore.dll
0x00007ff87d160000 - 0x00007ff87d171000 	D:\Android Studio\jre\bin\verify.dll
0x00007ff888870000 - 0x00007ff888a54000 	C:\Windows\SYSTEM32\DBGHELP.DLL
0x00007ff871490000 - 0x00007ff8714bc000 	C:\Windows\SYSTEM32\dbgcore.DLL
0x00007ff88aa30000 - 0x00007ff88aab3000 	C:\Windows\System32\bcryptPrimitives.dll
0x00007ff8778f0000 - 0x00007ff877919000 	D:\Android Studio\jre\bin\java.dll
0x00007ff87ee20000 - 0x00007ff87ee2b000 	D:\Android Studio\jre\bin\jimage.dll
0x00007ff877860000 - 0x00007ff877878000 	D:\Android Studio\jre\bin\zip.dll
0x00007ff88c080000 - 0x00007ff88c7bf000 	C:\Windows\System32\SHELL32.dll
0x00007ff888010000 - 0x00007ff8887a0000 	C:\Windows\SYSTEM32\windows.storage.dll
0x00007ff88bb40000 - 0x00007ff88be95000 	C:\Windows\System32\combase.dll
0x00007ff889d40000 - 0x00007ff889d6e000 	C:\Windows\SYSTEM32\Wldp.dll
0x00007ff88bfd0000 - 0x00007ff88c07d000 	C:\Windows\System32\SHCORE.dll
0x00007ff88b9a0000 - 0x00007ff88b9f5000 	C:\Windows\System32\shlwapi.dll
0x00007ff88a230000 - 0x00007ff88a24f000 	C:\Windows\SYSTEM32\profapi.dll
0x00007ff871620000 - 0x00007ff87163a000 	D:\Android Studio\jre\bin\net.dll
0x00007ff884800000 - 0x00007ff88490c000 	C:\Windows\SYSTEM32\WINHTTP.dll
0x00007ff889aa0000 - 0x00007ff889b0a000 	C:\Windows\system32\mswsock.dll
0x00007ff86d6c0000 - 0x00007ff86d6d4000 	D:\Android Studio\jre\bin\nio.dll
0x00007ff85a620000 - 0x00007ff85a647000 	C:\Users\Dell\.gradle\native\8bec1ad78214c89d9ad589b4d07fe93259594b29d510b10fafb7a158f7737e5d\windows-amd64\native-platform.dll
0x00007ff83de60000 - 0x00007ff83df9d000 	C:\Users\Dell\.gradle\native\53dbd7edfb1c66fb8903c78663c9afc45aea4f116125fa6feffd364cf09443e8\windows-amd64\native-platform-file-events.dll
0x00007ff87bcc0000 - 0x00007ff87bcca000 	D:\Android Studio\jre\bin\management.dll
0x00007ff877850000 - 0x00007ff87785c000 	D:\Android Studio\jre\bin\management_ext.dll
0x00007ff889c90000 - 0x00007ff889ca8000 	C:\Windows\SYSTEM32\CRYPTSP.dll
0x00007ff8893b0000 - 0x00007ff8893e4000 	C:\Windows\system32\rsaenh.dll
0x00007ff88a400000 - 0x00007ff88a427000 	C:\Windows\System32\bcrypt.dll
0x00007ff88a1b0000 - 0x00007ff88a1de000 	C:\Windows\SYSTEM32\USERENV.dll
0x00007ff889cb0000 - 0x00007ff889cbc000 	C:\Windows\SYSTEM32\CRYPTBASE.dll
0x00007ff889740000 - 0x00007ff88977b000 	C:\Windows\SYSTEM32\IPHLPAPI.DLL
0x00007ff88bb30000 - 0x00007ff88bb38000 	C:\Windows\System32\NSI.dll
0x00007ff87f8d0000 - 0x00007ff87f8e7000 	C:\Windows\SYSTEM32\dhcpcsvc6.DLL
0x00007ff87f730000 - 0x00007ff87f74d000 	C:\Windows\SYSTEM32\dhcpcsvc.DLL
0x00007ff889780000 - 0x00007ff88984b000 	C:\Windows\SYSTEM32\DNSAPI.dll

dbghelp: loaded successfully - version: 4.0.5 - missing functions: none
symbol engine: initialized successfully - sym options: 0x614 - pdb path: .;D:\Android Studio\jre\bin;C:\Windows\SYSTEM32;C:\Windows\WinSxS\amd64_microsoft.windows.common-controls_6595b64144ccf1df_6.0.19041.1110_none_60b5254171f9507e;D:\Android Studio\jre\bin\server;C:\Users\Dell\.gradle\native\8bec1ad78214c89d9ad589b4d07fe93259594b29d510b10fafb7a158f7737e5d\windows-amd64;C:\Users\Dell\.gradle\native\53dbd7edfb1c66fb8903c78663c9afc45aea4f116125fa6feffd364cf09443e8\windows-amd64

VM Arguments:
jvm_args: --add-opens=java.base/java.util=ALL-UNNAMED --add-opens=java.base/java.lang=ALL-UNNAMED --add-opens=java.base/java.lang.invoke=ALL-UNNAMED --add-opens=java.base/java.util=ALL-UNNAMED --add-opens=java.prefs/java.util.prefs=ALL-UNNAMED --add-opens=java.prefs/java.util.prefs=ALL-UNNAMED --add-opens=java.base/java.nio.charset=ALL-UNNAMED --add-opens=java.base/java.net=ALL-UNNAMED --add-opens=java.base/java.util.concurrent.atomic=ALL-UNNAMED -Xmx2048m -Dfile.encoding=UTF-8 -Duser.country=US -Duser.language=en -Duser.variant 
java_command: org.gradle.launcher.daemon.bootstrap.GradleDaemon 7.0.2
java_class_path (initial): C:\Users\Dell\.gradle\wrapper\dists\gradle-7.0.2-bin\857tjihv64xamwrf0h14cai3r\gradle-7.0.2\lib\gradle-launcher-7.0.2.jar
Launcher Type: SUN_STANDARD

[Global flags]
     intx CICompilerCount                          = 4                                         {product} {ergonomic}
     uint ConcGCThreads                            = 2                                         {product} {ergonomic}
     uint G1ConcRefinementThreads                  = 8                                         {product} {ergonomic}
   size_t G1HeapRegionSize                         = 1048576                                   {product} {ergonomic}
    uintx GCDrainStackTargetSize                   = 64                                        {product} {ergonomic}
   size_t InitialHeapSize                          = 130023424                                 {product} {ergonomic}
   size_t MarkStackSize                            = 4194304                                   {product} {ergonomic}
   size_t MaxHeapSize                              = 2147483648                                {product} {command line}
   size_t MaxNewSize                               = 1287651328                                {product} {ergonomic}
   size_t MinHeapDeltaBytes                        = 1048576                                   {product} {ergonomic}
    uintx NonNMethodCodeHeapSize                   = 5836300                                {pd product} {ergonomic}
    uintx NonProfiledCodeHeapSize                  = 122910970                              {pd product} {ergonomic}
    uintx ProfiledCodeHeapSize                     = 122910970                              {pd product} {ergonomic}
    uintx ReservedCodeCacheSize                    = 251658240                              {pd product} {ergonomic}
     bool SegmentedCodeCache                       = true                                      {product} {ergonomic}
     bool UseCompressedClassPointers               = true                                 {lp64_product} {ergonomic}
     bool UseCompressedOops                        = true                                 {lp64_product} {ergonomic}
     bool UseG1GC                                  = true                                      {product} {ergonomic}
     bool UseLargePagesIndividualAllocation        = false                                  {pd product} {ergonomic}

Logging:
Log output configuration:
 #0: stdout all=warning uptime,level,tags
 #1: stderr all=off uptime,level,tags

Environment Variables:
PATH=D:\VMware\bin\;C:\Program Files\Common Files\Oracle\Java\javapath;C:\Windows\system32;C:\Windows;C:\Windows\System32\Wbem;C:\Windows\System32\WindowsPowerShell\v1.0\;C:\Windows\System32\OpenSSH\;C:\Program Files\NVIDIA Corporation\NVIDIA NvDLISR;C:\Program Files\Microsoft SQL Server\Client SDK\ODBC\170\Tools\Binn\;C:\Program Files (x86)\Microsoft SQL Server\150\Tools\Binn\;C:\Program Files\Microsoft SQL Server\150\Tools\Binn\;C:\Program Files\Microsoft SQL Server\150\DTS\Binn\;C:\Program Files (x86)\Microsoft SQL Server\150\DTS\Binn\;C:\Program Files\Azure Data Studio\bin;C:\Program Files\Microsoft SQL Server\130\Tools\Binn\;D:\Git\Git\cmd;C:\Program Files (x86)\NVIDIA Corporation\PhysX\Common;D:\Xampp\php;C:\ProgramData\ComposerSetup\bin;C:\Users\Dell\AppData\Local\Microsoft\WindowsApps;;C:\Program Files\Azure Data Studio\bin;D:\Visual Studio Code\Microsoft VS Code\bin;C:\Users\Dell\AppData\Roaming\Composer\vendor\bin
USERNAME=Dell
OS=Windows_NT
PROCESSOR_IDENTIFIER=Intel64 Family 6 Model 140 Stepping 1, GenuineIntel



---------------  S Y S T E M  ---------------

OS: Windows 10 , 64 bit Build 19041 (10.0.19041.1348)
OS uptime: 0 days 19:45 hours

CPU:total 8 (initial active 8) (4 cores per cpu, 2 threads per core) family 6 model 140 stepping 1 microcode 0x86, cmov, cx8, fxsr, mmx, sse, sse2, sse3, ssse3, sse4.1, sse4.2, popcnt, avx, avx2, aes, clmul, erms, 3dnowpref, lzcnt, ht, tsc, tscinvbit, bmi1, bmi2, adx, evex, sha, fma

Memory: 4k page, system-wide physical 7914M (538M free)
TotalPageFile size 12214M (AvailPageFile size 6M)
current process WorkingSet (physical memory assigned to process): 428M, peak: 429M
current process commit charge ("private bytes"): 463M, peak: 464M

vm_info: OpenJDK 64-Bit Server VM (11.0.10+0-b96-7249189) for windows-amd64 JRE (11.0.10+0-b96-7249189), built on Mar 31 2021 21:44:00 by "builder" with MS VC++ 14.0 (VS2015)

END.
